<?xml version="1.0" encoding="UTF-8"?>
<testsuite name="SecurityScan" tests="1021" failures="1021" time="0">
    
    <testcase name="Vulnerability in @pact-foundation/pact" classname="dependencyVulnerabilities">
        
        <failure message="No description available">
            Location: {"file":"package.json","package":"@pact-foundation/pact","version":"unknown"}
            Remediation: Update @pact-foundation/pact to version 15.0.1
        </failure>
    </testcase>
    <testcase name="Vulnerability in @pact-foundation/pact-core" classname="dependencyVulnerabilities">
        
        <failure message="No description available">
            Location: {"file":"package.json","package":"@pact-foundation/pact-core","version":"unknown"}
            Remediation: Update @pact-foundation/pact-core to version 15.0.1
        </failure>
    </testcase>
    <testcase name="Vulnerability in cross-spawn" classname="dependencyVulnerabilities">
        
        <failure message="Regular Expression Denial of Service (ReDoS) in cross-spawn">
            Location: {"file":"package.json","package":"cross-spawn","version":">=7.0.0 <7.0.5"}
            Remediation: Update cross-spawn to version 15.0.1
        </failure>
    </testcase>
    <testcase name="Potential AWS Secret Key detected" classname="secretsDetection">
        
        <failure message="Potential hardcoded aws secret key found in source code">
            Location: {"file":"docker-compose.yml","line":134}
            Remediation: Move secret to environment variables or secure secret management system
        </failure>
    </testcase>
    <testcase name="Potential AWS Secret Key detected" classname="secretsDetection">
        
        <failure message="Potential hardcoded aws secret key found in source code">
            Location: {"file":"docs/workflows/examples/security-scan.yml","line":260}
            Remediation: Move secret to environment variables or secure secret management system
        </failure>
    </testcase>
    <testcase name="Potential Generic Secret detected" classname="secretsDetection">
        
        <failure message="Potential hardcoded generic secret found in source code">
            Location: {"file":"feature-flags.config.js","line":27}
            Remediation: Move secret to environment variables or secure secret management system
        </failure>
    </testcase>
    <testcase name="Potential Generic Secret detected" classname="secretsDetection">
        
        <failure message="Potential hardcoded generic secret found in source code">
            Location: {"file":"feature-flags.config.js","line":71}
            Remediation: Move secret to environment variables or secure secret management system
        </failure>
    </testcase>
    <testcase name="Potential Generic Secret detected" classname="secretsDetection">
        
        <failure message="Potential hardcoded generic secret found in source code">
            Location: {"file":"feature-flags.config.js","line":97}
            Remediation: Move secret to environment variables or secure secret management system
        </failure>
    </testcase>
    <testcase name="Potential Generic Secret detected" classname="secretsDetection">
        
        <failure message="Potential hardcoded generic secret found in source code">
            Location: {"file":"feature-flags.config.js","line":131}
            Remediation: Move secret to environment variables or secure secret management system
        </failure>
    </testcase>
    <testcase name="Potential Generic Secret detected" classname="secretsDetection">
        
        <failure message="Potential hardcoded generic secret found in source code">
            Location: {"file":"feature-flags.config.js","line":155}
            Remediation: Move secret to environment variables or secure secret management system
        </failure>
    </testcase>
    <testcase name="Potential Generic Secret detected" classname="secretsDetection">
        
        <failure message="Potential hardcoded generic secret found in source code">
            Location: {"file":"feature-flags.config.js","line":187}
            Remediation: Move secret to environment variables or secure secret management system
        </failure>
    </testcase>
    <testcase name="Potential Generic Secret detected" classname="secretsDetection">
        
        <failure message="Potential hardcoded generic secret found in source code">
            Location: {"file":"feature-flags.config.js","line":216}
            Remediation: Move secret to environment variables or secure secret management system
        </failure>
    </testcase>
    <testcase name="Potential AWS Secret Key detected" classname="secretsDetection">
        
        <failure message="Potential hardcoded aws secret key found in source code">
            Location: {"file":"package-lock.json","line":36}
            Remediation: Move secret to environment variables or secure secret management system
        </failure>
    </testcase>
    <testcase name="Potential AWS Secret Key detected" classname="secretsDetection">
        
        <failure message="Potential hardcoded aws secret key found in source code">
            Location: {"file":"package-lock.json","line":50}
            Remediation: Move secret to environment variables or secure secret management system
        </failure>
    </testcase>
    <testcase name="Potential AWS Secret Key detected" classname="secretsDetection">
        
        <failure message="Potential hardcoded aws secret key found in source code">
            Location: {"file":"package-lock.json","line":65}
            Remediation: Move secret to environment variables or secure secret management system
        </failure>
    </testcase>
    <testcase name="Potential AWS Secret Key detected" classname="secretsDetection">
        
        <failure message="Potential hardcoded aws secret key found in source code">
            Location: {"file":"package-lock.json","line":75}
            Remediation: Move secret to environment variables or secure secret management system
        </failure>
    </testcase>
    <testcase name="Potential AWS Secret Key detected" classname="secretsDetection">
        
        <failure message="Potential hardcoded aws secret key found in source code">
            Location: {"file":"package-lock.json","line":106}
            Remediation: Move secret to environment variables or secure secret management system
        </failure>
    </testcase>
    <testcase name="Potential AWS Secret Key detected" classname="secretsDetection">
        
        <failure message="Potential hardcoded aws secret key found in source code">
            Location: {"file":"package-lock.json","line":116}
            Remediation: Move secret to environment variables or secure secret management system
        </failure>
    </testcase>
    <testcase name="Potential AWS Secret Key detected" classname="secretsDetection">
        
        <failure message="Potential hardcoded aws secret key found in source code">
            Location: {"file":"package-lock.json","line":133}
            Remediation: Move secret to environment variables or secure secret management system
        </failure>
    </testcase>
    <testcase name="Potential AWS Secret Key detected" classname="secretsDetection">
        
        <failure message="Potential hardcoded aws secret key found in source code">
            Location: {"file":"package-lock.json","line":150}
            Remediation: Move secret to environment variables or secure secret management system
        </failure>
    </testcase>
    <testcase name="Potential AWS Secret Key detected" classname="secretsDetection">
        
        <failure message="Potential hardcoded aws secret key found in source code">
            Location: {"file":"package-lock.json","line":160}
            Remediation: Move secret to environment variables or secure secret management system
        </failure>
    </testcase>
    <testcase name="Potential AWS Secret Key detected" classname="secretsDetection">
        
        <failure message="Potential hardcoded aws secret key found in source code">
            Location: {"file":"package-lock.json","line":170}
            Remediation: Move secret to environment variables or secure secret management system
        </failure>
    </testcase>
    <testcase name="Potential AWS Secret Key detected" classname="secretsDetection">
        
        <failure message="Potential hardcoded aws secret key found in source code">
            Location: {"file":"package-lock.json","line":184}
            Remediation: Move secret to environment variables or secure secret management system
        </failure>
    </testcase>
    <testcase name="Potential AWS Secret Key detected" classname="secretsDetection">
        
        <failure message="Potential hardcoded aws secret key found in source code">
            Location: {"file":"package-lock.json","line":202}
            Remediation: Move secret to environment variables or secure secret management system
        </failure>
    </testcase>
    <testcase name="Potential AWS Secret Key detected" classname="secretsDetection">
        
        <failure message="Potential hardcoded aws secret key found in source code">
            Location: {"file":"package-lock.json","line":212}
            Remediation: Move secret to environment variables or secure secret management system
        </failure>
    </testcase>
    <testcase name="Potential AWS Secret Key detected" classname="secretsDetection">
        
        <failure message="Potential hardcoded aws secret key found in source code">
            Location: {"file":"package-lock.json","line":222}
            Remediation: Move secret to environment variables or secure secret management system
        </failure>
    </testcase>
    <testcase name="Potential AWS Secret Key detected" classname="secretsDetection">
        
        <failure message="Potential hardcoded aws secret key found in source code">
            Location: {"file":"package-lock.json","line":232}
            Remediation: Move secret to environment variables or secure secret management system
        </failure>
    </testcase>
    <testcase name="Potential AWS Secret Key detected" classname="secretsDetection">
        
        <failure message="Potential hardcoded aws secret key found in source code">
            Location: {"file":"package-lock.json","line":242}
            Remediation: Move secret to environment variables or secure secret management system
        </failure>
    </testcase>
    <testcase name="Potential AWS Secret Key detected" classname="secretsDetection">
        
        <failure message="Potential hardcoded aws secret key found in source code">
            Location: {"file":"package-lock.json","line":256}
            Remediation: Move secret to environment variables or secure secret management system
        </failure>
    </testcase>
    <testcase name="Potential AWS Secret Key detected" classname="secretsDetection">
        
        <failure message="Potential hardcoded aws secret key found in source code">
            Location: {"file":"package-lock.json","line":272}
            Remediation: Move secret to environment variables or secure secret management system
        </failure>
    </testcase>
    <testcase name="Potential AWS Secret Key detected" classname="secretsDetection">
        
        <failure message="Potential hardcoded aws secret key found in source code">
            Location: {"file":"package-lock.json","line":285}
            Remediation: Move secret to environment variables or secure secret management system
        </failure>
    </testcase>
    <testcase name="Potential AWS Secret Key detected" classname="secretsDetection">
        
        <failure message="Potential hardcoded aws secret key found in source code">
            Location: {"file":"package-lock.json","line":298}
            Remediation: Move secret to environment variables or secure secret management system
        </failure>
    </testcase>
    <testcase name="Potential AWS Secret Key detected" classname="secretsDetection">
        
        <failure message="Potential hardcoded aws secret key found in source code">
            Location: {"file":"package-lock.json","line":311}
            Remediation: Move secret to environment variables or secure secret management system
        </failure>
    </testcase>
    <testcase name="Potential AWS Secret Key detected" classname="secretsDetection">
        
        <failure message="Potential hardcoded aws secret key found in source code">
            Location: {"file":"package-lock.json","line":327}
            Remediation: Move secret to environment variables or secure secret management system
        </failure>
    </testcase>
    <testcase name="Potential AWS Secret Key detected" classname="secretsDetection">
        
        <failure message="Potential hardcoded aws secret key found in source code">
            Location: {"file":"package-lock.json","line":343}
            Remediation: Move secret to environment variables or secure secret management system
        </failure>
    </testcase>
    <testcase name="Potential AWS Secret Key detected" classname="secretsDetection">
        
        <failure message="Potential hardcoded aws secret key found in source code">
            Location: {"file":"package-lock.json","line":356}
            Remediation: Move secret to environment variables or secure secret management system
        </failure>
    </testcase>
    <testcase name="Potential AWS Secret Key detected" classname="secretsDetection">
        
        <failure message="Potential hardcoded aws secret key found in source code">
            Location: {"file":"package-lock.json","line":369}
            Remediation: Move secret to environment variables or secure secret management system
        </failure>
    </testcase>
    <testcase name="Potential AWS Secret Key detected" classname="secretsDetection">
        
        <failure message="Potential hardcoded aws secret key found in source code">
            Location: {"file":"package-lock.json","line":385}
            Remediation: Move secret to environment variables or secure secret management system
        </failure>
    </testcase>
    <testcase name="Potential AWS Secret Key detected" classname="secretsDetection">
        
        <failure message="Potential hardcoded aws secret key found in source code">
            Location: {"file":"package-lock.json","line":398}
            Remediation: Move secret to environment variables or secure secret management system
        </failure>
    </testcase>
    <testcase name="Potential AWS Secret Key detected" classname="secretsDetection">
        
        <failure message="Potential hardcoded aws secret key found in source code">
            Location: {"file":"package-lock.json","line":411}
            Remediation: Move secret to environment variables or secure secret management system
        </failure>
    </testcase>
    <testcase name="Potential AWS Secret Key detected" classname="secretsDetection">
        
        <failure message="Potential hardcoded aws secret key found in source code">
            Location: {"file":"package-lock.json","line":424}
            Remediation: Move secret to environment variables or secure secret management system
        </failure>
    </testcase>
    <testcase name="Potential AWS Secret Key detected" classname="secretsDetection">
        
        <failure message="Potential hardcoded aws secret key found in source code">
            Location: {"file":"package-lock.json","line":437}
            Remediation: Move secret to environment variables or secure secret management system
        </failure>
    </testcase>
    <testcase name="Potential AWS Secret Key detected" classname="secretsDetection">
        
        <failure message="Potential hardcoded aws secret key found in source code">
            Location: {"file":"package-lock.json","line":450}
            Remediation: Move secret to environment variables or secure secret management system
        </failure>
    </testcase>
    <testcase name="Potential AWS Secret Key detected" classname="secretsDetection">
        
        <failure message="Potential hardcoded aws secret key found in source code">
            Location: {"file":"package-lock.json","line":463}
            Remediation: Move secret to environment variables or secure secret management system
        </failure>
    </testcase>
    <testcase name="Potential AWS Secret Key detected" classname="secretsDetection">
        
        <failure message="Potential hardcoded aws secret key found in source code">
            Location: {"file":"package-lock.json","line":479}
            Remediation: Move secret to environment variables or secure secret management system
        </failure>
    </testcase>
    <testcase name="Potential AWS Secret Key detected" classname="secretsDetection">
        
        <failure message="Potential hardcoded aws secret key found in source code">
            Location: {"file":"package-lock.json","line":495}
            Remediation: Move secret to environment variables or secure secret management system
        </failure>
    </testcase>
    <testcase name="Potential AWS Secret Key detected" classname="secretsDetection">
        
        <failure message="Potential hardcoded aws secret key found in source code">
            Location: {"file":"package-lock.json","line":511}
            Remediation: Move secret to environment variables or secure secret management system
        </failure>
    </testcase>
    <testcase name="Potential AWS Secret Key detected" classname="secretsDetection">
        
        <failure message="Potential hardcoded aws secret key found in source code">
            Location: {"file":"package-lock.json","line":526}
            Remediation: Move secret to environment variables or secure secret management system
        </failure>
    </testcase>
    <testcase name="Potential AWS Secret Key detected" classname="secretsDetection">
        
        <failure message="Potential hardcoded aws secret key found in source code">
            Location: {"file":"package-lock.json","line":545}
            Remediation: Move secret to environment variables or secure secret management system
        </failure>
    </testcase>
    <testcase name="Potential AWS Secret Key detected" classname="secretsDetection">
        
        <failure message="Potential hardcoded aws secret key found in source code">
            Location: {"file":"package-lock.json","line":559}
            Remediation: Move secret to environment variables or secure secret management system
        </failure>
    </testcase>
    <testcase name="Potential AWS Secret Key detected" classname="secretsDetection">
        
        <failure message="Potential hardcoded aws secret key found in source code">
            Location: {"file":"package-lock.json","line":566}
            Remediation: Move secret to environment variables or secure secret management system
        </failure>
    </testcase>
    <testcase name="Potential AWS Secret Key detected" classname="secretsDetection">
        
        <failure message="Potential hardcoded aws secret key found in source code">
            Location: {"file":"package-lock.json","line":577}
            Remediation: Move secret to environment variables or secure secret management system
        </failure>
    </testcase>
    <testcase name="Potential AWS Secret Key detected" classname="secretsDetection">
        
        <failure message="Potential hardcoded aws secret key found in source code">
            Location: {"file":"package-lock.json","line":602}
            Remediation: Move secret to environment variables or secure secret management system
        </failure>
    </testcase>
    <testcase name="Potential AWS Secret Key detected" classname="secretsDetection">
        
        <failure message="Potential hardcoded aws secret key found in source code">
            Location: {"file":"package-lock.json","line":616}
            Remediation: Move secret to environment variables or secure secret management system
        </failure>
    </testcase>
    <testcase name="Potential AWS Secret Key detected" classname="secretsDetection">
        
        <failure message="Potential hardcoded aws secret key found in source code">
            Location: {"file":"package-lock.json","line":630}
            Remediation: Move secret to environment variables or secure secret management system
        </failure>
    </testcase>
    <testcase name="Potential AWS Secret Key detected" classname="secretsDetection">
        
        <failure message="Potential hardcoded aws secret key found in source code">
            Location: {"file":"package-lock.json","line":648}
            Remediation: Move secret to environment variables or secure secret management system
        </failure>
    </testcase>
    <testcase name="Potential AWS Secret Key detected" classname="secretsDetection">
        
        <failure message="Potential hardcoded aws secret key found in source code">
            Location: {"file":"package-lock.json","line":658}
            Remediation: Move secret to environment variables or secure secret management system
        </failure>
    </testcase>
    <testcase name="Potential AWS Secret Key detected" classname="secretsDetection">
        
        <failure message="Potential hardcoded aws secret key found in source code">
            Location: {"file":"package-lock.json","line":672}
            Remediation: Move secret to environment variables or secure secret management system
        </failure>
    </testcase>
    <testcase name="Potential AWS Secret Key detected" classname="secretsDetection">
        
        <failure message="Potential hardcoded aws secret key found in source code">
            Location: {"file":"package-lock.json","line":686}
            Remediation: Move secret to environment variables or secure secret management system
        </failure>
    </testcase>
    <testcase name="Potential AWS Secret Key detected" classname="secretsDetection">
        
        <failure message="Potential hardcoded aws secret key found in source code">
            Location: {"file":"package-lock.json","line":702}
            Remediation: Move secret to environment variables or secure secret management system
        </failure>
    </testcase>
    <testcase name="Potential AWS Secret Key detected" classname="secretsDetection">
        
        <failure message="Potential hardcoded aws secret key found in source code">
            Location: {"file":"package-lock.json","line":725}
            Remediation: Move secret to environment variables or secure secret management system
        </failure>
    </testcase>
    <testcase name="Potential AWS Secret Key detected" classname="secretsDetection">
        
        <failure message="Potential hardcoded aws secret key found in source code">
            Location: {"file":"package-lock.json","line":735}
            Remediation: Move secret to environment variables or secure secret management system
        </failure>
    </testcase>
    <testcase name="Potential AWS Secret Key detected" classname="secretsDetection">
        
        <failure message="Potential hardcoded aws secret key found in source code">
            Location: {"file":"package-lock.json","line":750}
            Remediation: Move secret to environment variables or secure secret management system
        </failure>
    </testcase>
    <testcase name="Potential AWS Secret Key detected" classname="secretsDetection">
        
        <failure message="Potential hardcoded aws secret key found in source code">
            Location: {"file":"package-lock.json","line":766}
            Remediation: Move secret to environment variables or secure secret management system
        </failure>
    </testcase>
    <testcase name="Potential AWS Secret Key detected" classname="secretsDetection">
        
        <failure message="Potential hardcoded aws secret key found in source code">
            Location: {"file":"package-lock.json","line":784}
            Remediation: Move secret to environment variables or secure secret management system
        </failure>
    </testcase>
    <testcase name="Potential AWS Secret Key detected" classname="secretsDetection">
        
        <failure message="Potential hardcoded aws secret key found in source code">
            Location: {"file":"package-lock.json","line":801}
            Remediation: Move secret to environment variables or secure secret management system
        </failure>
    </testcase>
    <testcase name="Potential AWS Secret Key detected" classname="secretsDetection">
        
        <failure message="Potential hardcoded aws secret key found in source code">
            Location: {"file":"package-lock.json","line":811}
            Remediation: Move secret to environment variables or secure secret management system
        </failure>
    </testcase>
    <testcase name="Potential AWS Secret Key detected" classname="secretsDetection">
        
        <failure message="Potential hardcoded aws secret key found in source code">
            Location: {"file":"package-lock.json","line":824}
            Remediation: Move secret to environment variables or secure secret management system
        </failure>
    </testcase>
    <testcase name="Potential AWS Secret Key detected" classname="secretsDetection">
        
        <failure message="Potential hardcoded aws secret key found in source code">
            Location: {"file":"package-lock.json","line":837}
            Remediation: Move secret to environment variables or secure secret management system
        </failure>
    </testcase>
    <testcase name="Potential AWS Secret Key detected" classname="secretsDetection">
        
        <failure message="Potential hardcoded aws secret key found in source code">
            Location: {"file":"package-lock.json","line":848}
            Remediation: Move secret to environment variables or secure secret management system
        </failure>
    </testcase>
    <testcase name="Potential AWS Secret Key detected" classname="secretsDetection">
        
        <failure message="Potential hardcoded aws secret key found in source code">
            Location: {"file":"package-lock.json","line":876}
            Remediation: Move secret to environment variables or secure secret management system
        </failure>
    </testcase>
    <testcase name="Potential AWS Secret Key detected" classname="secretsDetection">
        
        <failure message="Potential hardcoded aws secret key found in source code">
            Location: {"file":"package-lock.json","line":903}
            Remediation: Move secret to environment variables or secure secret management system
        </failure>
    </testcase>
    <testcase name="Potential AWS Secret Key detected" classname="secretsDetection">
        
        <failure message="Potential hardcoded aws secret key found in source code">
            Location: {"file":"package-lock.json","line":924}
            Remediation: Move secret to environment variables or secure secret management system
        </failure>
    </testcase>
    <testcase name="Potential AWS Secret Key detected" classname="secretsDetection">
        
        <failure message="Potential hardcoded aws secret key found in source code">
            Location: {"file":"package-lock.json","line":943}
            Remediation: Move secret to environment variables or secure secret management system
        </failure>
    </testcase>
    <testcase name="Potential AWS Secret Key detected" classname="secretsDetection">
        
        <failure message="Potential hardcoded aws secret key found in source code">
            Location: {"file":"package-lock.json","line":953}
            Remediation: Move secret to environment variables or secure secret management system
        </failure>
    </testcase>
    <testcase name="Potential AWS Secret Key detected" classname="secretsDetection">
        
        <failure message="Potential hardcoded aws secret key found in source code">
            Location: {"file":"package-lock.json","line":977}
            Remediation: Move secret to environment variables or secure secret management system
        </failure>
    </testcase>
    <testcase name="Potential AWS Secret Key detected" classname="secretsDetection">
        
        <failure message="Potential hardcoded aws secret key found in source code">
            Location: {"file":"package-lock.json","line":994}
            Remediation: Move secret to environment variables or secure secret management system
        </failure>
    </testcase>
    <testcase name="Potential AWS Secret Key detected" classname="secretsDetection">
        
        <failure message="Potential hardcoded aws secret key found in source code">
            Location: {"file":"package-lock.json","line":1001}
            Remediation: Move secret to environment variables or secure secret management system
        </failure>
    </testcase>
    <testcase name="Potential AWS Secret Key detected" classname="secretsDetection">
        
        <failure message="Potential hardcoded aws secret key found in source code">
            Location: {"file":"package-lock.json","line":1011}
            Remediation: Move secret to environment variables or secure secret management system
        </failure>
    </testcase>
    <testcase name="Potential AWS Secret Key detected" classname="secretsDetection">
        
        <failure message="Potential hardcoded aws secret key found in source code">
            Location: {"file":"package-lock.json","line":1023}
            Remediation: Move secret to environment variables or secure secret management system
        </failure>
    </testcase>
    <testcase name="Potential AWS Secret Key detected" classname="secretsDetection">
        
        <failure message="Potential hardcoded aws secret key found in source code">
            Location: {"file":"package-lock.json","line":1029}
            Remediation: Move secret to environment variables or secure secret management system
        </failure>
    </testcase>
    <testcase name="Potential AWS Secret Key detected" classname="secretsDetection">
        
        <failure message="Potential hardcoded aws secret key found in source code">
            Location: {"file":"package-lock.json","line":1035}
            Remediation: Move secret to environment variables or secure secret management system
        </failure>
    </testcase>
    <testcase name="Potential AWS Secret Key detected" classname="secretsDetection">
        
        <failure message="Potential hardcoded aws secret key found in source code">
            Location: {"file":"package-lock.json","line":1041}
            Remediation: Move secret to environment variables or secure secret management system
        </failure>
    </testcase>
    <testcase name="Potential AWS Secret Key detected" classname="secretsDetection">
        
        <failure message="Potential hardcoded aws secret key found in source code">
            Location: {"file":"package-lock.json","line":1050}
            Remediation: Move secret to environment variables or secure secret management system
        </failure>
    </testcase>
    <testcase name="Potential AWS Secret Key detected" classname="secretsDetection">
        
        <failure message="Potential hardcoded aws secret key found in source code">
            Location: {"file":"package-lock.json","line":1059}
            Remediation: Move secret to environment variables or secure secret management system
        </failure>
    </testcase>
    <testcase name="Potential AWS Secret Key detected" classname="secretsDetection">
        
        <failure message="Potential hardcoded aws secret key found in source code">
            Location: {"file":"package-lock.json","line":1075}
            Remediation: Move secret to environment variables or secure secret management system
        </failure>
    </testcase>
    <testcase name="Potential AWS Secret Key detected" classname="secretsDetection">
        
        <failure message="Potential hardcoded aws secret key found in source code">
            Location: {"file":"package-lock.json","line":1089}
            Remediation: Move secret to environment variables or secure secret management system
        </failure>
    </testcase>
    <testcase name="Potential AWS Secret Key detected" classname="secretsDetection">
        
        <failure message="Potential hardcoded aws secret key found in source code">
            Location: {"file":"package-lock.json","line":1097}
            Remediation: Move secret to environment variables or secure secret management system
        </failure>
    </testcase>
    <testcase name="Potential AWS Secret Key detected" classname="secretsDetection">
        
        <failure message="Potential hardcoded aws secret key found in source code">
            Location: {"file":"package-lock.json","line":1116}
            Remediation: Move secret to environment variables or secure secret management system
        </failure>
    </testcase>
    <testcase name="Potential AWS Secret Key detected" classname="secretsDetection">
        
        <failure message="Potential hardcoded aws secret key found in source code">
            Location: {"file":"package-lock.json","line":1130}
            Remediation: Move secret to environment variables or secure secret management system
        </failure>
    </testcase>
    <testcase name="Potential AWS Secret Key detected" classname="secretsDetection">
        
        <failure message="Potential hardcoded aws secret key found in source code">
            Location: {"file":"package-lock.json","line":1144}
            Remediation: Move secret to environment variables or secure secret management system
        </failure>
    </testcase>
    <testcase name="Potential AWS Secret Key detected" classname="secretsDetection">
        
        <failure message="Potential hardcoded aws secret key found in source code">
            Location: {"file":"package-lock.json","line":1152}
            Remediation: Move secret to environment variables or secure secret management system
        </failure>
    </testcase>
    <testcase name="Potential AWS Secret Key detected" classname="secretsDetection">
        
        <failure message="Potential hardcoded aws secret key found in source code">
            Location: {"file":"package-lock.json","line":1171}
            Remediation: Move secret to environment variables or secure secret management system
        </failure>
    </testcase>
    <testcase name="Potential AWS Secret Key detected" classname="secretsDetection">
        
        <failure message="Potential hardcoded aws secret key found in source code">
            Location: {"file":"package-lock.json","line":1188}
            Remediation: Move secret to environment variables or secure secret management system
        </failure>
    </testcase>
    <testcase name="Potential AWS Secret Key detected" classname="secretsDetection">
        
        <failure message="Potential hardcoded aws secret key found in source code">
            Location: {"file":"package-lock.json","line":1207}
            Remediation: Move secret to environment variables or secure secret management system
        </failure>
    </testcase>
    <testcase name="Potential AWS Secret Key detected" classname="secretsDetection">
        
        <failure message="Potential hardcoded aws secret key found in source code">
            Location: {"file":"package-lock.json","line":1221}
            Remediation: Move secret to environment variables or secure secret management system
        </failure>
    </testcase>
    <testcase name="Potential AWS Secret Key detected" classname="secretsDetection">
        
        <failure message="Potential hardcoded aws secret key found in source code">
            Location: {"file":"package-lock.json","line":1238}
            Remediation: Move secret to environment variables or secure secret management system
        </failure>
    </testcase>
    <testcase name="Potential AWS Secret Key detected" classname="secretsDetection">
        
        <failure message="Potential hardcoded aws secret key found in source code">
            Location: {"file":"package-lock.json","line":1248}
            Remediation: Move secret to environment variables or secure secret management system
        </failure>
    </testcase>
    <testcase name="Potential AWS Secret Key detected" classname="secretsDetection">
        
        <failure message="Potential hardcoded aws secret key found in source code">
            Location: {"file":"package-lock.json","line":1262}
            Remediation: Move secret to environment variables or secure secret management system
        </failure>
    </testcase>
    <testcase name="Potential AWS Secret Key detected" classname="secretsDetection">
        
        <failure message="Potential hardcoded aws secret key found in source code">
            Location: {"file":"package-lock.json","line":1276}
            Remediation: Move secret to environment variables or secure secret management system
        </failure>
    </testcase>
    <testcase name="Potential AWS Secret Key detected" classname="secretsDetection">
        
        <failure message="Potential hardcoded aws secret key found in source code">
            Location: {"file":"package-lock.json","line":1289}
            Remediation: Move secret to environment variables or secure secret management system
        </failure>
    </testcase>
    <testcase name="Potential AWS Secret Key detected" classname="secretsDetection">
        
        <failure message="Potential hardcoded aws secret key found in source code">
            Location: {"file":"package-lock.json","line":1305}
            Remediation: Move secret to environment variables or secure secret management system
        </failure>
    </testcase>
    <testcase name="Potential AWS Secret Key detected" classname="secretsDetection">
        
        <failure message="Potential hardcoded aws secret key found in source code">
            Location: {"file":"package-lock.json","line":1318}
            Remediation: Move secret to environment variables or secure secret management system
        </failure>
    </testcase>
    <testcase name="Potential AWS Secret Key detected" classname="secretsDetection">
        
        <failure message="Potential hardcoded aws secret key found in source code">
            Location: {"file":"package-lock.json","line":1325}
            Remediation: Move secret to environment variables or secure secret management system
        </failure>
    </testcase>
    <testcase name="Potential AWS Secret Key detected" classname="secretsDetection">
        
        <failure message="Potential hardcoded aws secret key found in source code">
            Location: {"file":"package-lock.json","line":1335}
            Remediation: Move secret to environment variables or secure secret management system
        </failure>
    </testcase>
    <testcase name="Potential AWS Secret Key detected" classname="secretsDetection">
        
        <failure message="Potential hardcoded aws secret key found in source code">
            Location: {"file":"package-lock.json","line":1353}
            Remediation: Move secret to environment variables or secure secret management system
        </failure>
    </testcase>
    <testcase name="Potential AWS Secret Key detected" classname="secretsDetection">
        
        <failure message="Potential hardcoded aws secret key found in source code">
            Location: {"file":"package-lock.json","line":1363}
            Remediation: Move secret to environment variables or secure secret management system
        </failure>
    </testcase>
    <testcase name="Potential AWS Secret Key detected" classname="secretsDetection">
        
        <failure message="Potential hardcoded aws secret key found in source code">
            Location: {"file":"package-lock.json","line":1411}
            Remediation: Move secret to environment variables or secure secret management system
        </failure>
    </testcase>
    <testcase name="Potential AWS Secret Key detected" classname="secretsDetection">
        
        <failure message="Potential hardcoded aws secret key found in source code">
            Location: {"file":"package-lock.json","line":1421}
            Remediation: Move secret to environment variables or secure secret management system
        </failure>
    </testcase>
    <testcase name="Potential AWS Secret Key detected" classname="secretsDetection">
        
        <failure message="Potential hardcoded aws secret key found in source code">
            Location: {"file":"package-lock.json","line":1437}
            Remediation: Move secret to environment variables or secure secret management system
        </failure>
    </testcase>
    <testcase name="Potential AWS Secret Key detected" classname="secretsDetection">
        
        <failure message="Potential hardcoded aws secret key found in source code">
            Location: {"file":"package-lock.json","line":1451}
            Remediation: Move secret to environment variables or secure secret management system
        </failure>
    </testcase>
    <testcase name="Potential AWS Secret Key detected" classname="secretsDetection">
        
        <failure message="Potential hardcoded aws secret key found in source code">
            Location: {"file":"package-lock.json","line":1464}
            Remediation: Move secret to environment variables or secure secret management system
        </failure>
    </testcase>
    <testcase name="Potential AWS Secret Key detected" classname="secretsDetection">
        
        <failure message="Potential hardcoded aws secret key found in source code">
            Location: {"file":"package-lock.json","line":1482}
            Remediation: Move secret to environment variables or secure secret management system
        </failure>
    </testcase>
    <testcase name="Potential AWS Secret Key detected" classname="secretsDetection">
        
        <failure message="Potential hardcoded aws secret key found in source code">
            Location: {"file":"package-lock.json","line":1498}
            Remediation: Move secret to environment variables or secure secret management system
        </failure>
    </testcase>
    <testcase name="Potential AWS Secret Key detected" classname="secretsDetection">
        
        <failure message="Potential hardcoded aws secret key found in source code">
            Location: {"file":"package-lock.json","line":1542}
            Remediation: Move secret to environment variables or secure secret management system
        </failure>
    </testcase>
    <testcase name="Potential AWS Secret Key detected" classname="secretsDetection">
        
        <failure message="Potential hardcoded aws secret key found in source code">
            Location: {"file":"package-lock.json","line":1552}
            Remediation: Move secret to environment variables or secure secret management system
        </failure>
    </testcase>
    <testcase name="Potential AWS Secret Key detected" classname="secretsDetection">
        
        <failure message="Potential hardcoded aws secret key found in source code">
            Location: {"file":"package-lock.json","line":1565}
            Remediation: Move secret to environment variables or secure secret management system
        </failure>
    </testcase>
    <testcase name="Potential AWS Secret Key detected" classname="secretsDetection">
        
        <failure message="Potential hardcoded aws secret key found in source code">
            Location: {"file":"package-lock.json","line":1580}
            Remediation: Move secret to environment variables or secure secret management system
        </failure>
    </testcase>
    <testcase name="Potential AWS Secret Key detected" classname="secretsDetection">
        
        <failure message="Potential hardcoded aws secret key found in source code">
            Location: {"file":"package-lock.json","line":1596}
            Remediation: Move secret to environment variables or secure secret management system
        </failure>
    </testcase>
    <testcase name="Potential AWS Secret Key detected" classname="secretsDetection">
        
        <failure message="Potential hardcoded aws secret key found in source code">
            Location: {"file":"package-lock.json","line":1612}
            Remediation: Move secret to environment variables or secure secret management system
        </failure>
    </testcase>
    <testcase name="Potential AWS Secret Key detected" classname="secretsDetection">
        
        <failure message="Potential hardcoded aws secret key found in source code">
            Location: {"file":"package-lock.json","line":1622}
            Remediation: Move secret to environment variables or secure secret management system
        </failure>
    </testcase>
    <testcase name="Potential AWS Secret Key detected" classname="secretsDetection">
        
        <failure message="Potential hardcoded aws secret key found in source code">
            Location: {"file":"package-lock.json","line":1649}
            Remediation: Move secret to environment variables or secure secret management system
        </failure>
    </testcase>
    <testcase name="Potential AWS Secret Key detected" classname="secretsDetection">
        
        <failure message="Potential hardcoded aws secret key found in source code">
            Location: {"file":"package-lock.json","line":1659}
            Remediation: Move secret to environment variables or secure secret management system
        </failure>
    </testcase>
    <testcase name="Potential AWS Secret Key detected" classname="secretsDetection">
        
        <failure message="Potential hardcoded aws secret key found in source code">
            Location: {"file":"package-lock.json","line":1677}
            Remediation: Move secret to environment variables or secure secret management system
        </failure>
    </testcase>
    <testcase name="Potential AWS Secret Key detected" classname="secretsDetection">
        
        <failure message="Potential hardcoded aws secret key found in source code">
            Location: {"file":"package-lock.json","line":1688}
            Remediation: Move secret to environment variables or secure secret management system
        </failure>
    </testcase>
    <testcase name="Potential AWS Secret Key detected" classname="secretsDetection">
        
        <failure message="Potential hardcoded aws secret key found in source code">
            Location: {"file":"package-lock.json","line":1698}
            Remediation: Move secret to environment variables or secure secret management system
        </failure>
    </testcase>
    <testcase name="Potential AWS Secret Key detected" classname="secretsDetection">
        
        <failure message="Potential hardcoded aws secret key found in source code">
            Location: {"file":"package-lock.json","line":1705}
            Remediation: Move secret to environment variables or secure secret management system
        </failure>
    </testcase>
    <testcase name="Potential AWS Secret Key detected" classname="secretsDetection">
        
        <failure message="Potential hardcoded aws secret key found in source code">
            Location: {"file":"package-lock.json","line":1716}
            Remediation: Move secret to environment variables or secure secret management system
        </failure>
    </testcase>
    <testcase name="Potential AWS Secret Key detected" classname="secretsDetection">
        
        <failure message="Potential hardcoded aws secret key found in source code">
            Location: {"file":"package-lock.json","line":1730}
            Remediation: Move secret to environment variables or secure secret management system
        </failure>
    </testcase>
    <testcase name="Potential AWS Secret Key detected" classname="secretsDetection">
        
        <failure message="Potential hardcoded aws secret key found in source code">
            Location: {"file":"package-lock.json","line":1740}
            Remediation: Move secret to environment variables or secure secret management system
        </failure>
    </testcase>
    <testcase name="Potential AWS Secret Key detected" classname="secretsDetection">
        
        <failure message="Potential hardcoded aws secret key found in source code">
            Location: {"file":"package-lock.json","line":1754}
            Remediation: Move secret to environment variables or secure secret management system
        </failure>
    </testcase>
    <testcase name="Potential AWS Secret Key detected" classname="secretsDetection">
        
        <failure message="Potential hardcoded aws secret key found in source code">
            Location: {"file":"package-lock.json","line":1772}
            Remediation: Move secret to environment variables or secure secret management system
        </failure>
    </testcase>
    <testcase name="Potential AWS Secret Key detected" classname="secretsDetection">
        
        <failure message="Potential hardcoded aws secret key found in source code">
            Location: {"file":"package-lock.json","line":1780}
            Remediation: Move secret to environment variables or secure secret management system
        </failure>
    </testcase>
    <testcase name="Potential AWS Secret Key detected" classname="secretsDetection">
        
        <failure message="Potential hardcoded aws secret key found in source code">
            Location: {"file":"package-lock.json","line":1794}
            Remediation: Move secret to environment variables or secure secret management system
        </failure>
    </testcase>
    <testcase name="Potential AWS Secret Key detected" classname="secretsDetection">
        
        <failure message="Potential hardcoded aws secret key found in source code">
            Location: {"file":"package-lock.json","line":1804}
            Remediation: Move secret to environment variables or secure secret management system
        </failure>
    </testcase>
    <testcase name="Potential AWS Secret Key detected" classname="secretsDetection">
        
        <failure message="Potential hardcoded aws secret key found in source code">
            Location: {"file":"package-lock.json","line":1823}
            Remediation: Move secret to environment variables or secure secret management system
        </failure>
    </testcase>
    <testcase name="Potential AWS Secret Key detected" classname="secretsDetection">
        
        <failure message="Potential hardcoded aws secret key found in source code">
            Location: {"file":"package-lock.json","line":1837}
            Remediation: Move secret to environment variables or secure secret management system
        </failure>
    </testcase>
    <testcase name="Potential AWS Secret Key detected" classname="secretsDetection">
        
        <failure message="Potential hardcoded aws secret key found in source code">
            Location: {"file":"package-lock.json","line":1852}
            Remediation: Move secret to environment variables or secure secret management system
        </failure>
    </testcase>
    <testcase name="Potential AWS Secret Key detected" classname="secretsDetection">
        
        <failure message="Potential hardcoded aws secret key found in source code">
            Location: {"file":"package-lock.json","line":1859}
            Remediation: Move secret to environment variables or secure secret management system
        </failure>
    </testcase>
    <testcase name="Potential AWS Secret Key detected" classname="secretsDetection">
        
        <failure message="Potential hardcoded aws secret key found in source code">
            Location: {"file":"package-lock.json","line":1875}
            Remediation: Move secret to environment variables or secure secret management system
        </failure>
    </testcase>
    <testcase name="Potential AWS Secret Key detected" classname="secretsDetection">
        
        <failure message="Potential hardcoded aws secret key found in source code">
            Location: {"file":"package-lock.json","line":1882}
            Remediation: Move secret to environment variables or secure secret management system
        </failure>
    </testcase>
    <testcase name="Potential AWS Secret Key detected" classname="secretsDetection">
        
        <failure message="Potential hardcoded aws secret key found in source code">
            Location: {"file":"package-lock.json","line":1892}
            Remediation: Move secret to environment variables or secure secret management system
        </failure>
    </testcase>
    <testcase name="Potential AWS Secret Key detected" classname="secretsDetection">
        
        <failure message="Potential hardcoded aws secret key found in source code">
            Location: {"file":"package-lock.json","line":1910}
            Remediation: Move secret to environment variables or secure secret management system
        </failure>
    </testcase>
    <testcase name="Potential AWS Secret Key detected" classname="secretsDetection">
        
        <failure message="Potential hardcoded aws secret key found in source code">
            Location: {"file":"package-lock.json","line":1927}
            Remediation: Move secret to environment variables or secure secret management system
        </failure>
    </testcase>
    <testcase name="Potential AWS Secret Key detected" classname="secretsDetection">
        
        <failure message="Potential hardcoded aws secret key found in source code">
            Location: {"file":"package-lock.json","line":1934}
            Remediation: Move secret to environment variables or secure secret management system
        </failure>
    </testcase>
    <testcase name="Potential AWS Secret Key detected" classname="secretsDetection">
        
        <failure message="Potential hardcoded aws secret key found in source code">
            Location: {"file":"package-lock.json","line":1944}
            Remediation: Move secret to environment variables or secure secret management system
        </failure>
    </testcase>
    <testcase name="Potential AWS Secret Key detected" classname="secretsDetection">
        
        <failure message="Potential hardcoded aws secret key found in source code">
            Location: {"file":"package-lock.json","line":1960}
            Remediation: Move secret to environment variables or secure secret management system
        </failure>
    </testcase>
    <testcase name="Potential AWS Secret Key detected" classname="secretsDetection">
        
        <failure message="Potential hardcoded aws secret key found in source code">
            Location: {"file":"package-lock.json","line":1975}
            Remediation: Move secret to environment variables or secure secret management system
        </failure>
    </testcase>
    <testcase name="Potential AWS Secret Key detected" classname="secretsDetection">
        
        <failure message="Potential hardcoded aws secret key found in source code">
            Location: {"file":"package-lock.json","line":1985}
            Remediation: Move secret to environment variables or secure secret management system
        </failure>
    </testcase>
    <testcase name="Potential AWS Secret Key detected" classname="secretsDetection">
        
        <failure message="Potential hardcoded aws secret key found in source code">
            Location: {"file":"package-lock.json","line":2001}
            Remediation: Move secret to environment variables or secure secret management system
        </failure>
    </testcase>
    <testcase name="Potential AWS Secret Key detected" classname="secretsDetection">
        
        <failure message="Potential hardcoded aws secret key found in source code">
            Location: {"file":"package-lock.json","line":2015}
            Remediation: Move secret to environment variables or secure secret management system
        </failure>
    </testcase>
    <testcase name="Potential AWS Secret Key detected" classname="secretsDetection">
        
        <failure message="Potential hardcoded aws secret key found in source code">
            Location: {"file":"package-lock.json","line":2030}
            Remediation: Move secret to environment variables or secure secret management system
        </failure>
    </testcase>
    <testcase name="Potential AWS Secret Key detected" classname="secretsDetection">
        
        <failure message="Potential hardcoded aws secret key found in source code">
            Location: {"file":"package-lock.json","line":2041}
            Remediation: Move secret to environment variables or secure secret management system
        </failure>
    </testcase>
    <testcase name="Potential AWS Secret Key detected" classname="secretsDetection">
        
        <failure message="Potential hardcoded aws secret key found in source code">
            Location: {"file":"package-lock.json","line":2072}
            Remediation: Move secret to environment variables or secure secret management system
        </failure>
    </testcase>
    <testcase name="Potential AWS Secret Key detected" classname="secretsDetection">
        
        <failure message="Potential hardcoded aws secret key found in source code">
            Location: {"file":"package-lock.json","line":2115}
            Remediation: Move secret to environment variables or secure secret management system
        </failure>
    </testcase>
    <testcase name="Potential AWS Secret Key detected" classname="secretsDetection">
        
        <failure message="Potential hardcoded aws secret key found in source code">
            Location: {"file":"package-lock.json","line":2122}
            Remediation: Move secret to environment variables or secure secret management system
        </failure>
    </testcase>
    <testcase name="Potential AWS Secret Key detected" classname="secretsDetection">
        
        <failure message="Potential hardcoded aws secret key found in source code">
            Location: {"file":"package-lock.json","line":2133}
            Remediation: Move secret to environment variables or secure secret management system
        </failure>
    </testcase>
    <testcase name="Potential AWS Secret Key detected" classname="secretsDetection">
        
        <failure message="Potential hardcoded aws secret key found in source code">
            Location: {"file":"package-lock.json","line":2143}
            Remediation: Move secret to environment variables or secure secret management system
        </failure>
    </testcase>
    <testcase name="Potential AWS Secret Key detected" classname="secretsDetection">
        
        <failure message="Potential hardcoded aws secret key found in source code">
            Location: {"file":"package-lock.json","line":2156}
            Remediation: Move secret to environment variables or secure secret management system
        </failure>
    </testcase>
    <testcase name="Potential AWS Secret Key detected" classname="secretsDetection">
        
        <failure message="Potential hardcoded aws secret key found in source code">
            Location: {"file":"package-lock.json","line":2163}
            Remediation: Move secret to environment variables or secure secret management system
        </failure>
    </testcase>
    <testcase name="Potential AWS Secret Key detected" classname="secretsDetection">
        
        <failure message="Potential hardcoded aws secret key found in source code">
            Location: {"file":"package-lock.json","line":2178}
            Remediation: Move secret to environment variables or secure secret management system
        </failure>
    </testcase>
    <testcase name="Potential AWS Secret Key detected" classname="secretsDetection">
        
        <failure message="Potential hardcoded aws secret key found in source code">
            Location: {"file":"package-lock.json","line":2197}
            Remediation: Move secret to environment variables or secure secret management system
        </failure>
    </testcase>
    <testcase name="Potential AWS Secret Key detected" classname="secretsDetection">
        
        <failure message="Potential hardcoded aws secret key found in source code">
            Location: {"file":"package-lock.json","line":2219}
            Remediation: Move secret to environment variables or secure secret management system
        </failure>
    </testcase>
    <testcase name="Potential AWS Secret Key detected" classname="secretsDetection">
        
        <failure message="Potential hardcoded aws secret key found in source code">
            Location: {"file":"package-lock.json","line":2229}
            Remediation: Move secret to environment variables or secure secret management system
        </failure>
    </testcase>
    <testcase name="Potential AWS Secret Key detected" classname="secretsDetection">
        
        <failure message="Potential hardcoded aws secret key found in source code">
            Location: {"file":"package-lock.json","line":2252}
            Remediation: Move secret to environment variables or secure secret management system
        </failure>
    </testcase>
    <testcase name="Potential AWS Secret Key detected" classname="secretsDetection">
        
        <failure message="Potential hardcoded aws secret key found in source code">
            Location: {"file":"package-lock.json","line":2283}
            Remediation: Move secret to environment variables or secure secret management system
        </failure>
    </testcase>
    <testcase name="Potential AWS Secret Key detected" classname="secretsDetection">
        
        <failure message="Potential hardcoded aws secret key found in source code">
            Location: {"file":"package-lock.json","line":2293}
            Remediation: Move secret to environment variables or secure secret management system
        </failure>
    </testcase>
    <testcase name="Potential AWS Secret Key detected" classname="secretsDetection">
        
        <failure message="Potential hardcoded aws secret key found in source code">
            Location: {"file":"package-lock.json","line":2310}
            Remediation: Move secret to environment variables or secure secret management system
        </failure>
    </testcase>
    <testcase name="Potential AWS Secret Key detected" classname="secretsDetection">
        
        <failure message="Potential hardcoded aws secret key found in source code">
            Location: {"file":"package-lock.json","line":2326}
            Remediation: Move secret to environment variables or secure secret management system
        </failure>
    </testcase>
    <testcase name="Potential AWS Secret Key detected" classname="secretsDetection">
        
        <failure message="Potential hardcoded aws secret key found in source code">
            Location: {"file":"package-lock.json","line":2339}
            Remediation: Move secret to environment variables or secure secret management system
        </failure>
    </testcase>
    <testcase name="Potential AWS Secret Key detected" classname="secretsDetection">
        
        <failure message="Potential hardcoded aws secret key found in source code">
            Location: {"file":"package-lock.json","line":2352}
            Remediation: Move secret to environment variables or secure secret management system
        </failure>
    </testcase>
    <testcase name="Potential AWS Secret Key detected" classname="secretsDetection">
        
        <failure message="Potential hardcoded aws secret key found in source code">
            Location: {"file":"package-lock.json","line":2380}
            Remediation: Move secret to environment variables or secure secret management system
        </failure>
    </testcase>
    <testcase name="Potential AWS Secret Key detected" classname="secretsDetection">
        
        <failure message="Potential hardcoded aws secret key found in source code">
            Location: {"file":"package-lock.json","line":2390}
            Remediation: Move secret to environment variables or secure secret management system
        </failure>
    </testcase>
    <testcase name="Potential AWS Secret Key detected" classname="secretsDetection">
        
        <failure message="Potential hardcoded aws secret key found in source code">
            Location: {"file":"package-lock.json","line":2407}
            Remediation: Move secret to environment variables or secure secret management system
        </failure>
    </testcase>
    <testcase name="Potential AWS Secret Key detected" classname="secretsDetection">
        
        <failure message="Potential hardcoded aws secret key found in source code">
            Location: {"file":"package-lock.json","line":2423}
            Remediation: Move secret to environment variables or secure secret management system
        </failure>
    </testcase>
    <testcase name="Potential AWS Secret Key detected" classname="secretsDetection">
        
        <failure message="Potential hardcoded aws secret key found in source code">
            Location: {"file":"package-lock.json","line":2436}
            Remediation: Move secret to environment variables or secure secret management system
        </failure>
    </testcase>
    <testcase name="Potential AWS Secret Key detected" classname="secretsDetection">
        
        <failure message="Potential hardcoded aws secret key found in source code">
            Location: {"file":"package-lock.json","line":2460}
            Remediation: Move secret to environment variables or secure secret management system
        </failure>
    </testcase>
    <testcase name="Potential AWS Secret Key detected" classname="secretsDetection">
        
        <failure message="Potential hardcoded aws secret key found in source code">
            Location: {"file":"package-lock.json","line":2473}
            Remediation: Move secret to environment variables or secure secret management system
        </failure>
    </testcase>
    <testcase name="Potential AWS Secret Key detected" classname="secretsDetection">
        
        <failure message="Potential hardcoded aws secret key found in source code">
            Location: {"file":"package-lock.json","line":2483}
            Remediation: Move secret to environment variables or secure secret management system
        </failure>
    </testcase>
    <testcase name="Potential AWS Secret Key detected" classname="secretsDetection">
        
        <failure message="Potential hardcoded aws secret key found in source code">
            Location: {"file":"package-lock.json","line":2496}
            Remediation: Move secret to environment variables or secure secret management system
        </failure>
    </testcase>
    <testcase name="Potential AWS Secret Key detected" classname="secretsDetection">
        
        <failure message="Potential hardcoded aws secret key found in source code">
            Location: {"file":"package-lock.json","line":2509}
            Remediation: Move secret to environment variables or secure secret management system
        </failure>
    </testcase>
    <testcase name="Potential AWS Secret Key detected" classname="secretsDetection">
        
        <failure message="Potential hardcoded aws secret key found in source code">
            Location: {"file":"package-lock.json","line":2522}
            Remediation: Move secret to environment variables or secure secret management system
        </failure>
    </testcase>
    <testcase name="Potential AWS Secret Key detected" classname="secretsDetection">
        
        <failure message="Potential hardcoded aws secret key found in source code">
            Location: {"file":"package-lock.json","line":2538}
            Remediation: Move secret to environment variables or secure secret management system
        </failure>
    </testcase>
    <testcase name="Potential AWS Secret Key detected" classname="secretsDetection">
        
        <failure message="Potential hardcoded aws secret key found in source code">
            Location: {"file":"package-lock.json","line":2554}
            Remediation: Move secret to environment variables or secure secret management system
        </failure>
    </testcase>
    <testcase name="Potential AWS Secret Key detected" classname="secretsDetection">
        
        <failure message="Potential hardcoded aws secret key found in source code">
            Location: {"file":"package-lock.json","line":2567}
            Remediation: Move secret to environment variables or secure secret management system
        </failure>
    </testcase>
    <testcase name="Potential AWS Secret Key detected" classname="secretsDetection">
        
        <failure message="Potential hardcoded aws secret key found in source code">
            Location: {"file":"package-lock.json","line":2580}
            Remediation: Move secret to environment variables or secure secret management system
        </failure>
    </testcase>
    <testcase name="Potential AWS Secret Key detected" classname="secretsDetection">
        
        <failure message="Potential hardcoded aws secret key found in source code">
            Location: {"file":"package-lock.json","line":2593}
            Remediation: Move secret to environment variables or secure secret management system
        </failure>
    </testcase>
    <testcase name="Potential AWS Secret Key detected" classname="secretsDetection">
        
        <failure message="Potential hardcoded aws secret key found in source code">
            Location: {"file":"package-lock.json","line":2618}
            Remediation: Move secret to environment variables or secure secret management system
        </failure>
    </testcase>
    <testcase name="Potential AWS Secret Key detected" classname="secretsDetection">
        
        <failure message="Potential hardcoded aws secret key found in source code">
            Location: {"file":"package-lock.json","line":2631}
            Remediation: Move secret to environment variables or secure secret management system
        </failure>
    </testcase>
    <testcase name="Potential AWS Secret Key detected" classname="secretsDetection">
        
        <failure message="Potential hardcoded aws secret key found in source code">
            Location: {"file":"package-lock.json","line":2638}
            Remediation: Move secret to environment variables or secure secret management system
        </failure>
    </testcase>
    <testcase name="Potential AWS Secret Key detected" classname="secretsDetection">
        
        <failure message="Potential hardcoded aws secret key found in source code">
            Location: {"file":"package-lock.json","line":2651}
            Remediation: Move secret to environment variables or secure secret management system
        </failure>
    </testcase>
    <testcase name="Potential AWS Secret Key detected" classname="secretsDetection">
        
        <failure message="Potential hardcoded aws secret key found in source code">
            Location: {"file":"package-lock.json","line":2664}
            Remediation: Move secret to environment variables or secure secret management system
        </failure>
    </testcase>
    <testcase name="Potential AWS Secret Key detected" classname="secretsDetection">
        
        <failure message="Potential hardcoded aws secret key found in source code">
            Location: {"file":"package-lock.json","line":2674}
            Remediation: Move secret to environment variables or secure secret management system
        </failure>
    </testcase>
    <testcase name="Potential AWS Secret Key detected" classname="secretsDetection">
        
        <failure message="Potential hardcoded aws secret key found in source code">
            Location: {"file":"package-lock.json","line":2684}
            Remediation: Move secret to environment variables or secure secret management system
        </failure>
    </testcase>
    <testcase name="Potential AWS Secret Key detected" classname="secretsDetection">
        
        <failure message="Potential hardcoded aws secret key found in source code">
            Location: {"file":"package-lock.json","line":2690}
            Remediation: Move secret to environment variables or secure secret management system
        </failure>
    </testcase>
    <testcase name="Potential AWS Secret Key detected" classname="secretsDetection">
        
        <failure message="Potential hardcoded aws secret key found in source code">
            Location: {"file":"package-lock.json","line":2704}
            Remediation: Move secret to environment variables or secure secret management system
        </failure>
    </testcase>
    <testcase name="Potential AWS Secret Key detected" classname="secretsDetection">
        
        <failure message="Potential hardcoded aws secret key found in source code">
            Location: {"file":"package-lock.json","line":2714}
            Remediation: Move secret to environment variables or secure secret management system
        </failure>
    </testcase>
    <testcase name="Potential AWS Secret Key detected" classname="secretsDetection">
        
        <failure message="Potential hardcoded aws secret key found in source code">
            Location: {"file":"package-lock.json","line":2725}
            Remediation: Move secret to environment variables or secure secret management system
        </failure>
    </testcase>
    <testcase name="Potential AWS Secret Key detected" classname="secretsDetection">
        
        <failure message="Potential hardcoded aws secret key found in source code">
            Location: {"file":"package-lock.json","line":2735}
            Remediation: Move secret to environment variables or secure secret management system
        </failure>
    </testcase>
    <testcase name="Potential AWS Secret Key detected" classname="secretsDetection">
        
        <failure message="Potential hardcoded aws secret key found in source code">
            Location: {"file":"package-lock.json","line":2746}
            Remediation: Move secret to environment variables or secure secret management system
        </failure>
    </testcase>
    <testcase name="Potential AWS Secret Key detected" classname="secretsDetection">
        
        <failure message="Potential hardcoded aws secret key found in source code">
            Location: {"file":"package-lock.json","line":2756}
            Remediation: Move secret to environment variables or secure secret management system
        </failure>
    </testcase>
    <testcase name="Potential AWS Secret Key detected" classname="secretsDetection">
        
        <failure message="Potential hardcoded aws secret key found in source code">
            Location: {"file":"package-lock.json","line":2769}
            Remediation: Move secret to environment variables or secure secret management system
        </failure>
    </testcase>
    <testcase name="Potential AWS Secret Key detected" classname="secretsDetection">
        
        <failure message="Potential hardcoded aws secret key found in source code">
            Location: {"file":"package-lock.json","line":2782}
            Remediation: Move secret to environment variables or secure secret management system
        </failure>
    </testcase>
    <testcase name="Potential AWS Secret Key detected" classname="secretsDetection">
        
        <failure message="Potential hardcoded aws secret key found in source code">
            Location: {"file":"package-lock.json","line":2792}
            Remediation: Move secret to environment variables or secure secret management system
        </failure>
    </testcase>
    <testcase name="Potential AWS Secret Key detected" classname="secretsDetection">
        
        <failure message="Potential hardcoded aws secret key found in source code">
            Location: {"file":"package-lock.json","line":2799}
            Remediation: Move secret to environment variables or secure secret management system
        </failure>
    </testcase>
    <testcase name="Potential AWS Secret Key detected" classname="secretsDetection">
        
        <failure message="Potential hardcoded aws secret key found in source code">
            Location: {"file":"package-lock.json","line":2806}
            Remediation: Move secret to environment variables or secure secret management system
        </failure>
    </testcase>
    <testcase name="Potential AWS Secret Key detected" classname="secretsDetection">
        
        <failure message="Potential hardcoded aws secret key found in source code">
            Location: {"file":"package-lock.json","line":2816}
            Remediation: Move secret to environment variables or secure secret management system
        </failure>
    </testcase>
    <testcase name="Potential AWS Secret Key detected" classname="secretsDetection">
        
        <failure message="Potential hardcoded aws secret key found in source code">
            Location: {"file":"package-lock.json","line":2826}
            Remediation: Move secret to environment variables or secure secret management system
        </failure>
    </testcase>
    <testcase name="Potential AWS Secret Key detected" classname="secretsDetection">
        
        <failure message="Potential hardcoded aws secret key found in source code">
            Location: {"file":"package-lock.json","line":2833}
            Remediation: Move secret to environment variables or secure secret management system
        </failure>
    </testcase>
    <testcase name="Potential AWS Secret Key detected" classname="secretsDetection">
        
        <failure message="Potential hardcoded aws secret key found in source code">
            Location: {"file":"package-lock.json","line":2840}
            Remediation: Move secret to environment variables or secure secret management system
        </failure>
    </testcase>
    <testcase name="Potential AWS Secret Key detected" classname="secretsDetection">
        
        <failure message="Potential hardcoded aws secret key found in source code">
            Location: {"file":"package-lock.json","line":2850}
            Remediation: Move secret to environment variables or secure secret management system
        </failure>
    </testcase>
    <testcase name="Potential AWS Secret Key detected" classname="secretsDetection">
        
        <failure message="Potential hardcoded aws secret key found in source code">
            Location: {"file":"package-lock.json","line":2857}
            Remediation: Move secret to environment variables or secure secret management system
        </failure>
    </testcase>
    <testcase name="Potential AWS Secret Key detected" classname="secretsDetection">
        
        <failure message="Potential hardcoded aws secret key found in source code">
            Location: {"file":"package-lock.json","line":2864}
            Remediation: Move secret to environment variables or secure secret management system
        </failure>
    </testcase>
    <testcase name="Potential AWS Secret Key detected" classname="secretsDetection">
        
        <failure message="Potential hardcoded aws secret key found in source code">
            Location: {"file":"package-lock.json","line":2871}
            Remediation: Move secret to environment variables or secure secret management system
        </failure>
    </testcase>
[...]
            Remediation: Move secret to environment variables or secure secret management system
        </failure>
    </testcase>
    <testcase name="Potential AWS Secret Key detected" classname="secretsDetection">
        
        <failure message="Potential hardcoded aws secret key found in source code">
            Location: {"file":"package-lock.json","line":15203}
            Remediation: Move secret to environment variables or secure secret management system
        </failure>
    </testcase>
    <testcase name="Potential AWS Secret Key detected" classname="secretsDetection">
        
        <failure message="Potential hardcoded aws secret key found in source code">
            Location: {"file":"package-lock.json","line":15216}
            Remediation: Move secret to environment variables or secure secret management system
        </failure>
    </testcase>
    <testcase name="Potential AWS Secret Key detected" classname="secretsDetection">
        
        <failure message="Potential hardcoded aws secret key found in source code">
            Location: {"file":"package-lock.json","line":15226}
            Remediation: Move secret to environment variables or secure secret management system
        </failure>
    </testcase>
    <testcase name="Potential AWS Secret Key detected" classname="secretsDetection">
        
        <failure message="Potential hardcoded aws secret key found in source code">
            Location: {"file":"package-lock.json","line":15239}
            Remediation: Move secret to environment variables or secure secret management system
        </failure>
    </testcase>
    <testcase name="Potential AWS Secret Key detected" classname="secretsDetection">
        
        <failure message="Potential hardcoded aws secret key found in source code">
            Location: {"file":"package-lock.json","line":15253}
            Remediation: Move secret to environment variables or secure secret management system
        </failure>
    </testcase>
    <testcase name="Potential AWS Secret Key detected" classname="secretsDetection">
        
        <failure message="Potential hardcoded aws secret key found in source code">
            Location: {"file":"package-lock.json","line":15268}
            Remediation: Move secret to environment variables or secure secret management system
        </failure>
    </testcase>
    <testcase name="Potential AWS Secret Key detected" classname="secretsDetection">
        
        <failure message="Potential hardcoded aws secret key found in source code">
            Location: {"file":"package-lock.json","line":15282}
            Remediation: Move secret to environment variables or secure secret management system
        </failure>
    </testcase>
    <testcase name="Potential AWS Secret Key detected" classname="secretsDetection">
        
        <failure message="Potential hardcoded aws secret key found in source code">
            Location: {"file":"package-lock.json","line":15289}
            Remediation: Move secret to environment variables or secure secret management system
        </failure>
    </testcase>
    <testcase name="Potential AWS Secret Key detected" classname="secretsDetection">
        
        <failure message="Potential hardcoded aws secret key found in source code">
            Location: {"file":"package-lock.json","line":15296}
            Remediation: Move secret to environment variables or secure secret management system
        </failure>
    </testcase>
    <testcase name="Potential AWS Secret Key detected" classname="secretsDetection">
        
        <failure message="Potential hardcoded aws secret key found in source code">
            Location: {"file":"package-lock.json","line":15306}
            Remediation: Move secret to environment variables or secure secret management system
        </failure>
    </testcase>
    <testcase name="Potential AWS Secret Key detected" classname="secretsDetection">
        
        <failure message="Potential hardcoded aws secret key found in source code">
            Location: {"file":"package-lock.json","line":15319}
            Remediation: Move secret to environment variables or secure secret management system
        </failure>
    </testcase>
    <testcase name="Potential AWS Secret Key detected" classname="secretsDetection">
        
        <failure message="Potential hardcoded aws secret key found in source code">
            Location: {"file":"package-lock.json","line":15333}
            Remediation: Move secret to environment variables or secure secret management system
        </failure>
    </testcase>
    <testcase name="Potential AWS Secret Key detected" classname="secretsDetection">
        
        <failure message="Potential hardcoded aws secret key found in source code">
            Location: {"file":"package-lock.json","line":15347}
            Remediation: Move secret to environment variables or secure secret management system
        </failure>
    </testcase>
    <testcase name="Potential AWS Secret Key detected" classname="secretsDetection">
        
        <failure message="Potential hardcoded aws secret key found in source code">
            Location: {"file":"package-lock.json","line":15363}
            Remediation: Move secret to environment variables or secure secret management system
        </failure>
    </testcase>
    <testcase name="Potential AWS Secret Key detected" classname="secretsDetection">
        
        <failure message="Potential hardcoded aws secret key found in source code">
            Location: {"file":"package-lock.json","line":15370}
            Remediation: Move secret to environment variables or secure secret management system
        </failure>
    </testcase>
    <testcase name="Potential AWS Secret Key detected" classname="secretsDetection">
        
        <failure message="Potential hardcoded aws secret key found in source code">
            Location: {"file":"package-lock.json","line":15380}
            Remediation: Move secret to environment variables or secure secret management system
        </failure>
    </testcase>
    <testcase name="Potential AWS Secret Key detected" classname="secretsDetection">
        
        <failure message="Potential hardcoded aws secret key found in source code">
            Location: {"file":"package-lock.json","line":15393}
            Remediation: Move secret to environment variables or secure secret management system
        </failure>
    </testcase>
    <testcase name="Potential AWS Secret Key detected" classname="secretsDetection">
        
        <failure message="Potential hardcoded aws secret key found in source code">
            Location: {"file":"package-lock.json","line":15406}
            Remediation: Move secret to environment variables or secure secret management system
        </failure>
    </testcase>
    <testcase name="Potential AWS Secret Key detected" classname="secretsDetection">
        
        <failure message="Potential hardcoded aws secret key found in source code">
            Location: {"file":"package-lock.json","line":15416}
            Remediation: Move secret to environment variables or secure secret management system
        </failure>
    </testcase>
    <testcase name="Potential AWS Secret Key detected" classname="secretsDetection">
        
        <failure message="Potential hardcoded aws secret key found in source code">
            Location: {"file":"package-lock.json","line":15447}
            Remediation: Move secret to environment variables or secure secret management system
        </failure>
    </testcase>
    <testcase name="Potential AWS Secret Key detected" classname="secretsDetection">
        
        <failure message="Potential hardcoded aws secret key found in source code">
            Location: {"file":"package-lock.json","line":15457}
            Remediation: Move secret to environment variables or secure secret management system
        </failure>
    </testcase>
    <testcase name="Potential AWS Secret Key detected" classname="secretsDetection">
        
        <failure message="Potential hardcoded aws secret key found in source code">
            Location: {"file":"package-lock.json","line":15467}
            Remediation: Move secret to environment variables or secure secret management system
        </failure>
    </testcase>
    <testcase name="Potential AWS Secret Key detected" classname="secretsDetection">
        
        <failure message="Potential hardcoded aws secret key found in source code">
            Location: {"file":"package-lock.json","line":15477}
            Remediation: Move secret to environment variables or secure secret management system
        </failure>
    </testcase>
    <testcase name="Potential AWS Secret Key detected" classname="secretsDetection">
        
        <failure message="Potential hardcoded aws secret key found in source code">
            Location: {"file":"package-lock.json","line":15483}
            Remediation: Move secret to environment variables or secure secret management system
        </failure>
    </testcase>
    <testcase name="Potential AWS Secret Key detected" classname="secretsDetection">
        
        <failure message="Potential hardcoded aws secret key found in source code">
            Location: {"file":"package-lock.json","line":15496}
            Remediation: Move secret to environment variables or secure secret management system
        </failure>
    </testcase>
    <testcase name="Potential AWS Secret Key detected" classname="secretsDetection">
        
        <failure message="Potential hardcoded aws secret key found in source code">
            Location: {"file":"package-lock.json","line":15503}
            Remediation: Move secret to environment variables or secure secret management system
        </failure>
    </testcase>
    <testcase name="Potential AWS Secret Key detected" classname="secretsDetection">
        
        <failure message="Potential hardcoded aws secret key found in source code">
            Location: {"file":"package-lock.json","line":15513}
            Remediation: Move secret to environment variables or secure secret management system
        </failure>
    </testcase>
    <testcase name="Potential AWS Secret Key detected" classname="secretsDetection">
        
        <failure message="Potential hardcoded aws secret key found in source code">
            Location: {"file":"package-lock.json","line":15522}
            Remediation: Move secret to environment variables or secure secret management system
        </failure>
    </testcase>
    <testcase name="Potential AWS Secret Key detected" classname="secretsDetection">
        
        <failure message="Potential hardcoded aws secret key found in source code">
            Location: {"file":"package-lock.json","line":15537}
            Remediation: Move secret to environment variables or secure secret management system
        </failure>
    </testcase>
    <testcase name="Potential AWS Secret Key detected" classname="secretsDetection">
        
        <failure message="Potential hardcoded aws secret key found in source code">
            Location: {"file":"package-lock.json","line":15548}
            Remediation: Move secret to environment variables or secure secret management system
        </failure>
    </testcase>
    <testcase name="Potential AWS Secret Key detected" classname="secretsDetection">
        
        <failure message="Potential hardcoded aws secret key found in source code">
            Location: {"file":"package-lock.json","line":15559}
            Remediation: Move secret to environment variables or secure secret management system
        </failure>
    </testcase>
    <testcase name="Potential AWS Secret Key detected" classname="secretsDetection">
        
        <failure message="Potential hardcoded aws secret key found in source code">
            Location: {"file":"package-lock.json","line":15569}
            Remediation: Move secret to environment variables or secure secret management system
        </failure>
    </testcase>
    <testcase name="Potential AWS Secret Key detected" classname="secretsDetection">
        
        <failure message="Potential hardcoded aws secret key found in source code">
            Location: {"file":"package-lock.json","line":15579}
            Remediation: Move secret to environment variables or secure secret management system
        </failure>
    </testcase>
    <testcase name="Potential AWS Secret Key detected" classname="secretsDetection">
        
        <failure message="Potential hardcoded aws secret key found in source code">
            Location: {"file":"package-lock.json","line":15595}
            Remediation: Move secret to environment variables or secure secret management system
        </failure>
    </testcase>
    <testcase name="Potential AWS Secret Key detected" classname="secretsDetection">
        
        <failure message="Potential hardcoded aws secret key found in source code">
            Location: {"file":"package-lock.json","line":15616}
            Remediation: Move secret to environment variables or secure secret management system
        </failure>
    </testcase>
    <testcase name="Potential AWS Secret Key detected" classname="secretsDetection">
        
        <failure message="Potential hardcoded aws secret key found in source code">
            Location: {"file":"package-lock.json","line":15626}
            Remediation: Move secret to environment variables or secure secret management system
        </failure>
    </testcase>
    <testcase name="Potential AWS Secret Key detected" classname="secretsDetection">
        
        <failure message="Potential hardcoded aws secret key found in source code">
            Location: {"file":"package-lock.json","line":15633}
            Remediation: Move secret to environment variables or secure secret management system
        </failure>
    </testcase>
    <testcase name="Potential AWS Secret Key detected" classname="secretsDetection">
        
        <failure message="Potential hardcoded aws secret key found in source code">
            Location: {"file":"package-lock.json","line":15652}
            Remediation: Move secret to environment variables or secure secret management system
        </failure>
    </testcase>
    <testcase name="Potential AWS Secret Key detected" classname="secretsDetection">
        
        <failure message="Potential hardcoded aws secret key found in source code">
            Location: {"file":"package-lock.json","line":15671}
            Remediation: Move secret to environment variables or secure secret management system
        </failure>
    </testcase>
    <testcase name="Potential AWS Secret Key detected" classname="secretsDetection">
        
        <failure message="Potential hardcoded aws secret key found in source code">
            Location: {"file":"package-lock.json","line":15678}
            Remediation: Move secret to environment variables or secure secret management system
        </failure>
    </testcase>
    <testcase name="Potential AWS Secret Key detected" classname="secretsDetection">
        
        <failure message="Potential hardcoded aws secret key found in source code">
            Location: {"file":"package-lock.json","line":15692}
            Remediation: Move secret to environment variables or secure secret management system
        </failure>
    </testcase>
    <testcase name="Potential AWS Secret Key detected" classname="secretsDetection">
        
        <failure message="Potential hardcoded aws secret key found in source code">
            Location: {"file":"package-lock.json","line":15713}
            Remediation: Move secret to environment variables or secure secret management system
        </failure>
    </testcase>
    <testcase name="Potential AWS Secret Key detected" classname="secretsDetection">
        
        <failure message="Potential hardcoded aws secret key found in source code">
            Location: {"file":"package-lock.json","line":15726}
            Remediation: Move secret to environment variables or secure secret management system
        </failure>
    </testcase>
    <testcase name="Potential AWS Secret Key detected" classname="secretsDetection">
        
        <failure message="Potential hardcoded aws secret key found in source code">
            Location: {"file":"package-lock.json","line":15735}
            Remediation: Move secret to environment variables or secure secret management system
        </failure>
    </testcase>
    <testcase name="Potential AWS Secret Key detected" classname="secretsDetection">
        
        <failure message="Potential hardcoded aws secret key found in source code">
            Location: {"file":"package-lock.json","line":15752}
            Remediation: Move secret to environment variables or secure secret management system
        </failure>
    </testcase>
    <testcase name="Potential AWS Secret Key detected" classname="secretsDetection">
        
        <failure message="Potential hardcoded aws secret key found in source code">
            Location: {"file":"package-lock.json","line":15763}
            Remediation: Move secret to environment variables or secure secret management system
        </failure>
    </testcase>
    <testcase name="Potential AWS Secret Key detected" classname="secretsDetection">
        
        <failure message="Potential hardcoded aws secret key found in source code">
            Location: {"file":"package-lock.json","line":15778}
            Remediation: Move secret to environment variables or secure secret management system
        </failure>
    </testcase>
    <testcase name="Potential AWS Secret Key detected" classname="secretsDetection">
        
        <failure message="Potential hardcoded aws secret key found in source code">
            Location: {"file":"package-lock.json","line":15786}
            Remediation: Move secret to environment variables or secure secret management system
        </failure>
    </testcase>
    <testcase name="Potential AWS Secret Key detected" classname="secretsDetection">
        
        <failure message="Potential hardcoded aws secret key found in source code">
            Location: {"file":"package-lock.json","line":15796}
            Remediation: Move secret to environment variables or secure secret management system
        </failure>
    </testcase>
    <testcase name="Potential AWS Secret Key detected" classname="secretsDetection">
        
        <failure message="Potential hardcoded aws secret key found in source code">
            Location: {"file":"package-lock.json","line":15806}
            Remediation: Move secret to environment variables or secure secret management system
        </failure>
    </testcase>
    <testcase name="Potential AWS Secret Key detected" classname="secretsDetection">
        
        <failure message="Potential hardcoded aws secret key found in source code">
            Location: {"file":"package-lock.json","line":15813}
            Remediation: Move secret to environment variables or secure secret management system
        </failure>
    </testcase>
    <testcase name="Potential AWS Secret Key detected" classname="secretsDetection">
        
        <failure message="Potential hardcoded aws secret key found in source code">
            Location: {"file":"package-lock.json","line":15832}
            Remediation: Move secret to environment variables or secure secret management system
        </failure>
    </testcase>
    <testcase name="Potential AWS Secret Key detected" classname="secretsDetection">
        
        <failure message="Potential hardcoded aws secret key found in source code">
            Location: {"file":"package-lock.json","line":15842}
            Remediation: Move secret to environment variables or secure secret management system
        </failure>
    </testcase>
</testsuite>