<?xml version="1.0" encoding="UTF-8"?>
<testsuite name="SecurityScan" tests="1022" failures="1022" time="0">
    
    <testcase name="Potential AWS Secret Key detected" classname="secretsDetection">
        
        <failure message="Potential hardcoded aws secret key found in source code">
            Location: {"file":"docker-compose.yml","line":134}
            Remediation: Move secret to environment variables or secure secret management system
        </failure>
    </testcase>
    <testcase name="Potential AWS Secret Key detected" classname="secretsDetection">
        
        <failure message="Potential hardcoded aws secret key found in source code">
            Location: {"file":"docs/workflows/examples/security-scan.yml","line":260}
            Remediation: Move secret to environment variables or secure secret management system
        </failure>
    </testcase>
    <testcase name="Potential Generic Secret detected" classname="secretsDetection">
        
        <failure message="Potential hardcoded generic secret found in source code">
            Location: {"file":"feature-flags.config.js","line":27}
            Remediation: Move secret to environment variables or secure secret management system
        </failure>
    </testcase>
    <testcase name="Potential Generic Secret detected" classname="secretsDetection">
        
        <failure message="Potential hardcoded generic secret found in source code">
            Location: {"file":"feature-flags.config.js","line":71}
            Remediation: Move secret to environment variables or secure secret management system
        </failure>
    </testcase>
    <testcase name="Potential Generic Secret detected" classname="secretsDetection">
        
        <failure message="Potential hardcoded generic secret found in source code">
            Location: {"file":"feature-flags.config.js","line":97}
            Remediation: Move secret to environment variables or secure secret management system
        </failure>
    </testcase>
    <testcase name="Potential Generic Secret detected" classname="secretsDetection">
        
        <failure message="Potential hardcoded generic secret found in source code">
            Location: {"file":"feature-flags.config.js","line":131}
            Remediation: Move secret to environment variables or secure secret management system
        </failure>
    </testcase>
    <testcase name="Potential Generic Secret detected" classname="secretsDetection">
        
        <failure message="Potential hardcoded generic secret found in source code">
            Location: {"file":"feature-flags.config.js","line":155}
            Remediation: Move secret to environment variables or secure secret management system
        </failure>
    </testcase>
    <testcase name="Potential Generic Secret detected" classname="secretsDetection">
        
        <failure message="Potential hardcoded generic secret found in source code">
            Location: {"file":"feature-flags.config.js","line":187}
            Remediation: Move secret to environment variables or secure secret management system
        </failure>
    </testcase>
    <testcase name="Potential Generic Secret detected" classname="secretsDetection">
        
        <failure message="Potential hardcoded generic secret found in source code">
            Location: {"file":"feature-flags.config.js","line":216}
            Remediation: Move secret to environment variables or secure secret management system
        </failure>
    </testcase>
    <testcase name="Potential AWS Secret Key detected" classname="secretsDetection">
        
        <failure message="Potential hardcoded aws secret key found in source code">
            Location: {"file":"package-lock.json","line":37}
            Remediation: Move secret to environment variables or secure secret management system
        </failure>
    </testcase>
    <testcase name="Potential AWS Secret Key detected" classname="secretsDetection">
        
        <failure message="Potential hardcoded aws secret key found in source code">
            Location: {"file":"package-lock.json","line":51}
            Remediation: Move secret to environment variables or secure secret management system
        </failure>
    </testcase>
    <testcase name="Potential AWS Secret Key detected" classname="secretsDetection">
        
        <failure message="Potential hardcoded aws secret key found in source code">
            Location: {"file":"package-lock.json","line":66}
            Remediation: Move secret to environment variables or secure secret management system
        </failure>
    </testcase>
    <testcase name="Potential AWS Secret Key detected" classname="secretsDetection">
        
        <failure message="Potential hardcoded aws secret key found in source code">
            Location: {"file":"package-lock.json","line":76}
            Remediation: Move secret to environment variables or secure secret management system
        </failure>
    </testcase>
    <testcase name="Potential AWS Secret Key detected" classname="secretsDetection">
        
        <failure message="Potential hardcoded aws secret key found in source code">
            Location: {"file":"package-lock.json","line":107}
            Remediation: Move secret to environment variables or secure secret management system
        </failure>
    </testcase>
    <testcase name="Potential AWS Secret Key detected" classname="secretsDetection">
        
        <failure message="Potential hardcoded aws secret key found in source code">
            Location: {"file":"package-lock.json","line":117}
            Remediation: Move secret to environment variables or secure secret management system
        </failure>
    </testcase>
    <testcase name="Potential AWS Secret Key detected" classname="secretsDetection">
        
        <failure message="Potential hardcoded aws secret key found in source code">
            Location: {"file":"package-lock.json","line":134}
            Remediation: Move secret to environment variables or secure secret management system
        </failure>
    </testcase>
    <testcase name="Potential AWS Secret Key detected" classname="secretsDetection">
        
        <failure message="Potential hardcoded aws secret key found in source code">
            Location: {"file":"package-lock.json","line":151}
            Remediation: Move secret to environment variables or secure secret management system
        </failure>
    </testcase>
    <testcase name="Potential AWS Secret Key detected" classname="secretsDetection">
        
        <failure message="Potential hardcoded aws secret key found in source code">
            Location: {"file":"package-lock.json","line":161}
            Remediation: Move secret to environment variables or secure secret management system
        </failure>
    </testcase>
    <testcase name="Potential AWS Secret Key detected" classname="secretsDetection">
        
        <failure message="Potential hardcoded aws secret key found in source code">
            Location: {"file":"package-lock.json","line":171}
            Remediation: Move secret to environment variables or secure secret management system
        </failure>
    </testcase>
    <testcase name="Potential AWS Secret Key detected" classname="secretsDetection">
        
        <failure message="Potential hardcoded aws secret key found in source code">
            Location: {"file":"package-lock.json","line":185}
            Remediation: Move secret to environment variables or secure secret management system
        </failure>
    </testcase>
    <testcase name="Potential AWS Secret Key detected" classname="secretsDetection">
        
        <failure message="Potential hardcoded aws secret key found in source code">
            Location: {"file":"package-lock.json","line":203}
            Remediation: Move secret to environment variables or secure secret management system
        </failure>
    </testcase>
    <testcase name="Potential AWS Secret Key detected" classname="secretsDetection">
        
        <failure message="Potential hardcoded aws secret key found in source code">
            Location: {"file":"package-lock.json","line":213}
            Remediation: Move secret to environment variables or secure secret management system
        </failure>
    </testcase>
    <testcase name="Potential AWS Secret Key detected" classname="secretsDetection">
        
        <failure message="Potential hardcoded aws secret key found in source code">
            Location: {"file":"package-lock.json","line":223}
            Remediation: Move secret to environment variables or secure secret management system
        </failure>
    </testcase>
    <testcase name="Potential AWS Secret Key detected" classname="secretsDetection">
        
        <failure message="Potential hardcoded aws secret key found in source code">
            Location: {"file":"package-lock.json","line":233}
            Remediation: Move secret to environment variables or secure secret management system
        </failure>
    </testcase>
    <testcase name="Potential AWS Secret Key detected" classname="secretsDetection">
        
        <failure message="Potential hardcoded aws secret key found in source code">
            Location: {"file":"package-lock.json","line":243}
            Remediation: Move secret to environment variables or secure secret management system
        </failure>
    </testcase>
    <testcase name="Potential AWS Secret Key detected" classname="secretsDetection">
        
        <failure message="Potential hardcoded aws secret key found in source code">
            Location: {"file":"package-lock.json","line":257}
            Remediation: Move secret to environment variables or secure secret management system
        </failure>
    </testcase>
    <testcase name="Potential AWS Secret Key detected" classname="secretsDetection">
        
        <failure message="Potential hardcoded aws secret key found in source code">
            Location: {"file":"package-lock.json","line":273}
            Remediation: Move secret to environment variables or secure secret management system
        </failure>
    </testcase>
    <testcase name="Potential AWS Secret Key detected" classname="secretsDetection">
        
        <failure message="Potential hardcoded aws secret key found in source code">
            Location: {"file":"package-lock.json","line":286}
            Remediation: Move secret to environment variables or secure secret management system
        </failure>
    </testcase>
    <testcase name="Potential AWS Secret Key detected" classname="secretsDetection">
        
        <failure message="Potential hardcoded aws secret key found in source code">
            Location: {"file":"package-lock.json","line":299}
            Remediation: Move secret to environment variables or secure secret management system
        </failure>
    </testcase>
    <testcase name="Potential AWS Secret Key detected" classname="secretsDetection">
        
        <failure message="Potential hardcoded aws secret key found in source code">
            Location: {"file":"package-lock.json","line":312}
            Remediation: Move secret to environment variables or secure secret management system
        </failure>
    </testcase>
    <testcase name="Potential AWS Secret Key detected" classname="secretsDetection">
        
        <failure message="Potential hardcoded aws secret key found in source code">
            Location: {"file":"package-lock.json","line":328}
            Remediation: Move secret to environment variables or secure secret management system
        </failure>
    </testcase>
    <testcase name="Potential AWS Secret Key detected" classname="secretsDetection">
        
        <failure message="Potential hardcoded aws secret key found in source code">
            Location: {"file":"package-lock.json","line":344}
            Remediation: Move secret to environment variables or secure secret management system
        </failure>
    </testcase>
    <testcase name="Potential AWS Secret Key detected" classname="secretsDetection">
        
        <failure message="Potential hardcoded aws secret key found in source code">
            Location: {"file":"package-lock.json","line":357}
            Remediation: Move secret to environment variables or secure secret management system
        </failure>
    </testcase>
    <testcase name="Potential AWS Secret Key detected" classname="secretsDetection">
        
        <failure message="Potential hardcoded aws secret key found in source code">
            Location: {"file":"package-lock.json","line":370}
            Remediation: Move secret to environment variables or secure secret management system
        </failure>
    </testcase>
    <testcase name="Potential AWS Secret Key detected" classname="secretsDetection">
        
        <failure message="Potential hardcoded aws secret key found in source code">
            Location: {"file":"package-lock.json","line":386}
            Remediation: Move secret to environment variables or secure secret management system
        </failure>
    </testcase>
    <testcase name="Potential AWS Secret Key detected" classname="secretsDetection">
        
        <failure message="Potential hardcoded aws secret key found in source code">
            Location: {"file":"package-lock.json","line":399}
            Remediation: Move secret to environment variables or secure secret management system
        </failure>
    </testcase>
    <testcase name="Potential AWS Secret Key detected" classname="secretsDetection">
        
        <failure message="Potential hardcoded aws secret key found in source code">
            Location: {"file":"package-lock.json","line":412}
            Remediation: Move secret to environment variables or secure secret management system
        </failure>
    </testcase>
    <testcase name="Potential AWS Secret Key detected" classname="secretsDetection">
        
        <failure message="Potential hardcoded aws secret key found in source code">
            Location: {"file":"package-lock.json","line":425}
            Remediation: Move secret to environment variables or secure secret management system
        </failure>
    </testcase>
    <testcase name="Potential AWS Secret Key detected" classname="secretsDetection">
        
        <failure message="Potential hardcoded aws secret key found in source code">
            Location: {"file":"package-lock.json","line":438}
            Remediation: Move secret to environment variables or secure secret management system
        </failure>
    </testcase>
    <testcase name="Potential AWS Secret Key detected" classname="secretsDetection">
        
        <failure message="Potential hardcoded aws secret key found in source code">
            Location: {"file":"package-lock.json","line":451}
            Remediation: Move secret to environment variables or secure secret management system
        </failure>
    </testcase>
    <testcase name="Potential AWS Secret Key detected" classname="secretsDetection">
        
        <failure message="Potential hardcoded aws secret key found in source code">
            Location: {"file":"package-lock.json","line":464}
            Remediation: Move secret to environment variables or secure secret management system
        </failure>
    </testcase>
    <testcase name="Potential AWS Secret Key detected" classname="secretsDetection">
        
        <failure message="Potential hardcoded aws secret key found in source code">
            Location: {"file":"package-lock.json","line":480}
            Remediation: Move secret to environment variables or secure secret management system
        </failure>
    </testcase>
    <testcase name="Potential AWS Secret Key detected" classname="secretsDetection">
        
        <failure message="Potential hardcoded aws secret key found in source code">
            Location: {"file":"package-lock.json","line":496}
            Remediation: Move secret to environment variables or secure secret management system
        </failure>
    </testcase>
    <testcase name="Potential AWS Secret Key detected" classname="secretsDetection">
        
        <failure message="Potential hardcoded aws secret key found in source code">
            Location: {"file":"package-lock.json","line":512}
            Remediation: Move secret to environment variables or secure secret management system
        </failure>
    </testcase>
    <testcase name="Potential AWS Secret Key detected" classname="secretsDetection">
        
        <failure message="Potential hardcoded aws secret key found in source code">
            Location: {"file":"package-lock.json","line":527}
            Remediation: Move secret to environment variables or secure secret management system
        </failure>
    </testcase>
    <testcase name="Potential AWS Secret Key detected" classname="secretsDetection">
        
        <failure message="Potential hardcoded aws secret key found in source code">
            Location: {"file":"package-lock.json","line":546}
            Remediation: Move secret to environment variables or secure secret management system
        </failure>
    </testcase>
    <testcase name="Potential AWS Secret Key detected" classname="secretsDetection">
        
        <failure message="Potential hardcoded aws secret key found in source code">
            Location: {"file":"package-lock.json","line":560}
            Remediation: Move secret to environment variables or secure secret management system
        </failure>
    </testcase>
    <testcase name="Potential AWS Secret Key detected" classname="secretsDetection">
        
        <failure message="Potential hardcoded aws secret key found in source code">
            Location: {"file":"package-lock.json","line":567}
            Remediation: Move secret to environment variables or secure secret management system
        </failure>
    </testcase>
    <testcase name="Potential AWS Secret Key detected" classname="secretsDetection">
        
        <failure message="Potential hardcoded aws secret key found in source code">
            Location: {"file":"package-lock.json","line":578}
            Remediation: Move secret to environment variables or secure secret management system
        </failure>
    </testcase>
    <testcase name="Potential AWS Secret Key detected" classname="secretsDetection">
        
        <failure message="Potential hardcoded aws secret key found in source code">
            Location: {"file":"package-lock.json","line":603}
            Remediation: Move secret to environment variables or secure secret management system
        </failure>
    </testcase>
    <testcase name="Potential AWS Secret Key detected" classname="secretsDetection">
        
        <failure message="Potential hardcoded aws secret key found in source code">
            Location: {"file":"package-lock.json","line":617}
            Remediation: Move secret to environment variables or secure secret management system
        </failure>
    </testcase>
    <testcase name="Potential AWS Secret Key detected" classname="secretsDetection">
        
        <failure message="Potential hardcoded aws secret key found in source code">
            Location: {"file":"package-lock.json","line":631}
            Remediation: Move secret to environment variables or secure secret management system
        </failure>
    </testcase>
    <testcase name="Potential AWS Secret Key detected" classname="secretsDetection">
        
        <failure message="Potential hardcoded aws secret key found in source code">
            Location: {"file":"package-lock.json","line":649}
            Remediation: Move secret to environment variables or secure secret management system
        </failure>
    </testcase>
    <testcase name="Potential AWS Secret Key detected" classname="secretsDetection">
        
        <failure message="Potential hardcoded aws secret key found in source code">
            Location: {"file":"package-lock.json","line":659}
            Remediation: Move secret to environment variables or secure secret management system
        </failure>
    </testcase>
    <testcase name="Potential AWS Secret Key detected" classname="secretsDetection">
        
        <failure message="Potential hardcoded aws secret key found in source code">
            Location: {"file":"package-lock.json","line":673}
            Remediation: Move secret to environment variables or secure secret management system
        </failure>
    </testcase>
    <testcase name="Potential AWS Secret Key detected" classname="secretsDetection">
        
        <failure message="Potential hardcoded aws secret key found in source code">
            Location: {"file":"package-lock.json","line":687}
            Remediation: Move secret to environment variables or secure secret management system
        </failure>
    </testcase>
    <testcase name="Potential AWS Secret Key detected" classname="secretsDetection">
        
        <failure message="Potential hardcoded aws secret key found in source code">
            Location: {"file":"package-lock.json","line":703}
            Remediation: Move secret to environment variables or secure secret management system
        </failure>
    </testcase>
    <testcase name="Potential AWS Secret Key detected" classname="secretsDetection">
        
        <failure message="Potential hardcoded aws secret key found in source code">
            Location: {"file":"package-lock.json","line":726}
            Remediation: Move secret to environment variables or secure secret management system
        </failure>
    </testcase>
    <testcase name="Potential AWS Secret Key detected" classname="secretsDetection">
        
        <failure message="Potential hardcoded aws secret key found in source code">
            Location: {"file":"package-lock.json","line":736}
            Remediation: Move secret to environment variables or secure secret management system
        </failure>
    </testcase>
    <testcase name="Potential AWS Secret Key detected" classname="secretsDetection">
        
        <failure message="Potential hardcoded aws secret key found in source code">
            Location: {"file":"package-lock.json","line":751}
            Remediation: Move secret to environment variables or secure secret management system
        </failure>
    </testcase>
    <testcase name="Potential AWS Secret Key detected" classname="secretsDetection">
        
        <failure message="Potential hardcoded aws secret key found in source code">
            Location: {"file":"package-lock.json","line":767}
            Remediation: Move secret to environment variables or secure secret management system
        </failure>
    </testcase>
    <testcase name="Potential AWS Secret Key detected" classname="secretsDetection">
        
        <failure message="Potential hardcoded aws secret key found in source code">
            Location: {"file":"package-lock.json","line":785}
            Remediation: Move secret to environment variables or secure secret management system
        </failure>
    </testcase>
    <testcase name="Potential AWS Secret Key detected" classname="secretsDetection">
        
        <failure message="Potential hardcoded aws secret key found in source code">
            Location: {"file":"package-lock.json","line":802}
            Remediation: Move secret to environment variables or secure secret management system
        </failure>
    </testcase>
    <testcase name="Potential AWS Secret Key detected" classname="secretsDetection">
        
        <failure message="Potential hardcoded aws secret key found in source code">
            Location: {"file":"package-lock.json","line":812}
            Remediation: Move secret to environment variables or secure secret management system
        </failure>
    </testcase>
    <testcase name="Potential AWS Secret Key detected" classname="secretsDetection">
        
        <failure message="Potential hardcoded aws secret key found in source code">
            Location: {"file":"package-lock.json","line":825}
            Remediation: Move secret to environment variables or secure secret management system
        </failure>
    </testcase>
    <testcase name="Potential AWS Secret Key detected" classname="secretsDetection">
        
        <failure message="Potential hardcoded aws secret key found in source code">
            Location: {"file":"package-lock.json","line":838}
            Remediation: Move secret to environment variables or secure secret management system
        </failure>
    </testcase>
    <testcase name="Potential AWS Secret Key detected" classname="secretsDetection">
        
        <failure message="Potential hardcoded aws secret key found in source code">
            Location: {"file":"package-lock.json","line":849}
            Remediation: Move secret to environment variables or secure secret management system
        </failure>
    </testcase>
    <testcase name="Potential AWS Secret Key detected" classname="secretsDetection">
        
        <failure message="Potential hardcoded aws secret key found in source code">
            Location: {"file":"package-lock.json","line":877}
            Remediation: Move secret to environment variables or secure secret management system
        </failure>
    </testcase>
    <testcase name="Potential AWS Secret Key detected" classname="secretsDetection">
        
        <failure message="Potential hardcoded aws secret key found in source code">
            Location: {"file":"package-lock.json","line":904}
            Remediation: Move secret to environment variables or secure secret management system
        </failure>
    </testcase>
    <testcase name="Potential AWS Secret Key detected" classname="secretsDetection">
        
        <failure message="Potential hardcoded aws secret key found in source code">
            Location: {"file":"package-lock.json","line":925}
            Remediation: Move secret to environment variables or secure secret management system
        </failure>
    </testcase>
    <testcase name="Potential AWS Secret Key detected" classname="secretsDetection">
        
        <failure message="Potential hardcoded aws secret key found in source code">
            Location: {"file":"package-lock.json","line":944}
            Remediation: Move secret to environment variables or secure secret management system
        </failure>
    </testcase>
    <testcase name="Potential AWS Secret Key detected" classname="secretsDetection">
        
        <failure message="Potential hardcoded aws secret key found in source code">
            Location: {"file":"package-lock.json","line":954}
            Remediation: Move secret to environment variables or secure secret management system
        </failure>
    </testcase>
    <testcase name="Potential AWS Secret Key detected" classname="secretsDetection">
        
        <failure message="Potential hardcoded aws secret key found in source code">
            Location: {"file":"package-lock.json","line":978}
            Remediation: Move secret to environment variables or secure secret management system
        </failure>
    </testcase>
    <testcase name="Potential AWS Secret Key detected" classname="secretsDetection">
        
        <failure message="Potential hardcoded aws secret key found in source code">
            Location: {"file":"package-lock.json","line":995}
            Remediation: Move secret to environment variables or secure secret management system
        </failure>
    </testcase>
    <testcase name="Potential AWS Secret Key detected" classname="secretsDetection">
        
        <failure message="Potential hardcoded aws secret key found in source code">
            Location: {"file":"package-lock.json","line":1002}
            Remediation: Move secret to environment variables or secure secret management system
        </failure>
    </testcase>
    <testcase name="Potential AWS Secret Key detected" classname="secretsDetection">
        
        <failure message="Potential hardcoded aws secret key found in source code">
            Location: {"file":"package-lock.json","line":1012}
            Remediation: Move secret to environment variables or secure secret management system
        </failure>
    </testcase>
    <testcase name="Potential AWS Secret Key detected" classname="secretsDetection">
        
        <failure message="Potential hardcoded aws secret key found in source code">
            Location: {"file":"package-lock.json","line":1024}
            Remediation: Move secret to environment variables or secure secret management system
        </failure>
    </testcase>
    <testcase name="Potential AWS Secret Key detected" classname="secretsDetection">
        
        <failure message="Potential hardcoded aws secret key found in source code">
            Location: {"file":"package-lock.json","line":1030}
            Remediation: Move secret to environment variables or secure secret management system
        </failure>
    </testcase>
    <testcase name="Potential AWS Secret Key detected" classname="secretsDetection">
        
        <failure message="Potential hardcoded aws secret key found in source code">
            Location: {"file":"package-lock.json","line":1036}
            Remediation: Move secret to environment variables or secure secret management system
        </failure>
    </testcase>
    <testcase name="Potential AWS Secret Key detected" classname="secretsDetection">
        
        <failure message="Potential hardcoded aws secret key found in source code">
            Location: {"file":"package-lock.json","line":1042}
            Remediation: Move secret to environment variables or secure secret management system
        </failure>
    </testcase>
    <testcase name="Potential AWS Secret Key detected" classname="secretsDetection">
        
        <failure message="Potential hardcoded aws secret key found in source code">
            Location: {"file":"package-lock.json","line":1051}
            Remediation: Move secret to environment variables or secure secret management system
        </failure>
    </testcase>
    <testcase name="Potential AWS Secret Key detected" classname="secretsDetection">
        
        <failure message="Potential hardcoded aws secret key found in source code">
            Location: {"file":"package-lock.json","line":1060}
            Remediation: Move secret to environment variables or secure secret management system
        </failure>
    </testcase>
    <testcase name="Potential AWS Secret Key detected" classname="secretsDetection">
        
        <failure message="Potential hardcoded aws secret key found in source code">
            Location: {"file":"package-lock.json","line":1076}
            Remediation: Move secret to environment variables or secure secret management system
        </failure>
    </testcase>
    <testcase name="Potential AWS Secret Key detected" classname="secretsDetection">
        
        <failure message="Potential hardcoded aws secret key found in source code">
            Location: {"file":"package-lock.json","line":1090}
            Remediation: Move secret to environment variables or secure secret management system
        </failure>
    </testcase>
    <testcase name="Potential AWS Secret Key detected" classname="secretsDetection">
        
        <failure message="Potential hardcoded aws secret key found in source code">
            Location: {"file":"package-lock.json","line":1098}
            Remediation: Move secret to environment variables or secure secret management system
        </failure>
    </testcase>
    <testcase name="Potential AWS Secret Key detected" classname="secretsDetection">
        
        <failure message="Potential hardcoded aws secret key found in source code">
            Location: {"file":"package-lock.json","line":1117}
            Remediation: Move secret to environment variables or secure secret management system
        </failure>
    </testcase>
    <testcase name="Potential AWS Secret Key detected" classname="secretsDetection">
        
        <failure message="Potential hardcoded aws secret key found in source code">
            Location: {"file":"package-lock.json","line":1131}
            Remediation: Move secret to environment variables or secure secret management system
        </failure>
    </testcase>
    <testcase name="Potential AWS Secret Key detected" classname="secretsDetection">
        
        <failure message="Potential hardcoded aws secret key found in source code">
            Location: {"file":"package-lock.json","line":1145}
            Remediation: Move secret to environment variables or secure secret management system
        </failure>
    </testcase>
    <testcase name="Potential AWS Secret Key detected" classname="secretsDetection">
        
        <failure message="Potential hardcoded aws secret key found in source code">
            Location: {"file":"package-lock.json","line":1153}
            Remediation: Move secret to environment variables or secure secret management system
        </failure>
    </testcase>
    <testcase name="Potential AWS Secret Key detected" classname="secretsDetection">
        
        <failure message="Potential hardcoded aws secret key found in source code">
            Location: {"file":"package-lock.json","line":1172}
            Remediation: Move secret to environment variables or secure secret management system
        </failure>
    </testcase>
    <testcase name="Potential AWS Secret Key detected" classname="secretsDetection">
        
        <failure message="Potential hardcoded aws secret key found in source code">
            Location: {"file":"package-lock.json","line":1189}
            Remediation: Move secret to environment variables or secure secret management system
        </failure>
    </testcase>
    <testcase name="Potential AWS Secret Key detected" classname="secretsDetection">
        
        <failure message="Potential hardcoded aws secret key found in source code">
            Location: {"file":"package-lock.json","line":1208}
            Remediation: Move secret to environment variables or secure secret management system
        </failure>
    </testcase>
    <testcase name="Potential AWS Secret Key detected" classname="secretsDetection">
        
        <failure message="Potential hardcoded aws secret key found in source code">
            Location: {"file":"package-lock.json","line":1222}
            Remediation: Move secret to environment variables or secure secret management system
        </failure>
    </testcase>
    <testcase name="Potential AWS Secret Key detected" classname="secretsDetection">
        
        <failure message="Potential hardcoded aws secret key found in source code">
            Location: {"file":"package-lock.json","line":1239}
            Remediation: Move secret to environment variables or secure secret management system
        </failure>
    </testcase>
    <testcase name="Potential AWS Secret Key detected" classname="secretsDetection">
        
        <failure message="Potential hardcoded aws secret key found in source code">
            Location: {"file":"package-lock.json","line":1249}
            Remediation: Move secret to environment variables or secure secret management system
        </failure>
    </testcase>
    <testcase name="Potential AWS Secret Key detected" classname="secretsDetection">
        
        <failure message="Potential hardcoded aws secret key found in source code">
            Location: {"file":"package-lock.json","line":1263}
            Remediation: Move secret to environment variables or secure secret management system
        </failure>
    </testcase>
    <testcase name="Potential AWS Secret Key detected" classname="secretsDetection">
        
        <failure message="Potential hardcoded aws secret key found in source code">
            Location: {"file":"package-lock.json","line":1277}
            Remediation: Move secret to environment variables or secure secret management system
        </failure>
    </testcase>
    <testcase name="Potential AWS Secret Key detected" classname="secretsDetection">
        
        <failure message="Potential hardcoded aws secret key found in source code">
            Location: {"file":"package-lock.json","line":1290}
            Remediation: Move secret to environment variables or secure secret management system
        </failure>
    </testcase>
    <testcase name="Potential AWS Secret Key detected" classname="secretsDetection">
        
        <failure message="Potential hardcoded aws secret key found in source code">
            Location: {"file":"package-lock.json","line":1306}
            Remediation: Move secret to environment variables or secure secret management system
        </failure>
    </testcase>
    <testcase name="Potential AWS Secret Key detected" classname="secretsDetection">
        
        <failure message="Potential hardcoded aws secret key found in source code">
            Location: {"file":"package-lock.json","line":1319}
            Remediation: Move secret to environment variables or secure secret management system
        </failure>
    </testcase>
    <testcase name="Potential AWS Secret Key detected" classname="secretsDetection">
        
        <failure message="Potential hardcoded aws secret key found in source code">
            Location: {"file":"package-lock.json","line":1326}
            Remediation: Move secret to environment variables or secure secret management system
        </failure>
    </testcase>
    <testcase name="Potential AWS Secret Key detected" classname="secretsDetection">
        
        <failure message="Potential hardcoded aws secret key found in source code">
            Location: {"file":"package-lock.json","line":1336}
            Remediation: Move secret to environment variables or secure secret management system
        </failure>
    </testcase>
    <testcase name="Potential AWS Secret Key detected" classname="secretsDetection">
        
        <failure message="Potential hardcoded aws secret key found in source code">
            Location: {"file":"package-lock.json","line":1354}
            Remediation: Move secret to environment variables or secure secret management system
        </failure>
    </testcase>
    <testcase name="Potential AWS Secret Key detected" classname="secretsDetection">
        
        <failure message="Potential hardcoded aws secret key found in source code">
            Location: {"file":"package-lock.json","line":1364}
            Remediation: Move secret to environment variables or secure secret management system
        </failure>
    </testcase>
    <testcase name="Potential AWS Secret Key detected" classname="secretsDetection">
        
        <failure message="Potential hardcoded aws secret key found in source code">
            Location: {"file":"package-lock.json","line":1412}
            Remediation: Move secret to environment variables or secure secret management system
        </failure>
    </testcase>
    <testcase name="Potential AWS Secret Key detected" classname="secretsDetection">
        
        <failure message="Potential hardcoded aws secret key found in source code">
            Location: {"file":"package-lock.json","line":1422}
            Remediation: Move secret to environment variables or secure secret management system
        </failure>
    </testcase>
    <testcase name="Potential AWS Secret Key detected" classname="secretsDetection">
        
        <failure message="Potential hardcoded aws secret key found in source code">
            Location: {"file":"package-lock.json","line":1438}
            Remediation: Move secret to environment variables or secure secret management system
        </failure>
    </testcase>
    <testcase name="Potential AWS Secret Key detected" classname="secretsDetection">
        
        <failure message="Potential hardcoded aws secret key found in source code">
            Location: {"file":"package-lock.json","line":1452}
            Remediation: Move secret to environment variables or secure secret management system
        </failure>
    </testcase>
    <testcase name="Potential AWS Secret Key detected" classname="secretsDetection">
        
        <failure message="Potential hardcoded aws secret key found in source code">
            Location: {"file":"package-lock.json","line":1465}
            Remediation: Move secret to environment variables or secure secret management system
        </failure>
    </testcase>
    <testcase name="Potential AWS Secret Key detected" classname="secretsDetection">
        
        <failure message="Potential hardcoded aws secret key found in source code">
            Location: {"file":"package-lock.json","line":1483}
            Remediation: Move secret to environment variables or secure secret management system
        </failure>
    </testcase>
    <testcase name="Potential AWS Secret Key detected" classname="secretsDetection">
        
        <failure message="Potential hardcoded aws secret key found in source code">
            Location: {"file":"package-lock.json","line":1499}
            Remediation: Move secret to environment variables or secure secret management system
        </failure>
    </testcase>
    <testcase name="Potential AWS Secret Key detected" classname="secretsDetection">
        
        <failure message="Potential hardcoded aws secret key found in source code">
            Location: {"file":"package-lock.json","line":1543}
            Remediation: Move secret to environment variables or secure secret management system
        </failure>
    </testcase>
    <testcase name="Potential AWS Secret Key detected" classname="secretsDetection">
        
        <failure message="Potential hardcoded aws secret key found in source code">
            Location: {"file":"package-lock.json","line":1553}
            Remediation: Move secret to environment variables or secure secret management system
        </failure>
    </testcase>
    <testcase name="Potential AWS Secret Key detected" classname="secretsDetection">
        
        <failure message="Potential hardcoded aws secret key found in source code">
            Location: {"file":"package-lock.json","line":1566}
            Remediation: Move secret to environment variables or secure secret management system
        </failure>
    </testcase>
    <testcase name="Potential AWS Secret Key detected" classname="secretsDetection">
        
        <failure message="Potential hardcoded aws secret key found in source code">
            Location: {"file":"package-lock.json","line":1581}
            Remediation: Move secret to environment variables or secure secret management system
        </failure>
    </testcase>
    <testcase name="Potential AWS Secret Key detected" classname="secretsDetection">
        
        <failure message="Potential hardcoded aws secret key found in source code">
            Location: {"file":"package-lock.json","line":1597}
            Remediation: Move secret to environment variables or secure secret management system
        </failure>
    </testcase>
    <testcase name="Potential AWS Secret Key detected" classname="secretsDetection">
        
        <failure message="Potential hardcoded aws secret key found in source code">
            Location: {"file":"package-lock.json","line":1613}
            Remediation: Move secret to environment variables or secure secret management system
        </failure>
    </testcase>
    <testcase name="Potential AWS Secret Key detected" classname="secretsDetection">
        
        <failure message="Potential hardcoded aws secret key found in source code">
            Location: {"file":"package-lock.json","line":1623}
            Remediation: Move secret to environment variables or secure secret management system
        </failure>
    </testcase>
    <testcase name="Potential AWS Secret Key detected" classname="secretsDetection">
        
        <failure message="Potential hardcoded aws secret key found in source code">
            Location: {"file":"package-lock.json","line":1650}
            Remediation: Move secret to environment variables or secure secret management system
        </failure>
    </testcase>
    <testcase name="Potential AWS Secret Key detected" classname="secretsDetection">
        
        <failure message="Potential hardcoded aws secret key found in source code">
            Location: {"file":"package-lock.json","line":1660}
            Remediation: Move secret to environment variables or secure secret management system
        </failure>
    </testcase>
    <testcase name="Potential AWS Secret Key detected" classname="secretsDetection">
        
        <failure message="Potential hardcoded aws secret key found in source code">
            Location: {"file":"package-lock.json","line":1678}
            Remediation: Move secret to environment variables or secure secret management system
        </failure>
    </testcase>
    <testcase name="Potential AWS Secret Key detected" classname="secretsDetection">
        
        <failure message="Potential hardcoded aws secret key found in source code">
            Location: {"file":"package-lock.json","line":1689}
            Remediation: Move secret to environment variables or secure secret management system
        </failure>
    </testcase>
    <testcase name="Potential AWS Secret Key detected" classname="secretsDetection">
        
        <failure message="Potential hardcoded aws secret key found in source code">
            Location: {"file":"package-lock.json","line":1699}
            Remediation: Move secret to environment variables or secure secret management system
        </failure>
    </testcase>
    <testcase name="Potential AWS Secret Key detected" classname="secretsDetection">
        
        <failure message="Potential hardcoded aws secret key found in source code">
            Location: {"file":"package-lock.json","line":1706}
            Remediation: Move secret to environment variables or secure secret management system
        </failure>
    </testcase>
    <testcase name="Potential AWS Secret Key detected" classname="secretsDetection">
        
        <failure message="Potential hardcoded aws secret key found in source code">
            Location: {"file":"package-lock.json","line":1717}
            Remediation: Move secret to environment variables or secure secret management system
        </failure>
    </testcase>
    <testcase name="Potential AWS Secret Key detected" classname="secretsDetection">
        
        <failure message="Potential hardcoded aws secret key found in source code">
            Location: {"file":"package-lock.json","line":1731}
            Remediation: Move secret to environment variables or secure secret management system
        </failure>
    </testcase>
    <testcase name="Potential AWS Secret Key detected" classname="secretsDetection">
        
        <failure message="Potential hardcoded aws secret key found in source code">
            Location: {"file":"package-lock.json","line":1741}
            Remediation: Move secret to environment variables or secure secret management system
        </failure>
    </testcase>
    <testcase name="Potential AWS Secret Key detected" classname="secretsDetection">
        
        <failure message="Potential hardcoded aws secret key found in source code">
            Location: {"file":"package-lock.json","line":1755}
            Remediation: Move secret to environment variables or secure secret management system
        </failure>
    </testcase>
    <testcase name="Potential AWS Secret Key detected" classname="secretsDetection">
        
        <failure message="Potential hardcoded aws secret key found in source code">
            Location: {"file":"package-lock.json","line":1773}
            Remediation: Move secret to environment variables or secure secret management system
        </failure>
    </testcase>
    <testcase name="Potential AWS Secret Key detected" classname="secretsDetection">
        
        <failure message="Potential hardcoded aws secret key found in source code">
            Location: {"file":"package-lock.json","line":1781}
            Remediation: Move secret to environment variables or secure secret management system
        </failure>
    </testcase>
    <testcase name="Potential AWS Secret Key detected" classname="secretsDetection">
        
        <failure message="Potential hardcoded aws secret key found in source code">
            Location: {"file":"package-lock.json","line":1795}
            Remediation: Move secret to environment variables or secure secret management system
        </failure>
    </testcase>
    <testcase name="Potential AWS Secret Key detected" classname="secretsDetection">
        
        <failure message="Potential hardcoded aws secret key found in source code">
            Location: {"file":"package-lock.json","line":1805}
            Remediation: Move secret to environment variables or secure secret management system
        </failure>
    </testcase>
    <testcase name="Potential AWS Secret Key detected" classname="secretsDetection">
        
        <failure message="Potential hardcoded aws secret key found in source code">
            Location: {"file":"package-lock.json","line":1824}
            Remediation: Move secret to environment variables or secure secret management system
        </failure>
    </testcase>
    <testcase name="Potential AWS Secret Key detected" classname="secretsDetection">
        
        <failure message="Potential hardcoded aws secret key found in source code">
            Location: {"file":"package-lock.json","line":1838}
            Remediation: Move secret to environment variables or secure secret management system
        </failure>
    </testcase>
    <testcase name="Potential AWS Secret Key detected" classname="secretsDetection">
        
        <failure message="Potential hardcoded aws secret key found in source code">
            Location: {"file":"package-lock.json","line":1853}
            Remediation: Move secret to environment variables or secure secret management system
        </failure>
    </testcase>
    <testcase name="Potential AWS Secret Key detected" classname="secretsDetection">
        
        <failure message="Potential hardcoded aws secret key found in source code">
            Location: {"file":"package-lock.json","line":1860}
            Remediation: Move secret to environment variables or secure secret management system
        </failure>
    </testcase>
    <testcase name="Potential AWS Secret Key detected" classname="secretsDetection">
        
        <failure message="Potential hardcoded aws secret key found in source code">
            Location: {"file":"package-lock.json","line":1876}
            Remediation: Move secret to environment variables or secure secret management system
        </failure>
    </testcase>
    <testcase name="Potential AWS Secret Key detected" classname="secretsDetection">
        
        <failure message="Potential hardcoded aws secret key found in source code">
            Location: {"file":"package-lock.json","line":1883}
            Remediation: Move secret to environment variables or secure secret management system
        </failure>
    </testcase>
    <testcase name="Potential AWS Secret Key detected" classname="secretsDetection">
        
        <failure message="Potential hardcoded aws secret key found in source code">
            Location: {"file":"package-lock.json","line":1893}
            Remediation: Move secret to environment variables or secure secret management system
        </failure>
    </testcase>
    <testcase name="Potential AWS Secret Key detected" classname="secretsDetection">
        
        <failure message="Potential hardcoded aws secret key found in source code">
            Location: {"file":"package-lock.json","line":1911}
            Remediation: Move secret to environment variables or secure secret management system
        </failure>
    </testcase>
    <testcase name="Potential AWS Secret Key detected" classname="secretsDetection">
        
        <failure message="Potential hardcoded aws secret key found in source code">
            Location: {"file":"package-lock.json","line":1928}
            Remediation: Move secret to environment variables or secure secret management system
        </failure>
    </testcase>
    <testcase name="Potential AWS Secret Key detected" classname="secretsDetection">
        
        <failure message="Potential hardcoded aws secret key found in source code">
            Location: {"file":"package-lock.json","line":1935}
            Remediation: Move secret to environment variables or secure secret management system
        </failure>
    </testcase>
    <testcase name="Potential AWS Secret Key detected" classname="secretsDetection">
        
        <failure message="Potential hardcoded aws secret key found in source code">
            Location: {"file":"package-lock.json","line":1945}
            Remediation: Move secret to environment variables or secure secret management system
        </failure>
    </testcase>
    <testcase name="Potential AWS Secret Key detected" classname="secretsDetection">
        
        <failure message="Potential hardcoded aws secret key found in source code">
            Location: {"file":"package-lock.json","line":1961}
            Remediation: Move secret to environment variables or secure secret management system
        </failure>
    </testcase>
    <testcase name="Potential AWS Secret Key detected" classname="secretsDetection">
        
        <failure message="Potential hardcoded aws secret key found in source code">
            Location: {"file":"package-lock.json","line":1976}
            Remediation: Move secret to environment variables or secure secret management system
        </failure>
    </testcase>
    <testcase name="Potential AWS Secret Key detected" classname="secretsDetection">
        
        <failure message="Potential hardcoded aws secret key found in source code">
            Location: {"file":"package-lock.json","line":1986}
            Remediation: Move secret to environment variables or secure secret management system
        </failure>
    </testcase>
    <testcase name="Potential AWS Secret Key detected" classname="secretsDetection">
        
        <failure message="Potential hardcoded aws secret key found in source code">
            Location: {"file":"package-lock.json","line":2002}
            Remediation: Move secret to environment variables or secure secret management system
        </failure>
    </testcase>
    <testcase name="Potential AWS Secret Key detected" classname="secretsDetection">
        
        <failure message="Potential hardcoded aws secret key found in source code">
            Location: {"file":"package-lock.json","line":2016}
            Remediation: Move secret to environment variables or secure secret management system
        </failure>
    </testcase>
    <testcase name="Potential AWS Secret Key detected" classname="secretsDetection">
        
        <failure message="Potential hardcoded aws secret key found in source code">
            Location: {"file":"package-lock.json","line":2031}
            Remediation: Move secret to environment variables or secure secret management system
        </failure>
    </testcase>
    <testcase name="Potential AWS Secret Key detected" classname="secretsDetection">
        
        <failure message="Potential hardcoded aws secret key found in source code">
            Location: {"file":"package-lock.json","line":2042}
            Remediation: Move secret to environment variables or secure secret management system
        </failure>
    </testcase>
    <testcase name="Potential AWS Secret Key detected" classname="secretsDetection">
        
        <failure message="Potential hardcoded aws secret key found in source code">
            Location: {"file":"package-lock.json","line":2067}
            Remediation: Move secret to environment variables or secure secret management system
        </failure>
    </testcase>
    <testcase name="Potential AWS Secret Key detected" classname="secretsDetection">
        
        <failure message="Potential hardcoded aws secret key found in source code">
            Location: {"file":"package-lock.json","line":2104}
            Remediation: Move secret to environment variables or secure secret management system
        </failure>
    </testcase>
    <testcase name="Potential AWS Secret Key detected" classname="secretsDetection">
        
        <failure message="Potential hardcoded aws secret key found in source code">
            Location: {"file":"package-lock.json","line":2118}
            Remediation: Move secret to environment variables or secure secret management system
        </failure>
    </testcase>
    <testcase name="Potential AWS Secret Key detected" classname="secretsDetection">
        
        <failure message="Potential hardcoded aws secret key found in source code">
            Location: {"file":"package-lock.json","line":2132}
            Remediation: Move secret to environment variables or secure secret management system
        </failure>
    </testcase>
    <testcase name="Potential AWS Secret Key detected" classname="secretsDetection">
        
        <failure message="Potential hardcoded aws secret key found in source code">
            Location: {"file":"package-lock.json","line":2146}
            Remediation: Move secret to environment variables or secure secret management system
        </failure>
    </testcase>
    <testcase name="Potential AWS Secret Key detected" classname="secretsDetection">
        
        <failure message="Potential hardcoded aws secret key found in source code">
            Location: {"file":"package-lock.json","line":2160}
            Remediation: Move secret to environment variables or secure secret management system
        </failure>
    </testcase>
    <testcase name="Potential AWS Secret Key detected" classname="secretsDetection">
        
        <failure message="Potential hardcoded aws secret key found in source code">
            Location: {"file":"package-lock.json","line":2174}
            Remediation: Move secret to environment variables or secure secret management system
        </failure>
    </testcase>
    <testcase name="Potential AWS Secret Key detected" classname="secretsDetection">
        
        <failure message="Potential hardcoded aws secret key found in source code">
            Location: {"file":"package-lock.json","line":2188}
            Remediation: Move secret to environment variables or secure secret management system
        </failure>
    </testcase>
    <testcase name="Potential AWS Secret Key detected" classname="secretsDetection">
        
        <failure message="Potential hardcoded aws secret key found in source code">
            Location: {"file":"package-lock.json","line":2202}
            Remediation: Move secret to environment variables or secure secret management system
        </failure>
    </testcase>
    <testcase name="Potential AWS Secret Key detected" classname="secretsDetection">
        
        <failure message="Potential hardcoded aws secret key found in source code">
            Location: {"file":"package-lock.json","line":2213}
            Remediation: Move secret to environment variables or secure secret management system
        </failure>
    </testcase>
    <testcase name="Potential AWS Secret Key detected" classname="secretsDetection">
        
        <failure message="Potential hardcoded aws secret key found in source code">
            Location: {"file":"package-lock.json","line":2223}
            Remediation: Move secret to environment variables or secure secret management system
        </failure>
    </testcase>
    <testcase name="Potential AWS Secret Key detected" classname="secretsDetection">
        
        <failure message="Potential hardcoded aws secret key found in source code">
            Location: {"file":"package-lock.json","line":2236}
            Remediation: Move secret to environment variables or secure secret management system
        </failure>
    </testcase>
    <testcase name="Potential AWS Secret Key detected" classname="secretsDetection">
        
        <failure message="Potential hardcoded aws secret key found in source code">
            Location: {"file":"package-lock.json","line":2243}
            Remediation: Move secret to environment variables or secure secret management system
        </failure>
    </testcase>
    <testcase name="Potential AWS Secret Key detected" classname="secretsDetection">
        
        <failure message="Potential hardcoded aws secret key found in source code">
            Location: {"file":"package-lock.json","line":2258}
            Remediation: Move secret to environment variables or secure secret management system
        </failure>
    </testcase>
    <testcase name="Potential AWS Secret Key detected" classname="secretsDetection">
        
        <failure message="Potential hardcoded aws secret key found in source code">
            Location: {"file":"package-lock.json","line":2277}
            Remediation: Move secret to environment variables or secure secret management system
        </failure>
    </testcase>
    <testcase name="Potential AWS Secret Key detected" classname="secretsDetection">
        
        <failure message="Potential hardcoded aws secret key found in source code">
            Location: {"file":"package-lock.json","line":2299}
            Remediation: Move secret to environment variables or secure secret management system
        </failure>
    </testcase>
    <testcase name="Potential AWS Secret Key detected" classname="secretsDetection">
        
        <failure message="Potential hardcoded aws secret key found in source code">
            Location: {"file":"package-lock.json","line":2309}
            Remediation: Move secret to environment variables or secure secret management system
        </failure>
    </testcase>
    <testcase name="Potential AWS Secret Key detected" classname="secretsDetection">
        
        <failure message="Potential hardcoded aws secret key found in source code">
            Location: {"file":"package-lock.json","line":2332}
            Remediation: Move secret to environment variables or secure secret management system
        </failure>
    </testcase>
    <testcase name="Potential AWS Secret Key detected" classname="secretsDetection">
        
        <failure message="Potential hardcoded aws secret key found in source code">
            Location: {"file":"package-lock.json","line":2363}
            Remediation: Move secret to environment variables or secure secret management system
        </failure>
    </testcase>
    <testcase name="Potential AWS Secret Key detected" classname="secretsDetection">
        
        <failure message="Potential hardcoded aws secret key found in source code">
            Location: {"file":"package-lock.json","line":2373}
            Remediation: Move secret to environment variables or secure secret management system
        </failure>
    </testcase>
    <testcase name="Potential AWS Secret Key detected" classname="secretsDetection">
        
        <failure message="Potential hardcoded aws secret key found in source code">
            Location: {"file":"package-lock.json","line":2390}
            Remediation: Move secret to environment variables or secure secret management system
        </failure>
    </testcase>
    <testcase name="Potential AWS Secret Key detected" classname="secretsDetection">
        
        <failure message="Potential hardcoded aws secret key found in source code">
            Location: {"file":"package-lock.json","line":2406}
            Remediation: Move secret to environment variables or secure secret management system
        </failure>
    </testcase>
    <testcase name="Potential AWS Secret Key detected" classname="secretsDetection">
        
        <failure message="Potential hardcoded aws secret key found in source code">
            Location: {"file":"package-lock.json","line":2419}
            Remediation: Move secret to environment variables or secure secret management system
        </failure>
    </testcase>
    <testcase name="Potential AWS Secret Key detected" classname="secretsDetection">
        
        <failure message="Potential hardcoded aws secret key found in source code">
            Location: {"file":"package-lock.json","line":2432}
            Remediation: Move secret to environment variables or secure secret management system
        </failure>
    </testcase>
    <testcase name="Potential AWS Secret Key detected" classname="secretsDetection">
        
        <failure message="Potential hardcoded aws secret key found in source code">
            Location: {"file":"package-lock.json","line":2460}
            Remediation: Move secret to environment variables or secure secret management system
        </failure>
    </testcase>
    <testcase name="Potential AWS Secret Key detected" classname="secretsDetection">
        
        <failure message="Potential hardcoded aws secret key found in source code">
            Location: {"file":"package-lock.json","line":2470}
            Remediation: Move secret to environment variables or secure secret management system
        </failure>
    </testcase>
    <testcase name="Potential AWS Secret Key detected" classname="secretsDetection">
        
        <failure message="Potential hardcoded aws secret key found in source code">
            Location: {"file":"package-lock.json","line":2487}
            Remediation: Move secret to environment variables or secure secret management system
        </failure>
    </testcase>
    <testcase name="Potential AWS Secret Key detected" classname="secretsDetection">
        
        <failure message="Potential hardcoded aws secret key found in source code">
            Location: {"file":"package-lock.json","line":2503}
            Remediation: Move secret to environment variables or secure secret management system
        </failure>
    </testcase>
    <testcase name="Potential AWS Secret Key detected" classname="secretsDetection">
        
        <failure message="Potential hardcoded aws secret key found in source code">
            Location: {"file":"package-lock.json","line":2516}
            Remediation: Move secret to environment variables or secure secret management system
        </failure>
    </testcase>
    <testcase name="Potential AWS Secret Key detected" classname="secretsDetection">
        
        <failure message="Potential hardcoded aws secret key found in source code">
            Location: {"file":"package-lock.json","line":2540}
            Remediation: Move secret to environment variables or secure secret management system
        </failure>
    </testcase>
    <testcase name="Potential AWS Secret Key detected" classname="secretsDetection">
        
        <failure message="Potential hardcoded aws secret key found in source code">
            Location: {"file":"package-lock.json","line":2553}
            Remediation: Move secret to environment variables or secure secret management system
        </failure>
    </testcase>
    <testcase name="Potential AWS Secret Key detected" classname="secretsDetection">
        
        <failure message="Potential hardcoded aws secret key found in source code">
            Location: {"file":"package-lock.json","line":2563}
            Remediation: Move secret to environment variables or secure secret management system
        </failure>
    </testcase>
    <testcase name="Potential AWS Secret Key detected" classname="secretsDetection">
        
        <failure message="Potential hardcoded aws secret key found in source code">
            Location: {"file":"package-lock.json","line":2576}
            Remediation: Move secret to environment variables or secure secret management system
        </failure>
    </testcase>
    <testcase name="Potential AWS Secret Key detected" classname="secretsDetection">
        
        <failure message="Potential hardcoded aws secret key found in source code">
            Location: {"file":"package-lock.json","line":2589}
            Remediation: Move secret to environment variables or secure secret management system
        </failure>
    </testcase>
    <testcase name="Potential AWS Secret Key detected" classname="secretsDetection">
        
        <failure message="Potential hardcoded aws secret key found in source code">
            Location: {"file":"package-lock.json","line":2602}
            Remediation: Move secret to environment variables or secure secret management system
        </failure>
    </testcase>
    <testcase name="Potential AWS Secret Key detected" classname="secretsDetection">
        
        <failure message="Potential hardcoded aws secret key found in source code">
            Location: {"file":"package-lock.json","line":2618}
            Remediation: Move secret to environment variables or secure secret management system
        </failure>
    </testcase>
    <testcase name="Potential AWS Secret Key detected" classname="secretsDetection">
        
        <failure message="Potential hardcoded aws secret key found in source code">
            Location: {"file":"package-lock.json","line":2634}
            Remediation: Move secret to environment variables or secure secret management system
        </failure>
    </testcase>
    <testcase name="Potential AWS Secret Key detected" classname="secretsDetection">
        
        <failure message="Potential hardcoded aws secret key found in source code">
            Location: {"file":"package-lock.json","line":2647}
            Remediation: Move secret to environment variables or secure secret management system
        </failure>
    </testcase>
    <testcase name="Potential AWS Secret Key detected" classname="secretsDetection">
        
        <failure message="Potential hardcoded aws secret key found in source code">
            Location: {"file":"package-lock.json","line":2660}
            Remediation: Move secret to environment variables or secure secret management system
        </failure>
    </testcase>
    <testcase name="Potential AWS Secret Key detected" classname="secretsDetection">
        
        <failure message="Potential hardcoded aws secret key found in source code">
            Location: {"file":"package-lock.json","line":2673}
            Remediation: Move secret to environment variables or secure secret management system
        </failure>
    </testcase>
    <testcase name="Potential AWS Secret Key detected" classname="secretsDetection">
        
        <failure message="Potential hardcoded aws secret key found in source code">
            Location: {"file":"package-lock.json","line":2698}
            Remediation: Move secret to environment variables or secure secret management system
        </failure>
    </testcase>
    <testcase name="Potential AWS Secret Key detected" classname="secretsDetection">
        
        <failure message="Potential hardcoded aws secret key found in source code">
            Location: {"file":"package-lock.json","line":2711}
            Remediation: Move secret to environment variables or secure secret management system
        </failure>
    </testcase>
    <testcase name="Potential AWS Secret Key detected" classname="secretsDetection">
        
        <failure message="Potential hardcoded aws secret key found in source code">
            Location: {"file":"package-lock.json","line":2718}
            Remediation: Move secret to environment variables or secure secret management system
        </failure>
    </testcase>
    <testcase name="Potential AWS Secret Key detected" classname="secretsDetection">
        
        <failure message="Potential hardcoded aws secret key found in source code">
            Location: {"file":"package-lock.json","line":2731}
            Remediation: Move secret to environment variables or secure secret management system
        </failure>
    </testcase>
    <testcase name="Potential AWS Secret Key detected" classname="secretsDetection">
        
        <failure message="Potential hardcoded aws secret key found in source code">
            Location: {"file":"package-lock.json","line":2744}
            Remediation: Move secret to environment variables or secure secret management system
        </failure>
    </testcase>
    <testcase name="Potential AWS Secret Key detected" classname="secretsDetection">
        
        <failure message="Potential hardcoded aws secret key found in source code">
            Location: {"file":"package-lock.json","line":2754}
            Remediation: Move secret to environment variables or secure secret management system
        </failure>
    </testcase>
    <testcase name="Potential AWS Secret Key detected" classname="secretsDetection">
        
        <failure message="Potential hardcoded aws secret key found in source code">
            Location: {"file":"package-lock.json","line":2764}
            Remediation: Move secret to environment variables or secure secret management system
        </failure>
    </testcase>
    <testcase name="Potential AWS Secret Key detected" classname="secretsDetection">
        
        <failure message="Potential hardcoded aws secret key found in source code">
            Location: {"file":"package-lock.json","line":2770}
            Remediation: Move secret to environment variables or secure secret management system
        </failure>
    </testcase>
    <testcase name="Potential AWS Secret Key detected" classname="secretsDetection">
        
        <failure message="Potential hardcoded aws secret key found in source code">
            Location: {"file":"package-lock.json","line":2784}
            Remediation: Move secret to environment variables or secure secret management system
        </failure>
    </testcase>
    <testcase name="Potential AWS Secret Key detected" classname="secretsDetection">
        
        <failure message="Potential hardcoded aws secret key found in source code">
            Location: {"file":"package-lock.json","line":2794}
            Remediation: Move secret to environment variables or secure secret management system
        </failure>
    </testcase>
    <testcase name="Potential AWS Secret Key detected" classname="secretsDetection">
        
        <failure message="Potential hardcoded aws secret key found in source code">
            Location: {"file":"package-lock.json","line":2805}
            Remediation: Move secret to environment variables or secure secret management system
        </failure>
    </testcase>
    <testcase name="Potential AWS Secret Key detected" classname="secretsDetection">
        
        <failure message="Potential hardcoded aws secret key found in source code">
            Location: {"file":"package-lock.json","line":2815}
            Remediation: Move secret to environment variables or secure secret management system
        </failure>
    </testcase>
    <testcase name="Potential AWS Secret Key detected" classname="secretsDetection">
        
        <failure message="Potential hardcoded aws secret key found in source code">
            Location: {"file":"package-lock.json","line":2825}
            Remediation: Move secret to environment variables or secure secret management system
        </failure>
    </testcase>
    <testcase name="Potential AWS Secret Key detected" classname="secretsDetection">
        
        <failure message="Potential hardcoded aws secret key found in source code">
            Location: {"file":"package-lock.json","line":2832}
            Remediation: Move secret to environment variables or secure secret management system
        </failure>
    </testcase>
    <testcase name="Potential AWS Secret Key detected" classname="secretsDetection">
        
        <failure message="Potential hardcoded aws secret key found in source code">
            Location: {"file":"package-lock.json","line":2842}
            Remediation: Move secret to environment variables or secure secret management system
        </failure>
    </testcase>
    <testcase name="Potential AWS Secret Key detected" classname="secretsDetection">
        
        <failure message="Potential hardcoded aws secret key found in source code">
            Location: {"file":"package-lock.json","line":2852}
            Remediation: Move secret to environment variables or secure secret management system
        </failure>
    </testcase>
    <testcase name="Potential AWS Secret Key detected" classname="secretsDetection">
        
        <failure message="Potential hardcoded aws secret key found in source code">
            Location: {"file":"package-lock.json","line":2859}
            Remediation: Move secret to environment variables or secure secret management system
        </failure>
    </testcase>
    <testcase name="Potential AWS Secret Key detected" classname="secretsDetection">
        
        <failure message="Potential hardcoded aws secret key found in source code">
            Location: {"file":"package-lock.json","line":2869}
            Remediation: Move secret to environment variables or secure secret management system
        </failure>
    </testcase>
    <testcase name="Potential AWS Secret Key detected" classname="secretsDetection">
        
        <failure message="Potential hardcoded aws secret key found in source code">
            Location: {"file":"package-lock.json","line":2876}
            Remediation: Move secret to environment variables or secure secret management system
        </failure>
    </testcase>
    <testcase name="Potential AWS Secret Key detected" classname="secretsDetection">
        
        <failure message="Potential hardcoded aws secret key found in source code">
            Location: {"file":"package-lock.json","line":2883}
            Remediation: Move secret to environment variables or secure secret management system
        </failure>
    </testcase>
    <testcase name="Potential AWS Secret Key detected" classname="secretsDetection">
        
        <failure message="Potential hardcoded aws secret key found in source code">
            Location: {"file":"package-lock.json","line":2893}
            Remediation: Move secret to environment variables or secure secret management system
        </failure>
    </testcase>
    <testcase name="Potential AWS Secret Key detected" classname="secretsDetection">
        
        <failure message="Potential hardcoded aws secret key found in source code">
            Location: {"file":"package-lock.json","line":2900}
            Remediation: Move secret to environment variables or secure secret management system
        </failure>
    </testcase>
    <testcase name="Potential AWS Secret Key detected" classname="secretsDetection">
        
        <failure message="Potential hardcoded aws secret key found in source code">
            Location: {"file":"package-lock.json","line":2907}
            Remediation: Move secret to environment variables or secure secret management system
        </failure>
    </testcase>
    <testcase name="Potential AWS Secret Key detected" classname="secretsDetection">
        
        <failure message="Potential hardcoded aws secret key found in source code">
            Location: {"file":"package-lock.json","line":2918}
            Remediation: Move secret to environment variables or secure secret management system
        </failure>
    </testcase>
[...]
        
        <failure message="Potential hardcoded aws secret key found in source code">
            Location: {"file":"package-lock.json","line":15291}
            Remediation: Move secret to environment variables or secure secret management system
        </failure>
    </testcase>
    <testcase name="Potential AWS Secret Key detected" classname="secretsDetection">
        
        <failure message="Potential hardcoded aws secret key found in source code">
            Location: {"file":"package-lock.json","line":15298}
            Remediation: Move secret to environment variables or secure secret management system
        </failure>
    </testcase>
    <testcase name="Potential AWS Secret Key detected" classname="secretsDetection">
        
        <failure message="Potential hardcoded aws secret key found in source code">
            Location: {"file":"package-lock.json","line":15317}
            Remediation: Move secret to environment variables or secure secret management system
        </failure>
    </testcase>
    <testcase name="Potential AWS Secret Key detected" classname="secretsDetection">
        
        <failure message="Potential hardcoded aws secret key found in source code">
            Location: {"file":"package-lock.json","line":15336}
            Remediation: Move secret to environment variables or secure secret management system
        </failure>
    </testcase>
    <testcase name="Potential AWS Secret Key detected" classname="secretsDetection">
        
        <failure message="Potential hardcoded aws secret key found in source code">
            Location: {"file":"package-lock.json","line":15343}
            Remediation: Move secret to environment variables or secure secret management system
        </failure>
    </testcase>
    <testcase name="Potential AWS Secret Key detected" classname="secretsDetection">
        
        <failure message="Potential hardcoded aws secret key found in source code">
            Location: {"file":"package-lock.json","line":15357}
            Remediation: Move secret to environment variables or secure secret management system
        </failure>
    </testcase>
    <testcase name="Potential AWS Secret Key detected" classname="secretsDetection">
        
        <failure message="Potential hardcoded aws secret key found in source code">
            Location: {"file":"package-lock.json","line":15378}
            Remediation: Move secret to environment variables or secure secret management system
        </failure>
    </testcase>
    <testcase name="Potential AWS Secret Key detected" classname="secretsDetection">
        
        <failure message="Potential hardcoded aws secret key found in source code">
            Location: {"file":"package-lock.json","line":15391}
            Remediation: Move secret to environment variables or secure secret management system
        </failure>
    </testcase>
    <testcase name="Potential AWS Secret Key detected" classname="secretsDetection">
        
        <failure message="Potential hardcoded aws secret key found in source code">
            Location: {"file":"package-lock.json","line":15400}
            Remediation: Move secret to environment variables or secure secret management system
        </failure>
    </testcase>
    <testcase name="Potential AWS Secret Key detected" classname="secretsDetection">
        
        <failure message="Potential hardcoded aws secret key found in source code">
            Location: {"file":"package-lock.json","line":15417}
            Remediation: Move secret to environment variables or secure secret management system
        </failure>
    </testcase>
    <testcase name="Potential AWS Secret Key detected" classname="secretsDetection">
        
        <failure message="Potential hardcoded aws secret key found in source code">
            Location: {"file":"package-lock.json","line":15428}
            Remediation: Move secret to environment variables or secure secret management system
        </failure>
    </testcase>
    <testcase name="Potential AWS Secret Key detected" classname="secretsDetection">
        
        <failure message="Potential hardcoded aws secret key found in source code">
            Location: {"file":"package-lock.json","line":15443}
            Remediation: Move secret to environment variables or secure secret management system
        </failure>
    </testcase>
    <testcase name="Potential AWS Secret Key detected" classname="secretsDetection">
        
        <failure message="Potential hardcoded aws secret key found in source code">
            Location: {"file":"package-lock.json","line":15451}
            Remediation: Move secret to environment variables or secure secret management system
        </failure>
    </testcase>
    <testcase name="Potential AWS Secret Key detected" classname="secretsDetection">
        
        <failure message="Potential hardcoded aws secret key found in source code">
            Location: {"file":"package-lock.json","line":15461}
            Remediation: Move secret to environment variables or secure secret management system
        </failure>
    </testcase>
    <testcase name="Potential AWS Secret Key detected" classname="secretsDetection">
        
        <failure message="Potential hardcoded aws secret key found in source code">
            Location: {"file":"package-lock.json","line":15471}
            Remediation: Move secret to environment variables or secure secret management system
        </failure>
    </testcase>
    <testcase name="Potential AWS Secret Key detected" classname="secretsDetection">
        
        <failure message="Potential hardcoded aws secret key found in source code">
            Location: {"file":"package-lock.json","line":15478}
            Remediation: Move secret to environment variables or secure secret management system
        </failure>
    </testcase>
    <testcase name="Potential AWS Secret Key detected" classname="secretsDetection">
        
        <failure message="Potential hardcoded aws secret key found in source code">
            Location: {"file":"package-lock.json","line":15497}
            Remediation: Move secret to environment variables or secure secret management system
        </failure>
    </testcase>
    <testcase name="Potential AWS Secret Key detected" classname="secretsDetection">
        
        <failure message="Potential hardcoded aws secret key found in source code">
            Location: {"file":"package-lock.json","line":15507}
            Remediation: Move secret to environment variables or secure secret management system
        </failure>
    </testcase>
    <testcase name="Potential AWS Secret Key detected" classname="secretsDetection">
        
        <failure message="Potential hardcoded aws secret key found in source code">
            Location: {"file":"security-reports/sbom.json","line":72}
            Remediation: Move secret to environment variables or secure secret management system
        </failure>
    </testcase>
    <testcase name="Potential AWS Secret Key detected" classname="secretsDetection">
        
        <failure message="Potential hardcoded aws secret key found in source code">
            Location: {"file":"security-reports/sbom.json","line":76}
            Remediation: Move secret to environment variables or secure secret management system
        </failure>
    </testcase>
    <testcase name="Potential AWS Secret Key detected" classname="secretsDetection">
        
        <failure message="Potential hardcoded aws secret key found in source code">
            Location: {"file":"security-reports/sbom.json","line":103}
            Remediation: Move secret to environment variables or secure secret management system
        </failure>
    </testcase>
    <testcase name="Potential AWS Secret Key detected" classname="secretsDetection">
        
        <failure message="Potential hardcoded aws secret key found in source code">
            Location: {"file":"security-reports/sbom.json","line":107}
            Remediation: Move secret to environment variables or secure secret management system
        </failure>
    </testcase>
    <testcase name="Potential AWS Secret Key detected" classname="secretsDetection">
        
        <failure message="Potential hardcoded aws secret key found in source code">
            Location: {"file":"security-reports/sbom.json","line":134}
            Remediation: Move secret to environment variables or secure secret management system
        </failure>
    </testcase>
    <testcase name="Potential AWS Secret Key detected" classname="secretsDetection">
        
        <failure message="Potential hardcoded aws secret key found in source code">
            Location: {"file":"security-reports/sbom.json","line":138}
            Remediation: Move secret to environment variables or secure secret management system
        </failure>
    </testcase>
    <testcase name="Potential AWS Secret Key detected" classname="secretsDetection">
        
        <failure message="Potential hardcoded aws secret key found in source code">
            Location: {"file":"security-reports/sbom.json","line":165}
            Remediation: Move secret to environment variables or secure secret management system
        </failure>
    </testcase>
    <testcase name="Potential AWS Secret Key detected" classname="secretsDetection">
        
        <failure message="Potential hardcoded aws secret key found in source code">
            Location: {"file":"security-reports/sbom.json","line":169}
            Remediation: Move secret to environment variables or secure secret management system
        </failure>
    </testcase>
    <testcase name="Potential AWS Secret Key detected" classname="secretsDetection">
        
        <failure message="Potential hardcoded aws secret key found in source code">
            Location: {"file":"security-reports/sbom.json","line":196}
            Remediation: Move secret to environment variables or secure secret management system
        </failure>
    </testcase>
    <testcase name="Potential AWS Secret Key detected" classname="secretsDetection">
        
        <failure message="Potential hardcoded aws secret key found in source code">
            Location: {"file":"security-reports/sbom.json","line":200}
            Remediation: Move secret to environment variables or secure secret management system
        </failure>
    </testcase>
    <testcase name="Potential AWS Secret Key detected" classname="secretsDetection">
        
        <failure message="Potential hardcoded aws secret key found in source code">
            Location: {"file":"security-reports/sbom.json","line":227}
            Remediation: Move secret to environment variables or secure secret management system
        </failure>
    </testcase>
    <testcase name="Potential AWS Secret Key detected" classname="secretsDetection">
        
        <failure message="Potential hardcoded aws secret key found in source code">
            Location: {"file":"security-reports/sbom.json","line":231}
            Remediation: Move secret to environment variables or secure secret management system
        </failure>
    </testcase>
    <testcase name="Potential AWS Secret Key detected" classname="secretsDetection">
        
        <failure message="Potential hardcoded aws secret key found in source code">
            Location: {"file":"security-reports/sbom.json","line":258}
            Remediation: Move secret to environment variables or secure secret management system
        </failure>
    </testcase>
    <testcase name="Potential AWS Secret Key detected" classname="secretsDetection">
        
        <failure message="Potential hardcoded aws secret key found in source code">
            Location: {"file":"security-reports/sbom.json","line":262}
            Remediation: Move secret to environment variables or secure secret management system
        </failure>
    </testcase>
    <testcase name="Potential AWS Secret Key detected" classname="secretsDetection">
        
        <failure message="Potential hardcoded aws secret key found in source code">
            Location: {"file":"security-reports/sbom.json","line":289}
            Remediation: Move secret to environment variables or secure secret management system
        </failure>
    </testcase>
    <testcase name="Potential AWS Secret Key detected" classname="secretsDetection">
        
        <failure message="Potential hardcoded aws secret key found in source code">
            Location: {"file":"security-reports/sbom.json","line":293}
            Remediation: Move secret to environment variables or secure secret management system
        </failure>
    </testcase>
    <testcase name="Potential AWS Secret Key detected" classname="secretsDetection">
        
        <failure message="Potential hardcoded aws secret key found in source code">
            Location: {"file":"security-reports/sbom.json","line":320}
            Remediation: Move secret to environment variables or secure secret management system
        </failure>
    </testcase>
    <testcase name="Potential AWS Secret Key detected" classname="secretsDetection">
        
        <failure message="Potential hardcoded aws secret key found in source code">
            Location: {"file":"security-reports/sbom.json","line":324}
            Remediation: Move secret to environment variables or secure secret management system
        </failure>
    </testcase>
    <testcase name="Potential AWS Secret Key detected" classname="secretsDetection">
        
        <failure message="Potential hardcoded aws secret key found in source code">
            Location: {"file":"security-reports/sbom.json","line":351}
            Remediation: Move secret to environment variables or secure secret management system
        </failure>
    </testcase>
    <testcase name="Potential AWS Secret Key detected" classname="secretsDetection">
        
        <failure message="Potential hardcoded aws secret key found in source code">
            Location: {"file":"security-reports/sbom.json","line":355}
            Remediation: Move secret to environment variables or secure secret management system
        </failure>
    </testcase>
    <testcase name="Potential AWS Secret Key detected" classname="secretsDetection">
        
        <failure message="Potential hardcoded aws secret key found in source code">
            Location: {"file":"security-reports/sbom.json","line":382}
            Remediation: Move secret to environment variables or secure secret management system
        </failure>
    </testcase>
    <testcase name="Potential AWS Secret Key detected" classname="secretsDetection">
        
        <failure message="Potential hardcoded aws secret key found in source code">
            Location: {"file":"security-reports/sbom.json","line":386}
            Remediation: Move secret to environment variables or secure secret management system
        </failure>
    </testcase>
    <testcase name="Potential AWS Secret Key detected" classname="secretsDetection">
        
        <failure message="Potential hardcoded aws secret key found in source code">
            Location: {"file":"security-reports/sbom.json","line":413}
            Remediation: Move secret to environment variables or secure secret management system
        </failure>
    </testcase>
    <testcase name="Potential AWS Secret Key detected" classname="secretsDetection">
        
        <failure message="Potential hardcoded aws secret key found in source code">
            Location: {"file":"security-reports/sbom.json","line":417}
            Remediation: Move secret to environment variables or secure secret management system
        </failure>
    </testcase>
    <testcase name="Potential AWS Secret Key detected" classname="secretsDetection">
        
        <failure message="Potential hardcoded aws secret key found in source code">
            Location: {"file":"security-reports/sbom.json","line":444}
            Remediation: Move secret to environment variables or secure secret management system
        </failure>
    </testcase>
    <testcase name="Potential AWS Secret Key detected" classname="secretsDetection">
        
        <failure message="Potential hardcoded aws secret key found in source code">
            Location: {"file":"security-reports/sbom.json","line":448}
            Remediation: Move secret to environment variables or secure secret management system
        </failure>
    </testcase>
    <testcase name="Potential AWS Secret Key detected" classname="secretsDetection">
        
        <failure message="Potential hardcoded aws secret key found in source code">
            Location: {"file":"security-reports/sbom.json","line":475}
            Remediation: Move secret to environment variables or secure secret management system
        </failure>
    </testcase>
    <testcase name="Potential AWS Secret Key detected" classname="secretsDetection">
        
        <failure message="Potential hardcoded aws secret key found in source code">
            Location: {"file":"security-reports/sbom.json","line":479}
            Remediation: Move secret to environment variables or secure secret management system
        </failure>
    </testcase>
    <testcase name="Potential AWS Secret Key detected" classname="secretsDetection">
        
        <failure message="Potential hardcoded aws secret key found in source code">
            Location: {"file":"security-reports/sbom.json","line":506}
            Remediation: Move secret to environment variables or secure secret management system
        </failure>
    </testcase>
    <testcase name="Potential AWS Secret Key detected" classname="secretsDetection">
        
        <failure message="Potential hardcoded aws secret key found in source code">
            Location: {"file":"security-reports/sbom.json","line":510}
            Remediation: Move secret to environment variables or secure secret management system
        </failure>
    </testcase>
    <testcase name="Potential AWS Secret Key detected" classname="secretsDetection">
        
        <failure message="Potential hardcoded aws secret key found in source code">
            Location: {"file":"security-reports/sbom.json","line":537}
            Remediation: Move secret to environment variables or secure secret management system
        </failure>
    </testcase>
    <testcase name="Potential AWS Secret Key detected" classname="secretsDetection">
        
        <failure message="Potential hardcoded aws secret key found in source code">
            Location: {"file":"security-reports/sbom.json","line":541}
            Remediation: Move secret to environment variables or secure secret management system
        </failure>
    </testcase>
    <testcase name="Potential AWS Secret Key detected" classname="secretsDetection">
        
        <failure message="Potential hardcoded aws secret key found in source code">
            Location: {"file":"security-reports/sbom.json","line":568}
            Remediation: Move secret to environment variables or secure secret management system
        </failure>
    </testcase>
    <testcase name="Potential AWS Secret Key detected" classname="secretsDetection">
        
        <failure message="Potential hardcoded aws secret key found in source code">
            Location: {"file":"security-reports/sbom.json","line":572}
            Remediation: Move secret to environment variables or secure secret management system
        </failure>
    </testcase>
    <testcase name="Potential AWS Secret Key detected" classname="secretsDetection">
        
        <failure message="Potential hardcoded aws secret key found in source code">
            Location: {"file":"security-reports/sbom.json","line":667}
            Remediation: Move secret to environment variables or secure secret management system
        </failure>
    </testcase>
</testsuite>