<?xml version="1.0" encoding="UTF-8"?>
<testsuite name="SecurityScan" tests="1712" failures="1712" time="0">
    
    <testcase name="Found existsSync from package "fs" with non literal argument at index 0" classname="staticCodeAnalysis">
        
        <failure message="ESLint security rule violation: security/detect-non-literal-fs-filename">
            Location: {"file":"/root/repo/src/backlog/discovery.js","line":50,"column":12}
            Remediation: Fix the security issue identified by rule security/detect-non-literal-fs-filename
        </failure>
    </testcase>
    <testcase name="Found readFileSync from package "fs" with non literal argument at index 0" classname="staticCodeAnalysis">
        
        <failure message="ESLint security rule violation: security/detect-non-literal-fs-filename">
            Location: {"file":"/root/repo/src/backlog/discovery.js","line":52,"column":23}
            Remediation: Fix the security issue identified by rule security/detect-non-literal-fs-filename
        </failure>
    </testcase>
    <testcase name="Unsafe Regular Expression" classname="staticCodeAnalysis">
        
        <failure message="ESLint security rule violation: security/detect-unsafe-regex">
            Location: {"file":"/root/repo/src/backlog/discovery.js","line":90,"column":27}
            Remediation: Fix the security issue identified by rule security/detect-unsafe-regex
        </failure>
    </testcase>
    <testcase name="Unsafe Regular Expression" classname="staticCodeAnalysis">
        
        <failure message="ESLint security rule violation: security/detect-unsafe-regex">
            Location: {"file":"/root/repo/src/backlog/discovery.js","line":312,"column":7}
            Remediation: Fix the security issue identified by rule security/detect-unsafe-regex
        </failure>
    </testcase>
    <testcase name="Unsafe Regular Expression" classname="staticCodeAnalysis">
        
        <failure message="ESLint security rule violation: security/detect-unsafe-regex">
            Location: {"file":"/root/repo/src/backlog/discovery.js","line":313,"column":7}
            Remediation: Fix the security issue identified by rule security/detect-unsafe-regex
        </failure>
    </testcase>
    <testcase name="Found existsSync from package "fs" with non literal argument at index 0" classname="staticCodeAnalysis">
        
        <failure message="ESLint security rule violation: security/detect-non-literal-fs-filename">
            Location: {"file":"/root/repo/src/backlog/executor.js","line":239,"column":10}
            Remediation: Fix the security issue identified by rule security/detect-non-literal-fs-filename
        </failure>
    </testcase>
    <testcase name="Found writeFileSync from package "fs" with non literal argument at index 0" classname="staticCodeAnalysis">
        
        <failure message="ESLint security rule violation: security/detect-non-literal-fs-filename">
            Location: {"file":"/root/repo/src/backlog/executor.js","line":240,"column":7}
            Remediation: Fix the security issue identified by rule security/detect-non-literal-fs-filename
        </failure>
    </testcase>
    <testcase name="Found writeFileSync from package "fs" with non literal argument at index 0" classname="staticCodeAnalysis">
        
        <failure message="ESLint security rule violation: security/detect-non-literal-fs-filename">
            Location: {"file":"/root/repo/src/backlog/executor.js","line":401,"column":5}
            Remediation: Fix the security issue identified by rule security/detect-non-literal-fs-filename
        </failure>
    </testcase>
    <testcase name="Found existsSync from package "fs" with non literal argument at index 0" classname="staticCodeAnalysis">
        
        <failure message="ESLint security rule violation: security/detect-non-literal-fs-filename">
            Location: {"file":"/root/repo/src/backlog/index.js","line":57,"column":12}
            Remediation: Fix the security issue identified by rule security/detect-non-literal-fs-filename
        </failure>
    </testcase>
    <testcase name="Found mkdirSync from package "fs" with non literal argument at index 0" classname="staticCodeAnalysis">
        
        <failure message="ESLint security rule violation: security/detect-non-literal-fs-filename">
            Location: {"file":"/root/repo/src/backlog/index.js","line":58,"column":9}
            Remediation: Fix the security issue identified by rule security/detect-non-literal-fs-filename
        </failure>
    </testcase>
    <testcase name="Found writeFileSync from package "fs" with non literal argument at index 0" classname="staticCodeAnalysis">
        
        <failure message="ESLint security rule violation: security/detect-non-literal-fs-filename">
            Location: {"file":"/root/repo/src/backlog/metrics.js","line":42,"column":5}
            Remediation: Fix the security issue identified by rule security/detect-non-literal-fs-filename
        </failure>
    </testcase>
    <testcase name="Found writeFileSync from package "fs" with non literal argument at index 0" classname="staticCodeAnalysis">
        
        <failure message="ESLint security rule violation: security/detect-non-literal-fs-filename">
            Location: {"file":"/root/repo/src/backlog/metrics.js","line":43,"column":5}
            Remediation: Fix the security issue identified by rule security/detect-non-literal-fs-filename
        </failure>
    </testcase>
    <testcase name="Found writeFileSync from package "fs" with non literal argument at index 0" classname="staticCodeAnalysis">
        
        <failure message="ESLint security rule violation: security/detect-non-literal-fs-filename">
            Location: {"file":"/root/repo/src/backlog/metrics.js","line":424,"column":5}
            Remediation: Fix the security issue identified by rule security/detect-non-literal-fs-filename
        </failure>
    </testcase>
    <testcase name="Found readFileSync from package "fs" with non literal argument at index 0" classname="staticCodeAnalysis">
        
        <failure message="ESLint security rule violation: security/detect-non-literal-fs-filename">
            Location: {"file":"/root/repo/src/backlog/security.js","line":145,"column":25}
            Remediation: Fix the security issue identified by rule security/detect-non-literal-fs-filename
        </failure>
    </testcase>
    <testcase name="Found readFileSync from package "fs" with non literal argument at index 0" classname="staticCodeAnalysis">
        
        <failure message="ESLint security rule violation: security/detect-non-literal-fs-filename">
            Location: {"file":"/root/repo/src/backlog/security.js","line":181,"column":25}
            Remediation: Fix the security issue identified by rule security/detect-non-literal-fs-filename
        </failure>
    </testcase>
    <testcase name="Found readFileSync from package "fs" with non literal argument at index 0" classname="staticCodeAnalysis">
        
        <failure message="ESLint security rule violation: security/detect-non-literal-fs-filename">
            Location: {"file":"/root/repo/src/backlog/security.js","line":215,"column":25}
            Remediation: Fix the security issue identified by rule security/detect-non-literal-fs-filename
        </failure>
    </testcase>
    <testcase name="Found existsSync from package "fs" with non literal argument at index 0" classname="staticCodeAnalysis">
        
        <failure message="ESLint security rule violation: security/detect-non-literal-fs-filename">
            Location: {"file":"/root/repo/src/backlog/security.js","line":349,"column":12}
            Remediation: Fix the security issue identified by rule security/detect-non-literal-fs-filename
        </failure>
    </testcase>
    <testcase name="Found mkdirSync from package "fs" with non literal argument at index 0" classname="staticCodeAnalysis">
        
        <failure message="ESLint security rule violation: security/detect-non-literal-fs-filename">
            Location: {"file":"/root/repo/src/backlog/security.js","line":350,"column":9}
            Remediation: Fix the security issue identified by rule security/detect-non-literal-fs-filename
        </failure>
    </testcase>
    <testcase name="Found existsSync from package "fs" with non literal argument at index 0" classname="staticCodeAnalysis">
        
        <failure message="ESLint security rule violation: security/detect-non-literal-fs-filename">
            Location: {"file":"/root/repo/src/backlog/security.js","line":416,"column":10}
            Remediation: Fix the security issue identified by rule security/detect-non-literal-fs-filename
        </failure>
    </testcase>
    <testcase name="Found mkdirSync from package "fs" with non literal argument at index 0" classname="staticCodeAnalysis">
        
        <failure message="ESLint security rule violation: security/detect-non-literal-fs-filename">
            Location: {"file":"/root/repo/src/backlog/security.js","line":417,"column":7}
            Remediation: Fix the security issue identified by rule security/detect-non-literal-fs-filename
        </failure>
    </testcase>
    <testcase name="Found readFileSync from package "fs" with non literal argument at index 0" classname="staticCodeAnalysis">
        
        <failure message="ESLint security rule violation: security/detect-non-literal-fs-filename">
            Location: {"file":"/root/repo/src/backlog/security.js","line":480,"column":23}
            Remediation: Fix the security issue identified by rule security/detect-non-literal-fs-filename
        </failure>
    </testcase>
    <testcase name="Found readFileSync from package "fs" with non literal argument at index 0" classname="staticCodeAnalysis">
        
        <failure message="ESLint security rule violation: security/detect-non-literal-fs-filename">
            Location: {"file":"/root/repo/src/backlog/security.js","line":508,"column":23}
            Remediation: Fix the security issue identified by rule security/detect-non-literal-fs-filename
        </failure>
    </testcase>
    <testcase name="Found writeFileSync from package "fs" with non literal argument at index 0" classname="staticCodeAnalysis">
        
        <failure message="ESLint security rule violation: security/detect-non-literal-fs-filename">
            Location: {"file":"/root/repo/src/backlog/security.js","line":567,"column":7}
            Remediation: Fix the security issue identified by rule security/detect-non-literal-fs-filename
        </failure>
    </testcase>
    <testcase name="Found existsSync from package "fs" with non literal argument at index 0" classname="staticCodeAnalysis">
        
        <failure message="ESLint security rule violation: security/detect-non-literal-fs-filename">
            Location: {"file":"/root/repo/src/backlog/security.js","line":690,"column":12}
            Remediation: Fix the security issue identified by rule security/detect-non-literal-fs-filename
        </failure>
    </testcase>
    <testcase name="Found mkdirSync from package "fs" with non literal argument at index 0" classname="staticCodeAnalysis">
        
        <failure message="ESLint security rule violation: security/detect-non-literal-fs-filename">
            Location: {"file":"/root/repo/src/backlog/security.js","line":691,"column":9}
            Remediation: Fix the security issue identified by rule security/detect-non-literal-fs-filename
        </failure>
    </testcase>
    <testcase name="Found writeFileSync from package "fs" with non literal argument at index 0" classname="staticCodeAnalysis">
        
        <failure message="ESLint security rule violation: security/detect-non-literal-fs-filename">
            Location: {"file":"/root/repo/src/backlog/security.js","line":715,"column":7}
            Remediation: Fix the security issue identified by rule security/detect-non-literal-fs-filename
        </failure>
    </testcase>
    <testcase name="Generic Object Injection Sink" classname="staticCodeAnalysis">
        
        <failure message="ESLint security rule violation: security/detect-object-injection">
            Location: {"file":"/root/repo/src/compliance/ComplianceEngine.js","line":116,"column":85}
            Remediation: Fix the security issue identified by rule security/detect-object-injection
        </failure>
    </testcase>
    <testcase name="Generic Object Injection Sink" classname="staticCodeAnalysis">
        
        <failure message="ESLint security rule violation: security/detect-object-injection">
            Location: {"file":"/root/repo/src/compliance/ComplianceEngine.js","line":129,"column":64}
            Remediation: Fix the security issue identified by rule security/detect-object-injection
        </failure>
    </testcase>
    <testcase name="Generic Object Injection Sink" classname="staticCodeAnalysis">
        
        <failure message="ESLint security rule violation: security/detect-object-injection">
            Location: {"file":"/root/repo/src/compliance/ComplianceEngine.js","line":136,"column":62}
            Remediation: Fix the security issue identified by rule security/detect-object-injection
        </failure>
    </testcase>
    <testcase name="Variable Assigned to Object Injection Sink" classname="staticCodeAnalysis">
        
        <failure message="ESLint security rule violation: security/detect-object-injection">
            Location: {"file":"/root/repo/src/compliance/ComplianceEngine.js","line":286,"column":23}
            Remediation: Fix the security issue identified by rule security/detect-object-injection
        </failure>
    </testcase>
    <testcase name="Generic Object Injection Sink" classname="staticCodeAnalysis">
        
        <failure message="ESLint security rule violation: security/detect-object-injection">
            Location: {"file":"/root/repo/src/compliance/ComplianceEngine.js","line":510,"column":7}
            Remediation: Fix the security issue identified by rule security/detect-object-injection
        </failure>
    </testcase>
    <testcase name="Generic Object Injection Sink" classname="staticCodeAnalysis">
        
        <failure message="ESLint security rule violation: security/detect-object-injection">
            Location: {"file":"/root/repo/src/compliance/ComplianceEngine.js","line":520,"column":71}
            Remediation: Fix the security issue identified by rule security/detect-object-injection
        </failure>
    </testcase>
    <testcase name="Variable Assigned to Object Injection Sink" classname="staticCodeAnalysis">
        
        <failure message="ESLint security rule violation: security/detect-object-injection">
            Location: {"file":"/root/repo/src/compliance/ComplianceEngine.js","line":535,"column":23}
            Remediation: Fix the security issue identified by rule security/detect-object-injection
        </failure>
    </testcase>
    <testcase name="Variable Assigned to Object Injection Sink" classname="staticCodeAnalysis">
        
        <failure message="ESLint security rule violation: security/detect-object-injection">
            Location: {"file":"/root/repo/src/compliance/ComplianceEngine.js","line":554,"column":23}
            Remediation: Fix the security issue identified by rule security/detect-object-injection
        </failure>
    </testcase>
    <testcase name="Variable Assigned to Object Injection Sink" classname="staticCodeAnalysis">
        
        <failure message="ESLint security rule violation: security/detect-object-injection">
            Location: {"file":"/root/repo/src/compliance/ComplianceEngine.js","line":571,"column":23}
            Remediation: Fix the security issue identified by rule security/detect-object-injection
        </failure>
    </testcase>
    <testcase name="Generic Object Injection Sink" classname="staticCodeAnalysis">
        
        <failure message="ESLint security rule violation: security/detect-object-injection">
            Location: {"file":"/root/repo/src/database/connection.js","line":375,"column":9}
            Remediation: Fix the security issue identified by rule security/detect-object-injection
        </failure>
    </testcase>
    <testcase name="Found existsSync from package "fs" with non literal argument at index 0" classname="staticCodeAnalysis">
        
        <failure message="ESLint security rule violation: security/detect-non-literal-fs-filename">
            Location: {"file":"/root/repo/src/i18n/index.js","line":73,"column":11}
            Remediation: Fix the security issue identified by rule security/detect-non-literal-fs-filename
        </failure>
    </testcase>
    <testcase name="Found readFileSync from package "fs" with non literal argument at index 0" classname="staticCodeAnalysis">
        
        <failure message="ESLint security rule violation: security/detect-non-literal-fs-filename">
            Location: {"file":"/root/repo/src/i18n/index.js","line":74,"column":41}
            Remediation: Fix the security issue identified by rule security/detect-non-literal-fs-filename
        </failure>
    </testcase>
    <testcase name="Generic Object Injection Sink" classname="staticCodeAnalysis">
        
        <failure message="ESLint security rule violation: security/detect-object-injection">
            Location: {"file":"/root/repo/src/i18n/index.js","line":144,"column":7}
            Remediation: Fix the security issue identified by rule security/detect-object-injection
        </failure>
    </testcase>
    <testcase name="Generic Object Injection Sink" classname="staticCodeAnalysis">
        
        <failure message="ESLint security rule violation: security/detect-object-injection">
            Location: {"file":"/root/repo/src/i18n/index.js","line":154,"column":10}
            Remediation: Fix the security issue identified by rule security/detect-object-injection
        </failure>
    </testcase>
    <testcase name="Generic Object Injection Sink" classname="staticCodeAnalysis">
        
        <failure message="ESLint security rule violation: security/detect-object-injection">
            Location: {"file":"/root/repo/src/i18n/index.js","line":204,"column":64}
            Remediation: Fix the security issue identified by rule security/detect-object-injection
        </failure>
    </testcase>
    <testcase name="Generic Object Injection Sink" classname="staticCodeAnalysis">
        
        <failure message="ESLint security rule violation: security/detect-object-injection">
            Location: {"file":"/root/repo/src/i18n/index.js","line":212,"column":66}
            Remediation: Fix the security issue identified by rule security/detect-object-injection
        </failure>
    </testcase>
    <testcase name="Generic Object Injection Sink" classname="staticCodeAnalysis">
        
        <failure message="ESLint security rule violation: security/detect-object-injection">
            Location: {"file":"/root/repo/src/i18n/index.js","line":272,"column":12}
            Remediation: Fix the security issue identified by rule security/detect-object-injection
        </failure>
    </testcase>
    <testcase name="Generic Object Injection Sink" classname="staticCodeAnalysis">
        
        <failure message="ESLint security rule violation: security/detect-object-injection">
            Location: {"file":"/root/repo/src/i18n/index.js","line":272,"column":12}
            Remediation: Fix the security issue identified by rule security/detect-object-injection
        </failure>
    </testcase>
    <testcase name="Generic Object Injection Sink" classname="staticCodeAnalysis">
        
        <failure message="ESLint security rule violation: security/detect-object-injection">
            Location: {"file":"/root/repo/src/i18n/index.js","line":272,"column":52}
            Remediation: Fix the security issue identified by rule security/detect-object-injection
        </failure>
    </testcase>
    <testcase name="Generic Object Injection Sink" classname="staticCodeAnalysis">
        
        <failure message="ESLint security rule violation: security/detect-object-injection">
            Location: {"file":"/root/repo/src/i18n/index.js","line":286,"column":12}
            Remediation: Fix the security issue identified by rule security/detect-object-injection
        </failure>
    </testcase>
    <testcase name="Generic Object Injection Sink" classname="staticCodeAnalysis">
        
        <failure message="ESLint security rule violation: security/detect-object-injection">
            Location: {"file":"/root/repo/src/i18n/index.js","line":286,"column":12}
            Remediation: Fix the security issue identified by rule security/detect-object-injection
        </failure>
    </testcase>
    <testcase name="Generic Object Injection Sink" classname="staticCodeAnalysis">
        
        <failure message="ESLint security rule violation: security/detect-object-injection">
            Location: {"file":"/root/repo/src/i18n/index.js","line":286,"column":52}
            Remediation: Fix the security issue identified by rule security/detect-object-injection
        </failure>
    </testcase>
    <testcase name="Generic Object Injection Sink" classname="staticCodeAnalysis">
        
        <failure message="ESLint security rule violation: security/detect-object-injection">
            Location: {"file":"/root/repo/src/i18n/index.js","line":300,"column":12}
            Remediation: Fix the security issue identified by rule security/detect-object-injection
        </failure>
    </testcase>
    <testcase name="Generic Object Injection Sink" classname="staticCodeAnalysis">
        
        <failure message="ESLint security rule violation: security/detect-object-injection">
            Location: {"file":"/root/repo/src/i18n/index.js","line":300,"column":12}
            Remediation: Fix the security issue identified by rule security/detect-object-injection
        </failure>
    </testcase>
    <testcase name="Generic Object Injection Sink" classname="staticCodeAnalysis">
        
        <failure message="ESLint security rule violation: security/detect-object-injection">
            Location: {"file":"/root/repo/src/i18n/index.js","line":300,"column":50}
            Remediation: Fix the security issue identified by rule security/detect-object-injection
        </failure>
    </testcase>
    <testcase name="Generic Object Injection Sink" classname="staticCodeAnalysis">
        
        <failure message="ESLint security rule violation: security/detect-object-injection">
            Location: {"file":"/root/repo/src/i18n/index.js","line":314,"column":12}
            Remediation: Fix the security issue identified by rule security/detect-object-injection
        </failure>
    </testcase>
    <testcase name="Generic Object Injection Sink" classname="staticCodeAnalysis">
        
        <failure message="ESLint security rule violation: security/detect-object-injection">
            Location: {"file":"/root/repo/src/i18n/index.js","line":314,"column":12}
            Remediation: Fix the security issue identified by rule security/detect-object-injection
        </failure>
    </testcase>
    <testcase name="Generic Object Injection Sink" classname="staticCodeAnalysis">
        
        <failure message="ESLint security rule violation: security/detect-object-injection">
            Location: {"file":"/root/repo/src/i18n/index.js","line":314,"column":50}
            Remediation: Fix the security issue identified by rule security/detect-object-injection
        </failure>
    </testcase>
    <testcase name="Generic Object Injection Sink" classname="staticCodeAnalysis">
        
        <failure message="ESLint security rule violation: security/detect-object-injection">
            Location: {"file":"/root/repo/src/i18n/index.js","line":320,"column":12}
            Remediation: Fix the security issue identified by rule security/detect-object-injection
        </failure>
    </testcase>
    <testcase name="Generic Object Injection Sink" classname="staticCodeAnalysis">
        
        <failure message="ESLint security rule violation: security/detect-object-injection">
            Location: {"file":"/root/repo/src/i18n/index.js","line":334,"column":12}
            Remediation: Fix the security issue identified by rule security/detect-object-injection
        </failure>
    </testcase>
    <testcase name="Generic Object Injection Sink" classname="staticCodeAnalysis">
        
        <failure message="ESLint security rule violation: security/detect-object-injection">
            Location: {"file":"/root/repo/src/i18n/index.js","line":334,"column":12}
            Remediation: Fix the security issue identified by rule security/detect-object-injection
        </failure>
    </testcase>
    <testcase name="Generic Object Injection Sink" classname="staticCodeAnalysis">
        
        <failure message="ESLint security rule violation: security/detect-object-injection">
            Location: {"file":"/root/repo/src/i18n/index.js","line":334,"column":47}
            Remediation: Fix the security issue identified by rule security/detect-object-injection
        </failure>
    </testcase>
    <testcase name="Generic Object Injection Sink" classname="staticCodeAnalysis">
        
        <failure message="ESLint security rule violation: security/detect-object-injection">
            Location: {"file":"/root/repo/src/i18n/index.js","line":372,"column":12}
            Remediation: Fix the security issue identified by rule security/detect-object-injection
        </failure>
    </testcase>
    <testcase name="Generic Object Injection Sink" classname="staticCodeAnalysis">
        
        <failure message="ESLint security rule violation: security/detect-object-injection">
            Location: {"file":"/root/repo/src/i18n/index.js","line":372,"column":12}
            Remediation: Fix the security issue identified by rule security/detect-object-injection
        </failure>
    </testcase>
    <testcase name="Generic Object Injection Sink" classname="staticCodeAnalysis">
        
        <failure message="ESLint security rule violation: security/detect-object-injection">
            Location: {"file":"/root/repo/src/i18n/index.js","line":372,"column":49}
            Remediation: Fix the security issue identified by rule security/detect-object-injection
        </failure>
    </testcase>
    <testcase name="Generic Object Injection Sink" classname="staticCodeAnalysis">
        
        <failure message="ESLint security rule violation: security/detect-object-injection">
            Location: {"file":"/root/repo/src/lambda/remediation-generator.js","line":491,"column":10}
            Remediation: Fix the security issue identified by rule security/detect-object-injection
        </failure>
    </testcase>
    <testcase name="Generic Object Injection Sink" classname="staticCodeAnalysis">
        
        <failure message="ESLint security rule violation: security/detect-object-injection">
            Location: {"file":"/root/repo/src/lambda/remediation-generator.js","line":504,"column":10}
            Remediation: Fix the security issue identified by rule security/detect-object-injection
        </failure>
    </testcase>
    <testcase name="Function Call Object Injection Sink" classname="staticCodeAnalysis">
        
        <failure message="ESLint security rule violation: security/detect-object-injection">
            Location: {"file":"/root/repo/src/lambda/remediation-generator.js","line":673,"column":28}
            Remediation: Fix the security issue identified by rule security/detect-object-injection
        </failure>
    </testcase>
    <testcase name="Generic Object Injection Sink" classname="staticCodeAnalysis">
        
        <failure message="ESLint security rule violation: security/detect-object-injection">
            Location: {"file":"/root/repo/src/lambda/remediation-generator.js","line":722,"column":12}
            Remediation: Fix the security issue identified by rule security/detect-object-injection
        </failure>
    </testcase>
    <testcase name="Generic Object Injection Sink" classname="staticCodeAnalysis">
        
        <failure message="ESLint security rule violation: security/detect-object-injection">
            Location: {"file":"/root/repo/src/lambda/remediation-generator.js","line":760,"column":27}
            Remediation: Fix the security issue identified by rule security/detect-object-injection
        </failure>
    </testcase>
    <testcase name="Generic Object Injection Sink" classname="staticCodeAnalysis">
        
        <failure message="ESLint security rule violation: security/detect-object-injection">
            Location: {"file":"/root/repo/src/lambda/remediation-generator.js","line":761,"column":27}
            Remediation: Fix the security issue identified by rule security/detect-object-injection
        </failure>
    </testcase>
    <testcase name="Variable Assigned to Object Injection Sink" classname="staticCodeAnalysis">
        
        <failure message="ESLint security rule violation: security/detect-object-injection">
            Location: {"file":"/root/repo/src/lambda/risk-scoring.js","line":165,"column":21}
            Remediation: Fix the security issue identified by rule security/detect-object-injection
        </failure>
    </testcase>
    <testcase name="Generic Object Injection Sink" classname="staticCodeAnalysis">
        
        <failure message="ESLint security rule violation: security/detect-object-injection">
            Location: {"file":"/root/repo/src/learning/AdaptiveLearningEngine.js","line":852,"column":21}
            Remediation: Fix the security issue identified by rule security/detect-object-injection
        </failure>
    </testcase>
    <testcase name="Generic Object Injection Sink" classname="staticCodeAnalysis">
        
        <failure message="ESLint security rule violation: security/detect-object-injection">
            Location: {"file":"/root/repo/src/learning/AdaptiveLearningEngine.js","line":853,"column":21}
            Remediation: Fix the security issue identified by rule security/detect-object-injection
        </failure>
    </testcase>
    <testcase name="Generic Object Injection Sink" classname="staticCodeAnalysis">
        
        <failure message="ESLint security rule violation: security/detect-object-injection">
            Location: {"file":"/root/repo/src/learning/AdaptiveLearningEngine.js","line":873,"column":23}
            Remediation: Fix the security issue identified by rule security/detect-object-injection
        </failure>
    </testcase>
    <testcase name="Generic Object Injection Sink" classname="staticCodeAnalysis">
        
        <failure message="ESLint security rule violation: security/detect-object-injection">
            Location: {"file":"/root/repo/src/learning/AdaptiveLearningEngine.js","line":873,"column":52}
            Remediation: Fix the security issue identified by rule security/detect-object-injection
        </failure>
    </testcase>
    <testcase name="Generic Object Injection Sink" classname="staticCodeAnalysis">
        
        <failure message="ESLint security rule violation: security/detect-object-injection">
            Location: {"file":"/root/repo/src/models/Remediation.js","line":328,"column":12}
            Remediation: Fix the security issue identified by rule security/detect-object-injection
        </failure>
    </testcase>
    <testcase name="Generic Object Injection Sink" classname="staticCodeAnalysis">
        
        <failure message="ESLint security rule violation: security/detect-object-injection">
            Location: {"file":"/root/repo/src/monitoring/ObservabilityManager.js","line":411,"column":7}
            Remediation: Fix the security issue identified by rule security/detect-object-injection
        </failure>
    </testcase>
    <testcase name="Generic Object Injection Sink" classname="staticCodeAnalysis">
        
        <failure message="ESLint security rule violation: security/detect-object-injection">
            Location: {"file":"/root/repo/src/monitoring/ProductionMonitoring.js","line":486,"column":31}
            Remediation: Fix the security issue identified by rule security/detect-object-injection
        </failure>
    </testcase>
    <testcase name="Generic Object Injection Sink" classname="staticCodeAnalysis">
        
        <failure message="ESLint security rule violation: security/detect-object-injection">
            Location: {"file":"/root/repo/src/monitoring/ProductionMonitoring.js","line":606,"column":7}
            Remediation: Fix the security issue identified by rule security/detect-object-injection
        </failure>
    </testcase>
    <testcase name="Generic Object Injection Sink" classname="staticCodeAnalysis">
        
        <failure message="ESLint security rule violation: security/detect-object-injection">
            Location: {"file":"/root/repo/src/monitoring/alertManager.js","line":550,"column":7}
            Remediation: Fix the security issue identified by rule security/detect-object-injection
        </failure>
    </testcase>
    <testcase name="Generic Object Injection Sink" classname="staticCodeAnalysis">
        
        <failure message="ESLint security rule violation: security/detect-object-injection">
            Location: {"file":"/root/repo/src/monitoring/health.js","line":69,"column":17}
            Remediation: Fix the security issue identified by rule security/detect-object-injection
        </failure>
    </testcase>
    <testcase name="Generic Object Injection Sink" classname="staticCodeAnalysis">
        
        <failure message="ESLint security rule violation: security/detect-object-injection">
            Location: {"file":"/root/repo/src/monitoring/health.js","line":71,"column":17}
            Remediation: Fix the security issue identified by rule security/detect-object-injection
        </failure>
    </testcase>
    <testcase name="Generic Object Injection Sink" classname="staticCodeAnalysis">
        
        <failure message="ESLint security rule violation: security/detect-object-injection">
            Location: {"file":"/root/repo/src/monitoring/logger.js","line":104,"column":21}
            Remediation: Fix the security issue identified by rule security/detect-object-injection
        </failure>
    </testcase>
    <testcase name="Generic Object Injection Sink" classname="staticCodeAnalysis">
        
        <failure message="ESLint security rule violation: security/detect-object-injection">
            Location: {"file":"/root/repo/src/observability/ObservabilityManager.js","line":154,"column":7}
            Remediation: Fix the security issue identified by rule security/detect-object-injection
        </failure>
    </testcase>
    <testcase name="Generic Object Injection Sink" classname="staticCodeAnalysis">
        
        <failure message="ESLint security rule violation: security/detect-object-injection">
            Location: {"file":"/root/repo/src/observability/ObservabilityManager.js","line":336,"column":11}
            Remediation: Fix the security issue identified by rule security/detect-object-injection
        </failure>
    </testcase>
    <testcase name="Generic Object Injection Sink" classname="staticCodeAnalysis">
        
        <failure message="ESLint security rule violation: security/detect-object-injection">
            Location: {"file":"/root/repo/src/observability/ObservabilityManager.js","line":773,"column":7}
            Remediation: Fix the security issue identified by rule security/detect-object-injection
        </failure>
    </testcase>
    <testcase name="Generic Object Injection Sink" classname="staticCodeAnalysis">
        
        <failure message="ESLint security rule violation: security/detect-object-injection">
            Location: {"file":"/root/repo/src/performance/AdvancedCacheManager.js","line":331,"column":22}
            Remediation: Fix the security issue identified by rule security/detect-object-injection
        </failure>
    </testcase>
    <testcase name="Generic Object Injection Sink" classname="staticCodeAnalysis">
        
        <failure message="ESLint security rule violation: security/detect-object-injection">
            Location: {"file":"/root/repo/src/performance/AdvancedCacheManager.js","line":646,"column":7}
            Remediation: Fix the security issue identified by rule security/detect-object-injection
        </failure>
    </testcase>
    <testcase name="Generic Object Injection Sink" classname="staticCodeAnalysis">
        
        <failure message="ESLint security rule violation: security/detect-object-injection">
            Location: {"file":"/root/repo/src/performance/CacheManager.js","line":266,"column":13}
            Remediation: Fix the security issue identified by rule security/detect-object-injection
        </failure>
    </testcase>
    <testcase name="Generic Object Injection Sink" classname="staticCodeAnalysis">
        
        <failure message="ESLint security rule violation: security/detect-object-injection">
            Location: {"file":"/root/repo/src/performance/CacheManager.js","line":267,"column":11}
            Remediation: Fix the security issue identified by rule security/detect-object-injection
        </failure>
    </testcase>
    <testcase name="Variable Assigned to Object Injection Sink" classname="staticCodeAnalysis">
        
        <failure message="ESLint security rule violation: security/detect-object-injection">
            Location: {"file":"/root/repo/src/performance/CacheManager.js","line":428,"column":21}
            Remediation: Fix the security issue identified by rule security/detect-object-injection
        </failure>
    </testcase>
    <testcase name="Variable Assigned to Object Injection Sink" classname="staticCodeAnalysis">
        
        <failure message="ESLint security rule violation: security/detect-object-injection">
            Location: {"file":"/root/repo/src/performance/CacheManager.js","line":429,"column":20}
            Remediation: Fix the security issue identified by rule security/detect-object-injection
        </failure>
    </testcase>
    <testcase name="Variable Assigned to Object Injection Sink" classname="staticCodeAnalysis">
        
        <failure message="ESLint security rule violation: security/detect-object-injection">
            Location: {"file":"/root/repo/src/performance/CacheManager.js","line":449,"column":21}
            Remediation: Fix the security issue identified by rule security/detect-object-injection
        </failure>
    </testcase>
    <testcase name="Generic Object Injection Sink" classname="staticCodeAnalysis">
        
        <failure message="ESLint security rule violation: security/detect-object-injection">
            Location: {"file":"/root/repo/src/performance/CacheManager.js","line":557,"column":19}
            Remediation: Fix the security issue identified by rule security/detect-object-injection
        </failure>
    </testcase>
    <testcase name="Generic Object Injection Sink" classname="staticCodeAnalysis">
        
        <failure message="ESLint security rule violation: security/detect-object-injection">
            Location: {"file":"/root/repo/src/performance/CacheManager.js","line":566,"column":7}
            Remediation: Fix the security issue identified by rule security/detect-object-injection
        </failure>
    </testcase>
    <testcase name="Generic Object Injection Sink" classname="staticCodeAnalysis">
        
        <failure message="ESLint security rule violation: security/detect-object-injection">
            Location: {"file":"/root/repo/src/performance/CacheManager.js","line":591,"column":19}
            Remediation: Fix the security issue identified by rule security/detect-object-injection
        </failure>
    </testcase>
    <testcase name="Generic Object Injection Sink" classname="staticCodeAnalysis">
        
        <failure message="ESLint security rule violation: security/detect-object-injection">
            Location: {"file":"/root/repo/src/performance/CacheManager.js","line":600,"column":7}
            Remediation: Fix the security issue identified by rule security/detect-object-injection
        </failure>
    </testcase>
    <testcase name="Generic Object Injection Sink" classname="staticCodeAnalysis">
        
        <failure message="ESLint security rule violation: security/detect-object-injection">
            Location: {"file":"/root/repo/src/performance/CacheManager.js","line":866,"column":14}
            Remediation: Fix the security issue identified by rule security/detect-object-injection
        </failure>
    </testcase>
    <testcase name="Generic Object Injection Sink" classname="staticCodeAnalysis">
        
        <failure message="ESLint security rule violation: security/detect-object-injection">
            Location: {"file":"/root/repo/src/performance/CacheManager.js","line":950,"column":11}
            Remediation: Fix the security issue identified by rule security/detect-object-injection
        </failure>
    </testcase>
    <testcase name="Generic Object Injection Sink" classname="staticCodeAnalysis">
        
        <failure message="ESLint security rule violation: security/detect-object-injection">
            Location: {"file":"/root/repo/src/performance/CacheManager.js","line":951,"column":23}
            Remediation: Fix the security issue identified by rule security/detect-object-injection
        </failure>
    </testcase>
    <testcase name="Generic Object Injection Sink" classname="staticCodeAnalysis">
        
        <failure message="ESLint security rule violation: security/detect-object-injection">
            Location: {"file":"/root/repo/src/performance/LoadBalancer.js","line":408,"column":12}
            Remediation: Fix the security issue identified by rule security/detect-object-injection
        </failure>
    </testcase>
    <testcase name="Generic Object Injection Sink" classname="staticCodeAnalysis">
        
        <failure message="ESLint security rule violation: security/detect-object-injection">
            Location: {"file":"/root/repo/src/performance/LoadBalancer.js","line":925,"column":7}
            Remediation: Fix the security issue identified by rule security/detect-object-injection
        </failure>
    </testcase>
    <testcase name="Generic Object Injection Sink" classname="staticCodeAnalysis">
        
        <failure message="ESLint security rule violation: security/detect-object-injection">
            Location: {"file":"/root/repo/src/performance/PerformanceOptimizer.js","line":194,"column":10}
            Remediation: Fix the security issue identified by rule security/detect-object-injection
        </failure>
    </testcase>
    <testcase name="Generic Object Injection Sink" classname="staticCodeAnalysis">
        
        <failure message="ESLint security rule violation: security/detect-object-injection">
            Location: {"file":"/root/repo/src/performance/PerformanceOptimizer.js","line":195,"column":7}
            Remediation: Fix the security issue identified by rule security/detect-object-injection
        </failure>
    </testcase>
    <testcase name="Generic Object Injection Sink" classname="staticCodeAnalysis">
        
        <failure message="ESLint security rule violation: security/detect-object-injection">
            Location: {"file":"/root/repo/src/performance/PerformanceOptimizer.js","line":198,"column":16}
            Remediation: Fix the security issue identified by rule security/detect-object-injection
        </failure>
    </testcase>
    <testcase name="Generic Object Injection Sink" classname="staticCodeAnalysis">
        
        <failure message="ESLint security rule violation: security/detect-object-injection">
            Location: {"file":"/root/repo/src/performance/PerformanceOptimizer.js","line":202,"column":7}
            Remediation: Fix the security issue identified by rule security/detect-object-injection
        </failure>
    </testcase>
    <testcase name="Variable Assigned to Object Injection Sink" classname="staticCodeAnalysis">
        
        <failure message="ESLint security rule violation: security/detect-object-injection">
            Location: {"file":"/root/repo/src/performance/PerformanceOptimizer.js","line":435,"column":26}
            Remediation: Fix the security issue identified by rule security/detect-object-injection
        </failure>
    </testcase>
    <testcase name="Variable Assigned to Object Injection Sink" classname="staticCodeAnalysis">
        
        <failure message="ESLint security rule violation: security/detect-object-injection">
            Location: {"file":"/root/repo/src/performance/PerformanceOptimizer.js","line":533,"column":20}
            Remediation: Fix the security issue identified by rule security/detect-object-injection
        </failure>
    </testcase>
    <testcase name="Generic Object Injection Sink" classname="staticCodeAnalysis">
        
        <failure message="ESLint security rule violation: security/detect-object-injection">
            Location: {"file":"/root/repo/src/performance/PerformanceOptimizer.js","line":616,"column":11}
            Remediation: Fix the security issue identified by rule security/detect-object-injection
        </failure>
    </testcase>
    <testcase name="Generic Object Injection Sink" classname="staticCodeAnalysis">
        
        <failure message="ESLint security rule violation: security/detect-object-injection">
            Location: {"file":"/root/repo/src/performance/PerformanceOptimizer.js","line":617,"column":9}
            Remediation: Fix the security issue identified by rule security/detect-object-injection
        </failure>
    </testcase>
    <testcase name="Generic Object Injection Sink" classname="staticCodeAnalysis">
        
        <failure message="ESLint security rule violation: security/detect-object-injection">
            Location: {"file":"/root/repo/src/performance/PerformanceOptimizer.js","line":723,"column":7}
            Remediation: Fix the security issue identified by rule security/detect-object-injection
        </failure>
    </testcase>
    <testcase name="Generic Object Injection Sink" classname="staticCodeAnalysis">
        
        <failure message="ESLint security rule violation: security/detect-object-injection">
            Location: {"file":"/root/repo/src/performance/PerformanceOptimizer.js","line":731,"column":7}
            Remediation: Fix the security issue identified by rule security/detect-object-injection
        </failure>
    </testcase>
    <testcase name="Generic Object Injection Sink" classname="staticCodeAnalysis">
        
        <failure message="ESLint security rule violation: security/detect-object-injection">
            Location: {"file":"/root/repo/src/performance/PerformanceOptimizer.js","line":733,"column":9}
            Remediation: Fix the security issue identified by rule security/detect-object-injection
        </failure>
    </testcase>
    <testcase name="Generic Object Injection Sink" classname="staticCodeAnalysis">
        
        <failure message="ESLint security rule violation: security/detect-object-injection">
            Location: {"file":"/root/repo/src/performance/PerformanceOptimizer.js","line":733,"column":9}
            Remediation: Fix the security issue identified by rule security/detect-object-injection
        </failure>
    </testcase>
    <testcase name="Variable Assigned to Object Injection Sink" classname="staticCodeAnalysis">
        
        <failure message="ESLint security rule violation: security/detect-object-injection">
            Location: {"file":"/root/repo/src/performance/QuantumOptimizer.js","line":189,"column":24}
            Remediation: Fix the security issue identified by rule security/detect-object-injection
        </failure>
    </testcase>
    <testcase name="Generic Object Injection Sink" classname="staticCodeAnalysis">
        
        <failure message="ESLint security rule violation: security/detect-object-injection">
            Location: {"file":"/root/repo/src/performance/QuantumOptimizer.js","line":484,"column":17}
            Remediation: Fix the security issue identified by rule security/detect-object-injection
        </failure>
    </testcase>
    <testcase name="Generic Object Injection Sink" classname="staticCodeAnalysis">
        
        <failure message="ESLint security rule violation: security/detect-object-injection">
            Location: {"file":"/root/repo/src/performance/QuantumOptimizer.js","line":484,"column":48}
            Remediation: Fix the security issue identified by rule security/detect-object-injection
        </failure>
    </testcase>
    <testcase name="Unsafe Regular Expression" classname="staticCodeAnalysis">
        
        <failure message="ESLint security rule violation: security/detect-unsafe-regex">
            Location: {"file":"/root/repo/src/production/ProductionHardening.js","line":233,"column":20}
            Remediation: Fix the security issue identified by rule security/detect-unsafe-regex
        </failure>
    </testcase>
    <testcase name="Generic Object Injection Sink" classname="staticCodeAnalysis">
        
        <failure message="ESLint security rule violation: security/detect-object-injection">
            Location: {"file":"/root/repo/src/production/ProductionHardening.js","line":246,"column":11}
            Remediation: Fix the security issue identified by rule security/detect-object-injection
        </failure>
    </testcase>
    <testcase name="Generic Object Injection Sink" classname="staticCodeAnalysis">
        
        <failure message="ESLint security rule violation: security/detect-object-injection">
            Location: {"file":"/root/repo/src/production/ProductionHardening.js","line":384,"column":47}
            Remediation: Fix the security issue identified by rule security/detect-object-injection
        </failure>
    </testcase>
    <testcase name="Generic Object Injection Sink" classname="staticCodeAnalysis">
        
        <failure message="ESLint security rule violation: security/detect-object-injection">
            Location: {"file":"/root/repo/src/quantum/AIExecutionOptimizer.js","line":472,"column":12}
            Remediation: Fix the security issue identified by rule security/detect-object-injection
        </failure>
    </testcase>
    <testcase name="Generic Object Injection Sink" classname="staticCodeAnalysis">
        
        <failure message="ESLint security rule violation: security/detect-object-injection">
            Location: {"file":"/root/repo/src/quantum/AutoExecutor.js","line":633,"column":14}
            Remediation: Fix the security issue identified by rule security/detect-object-injection
        </failure>
    </testcase>
    <testcase name="Generic Object Injection Sink" classname="staticCodeAnalysis">
        
        <failure message="ESLint security rule violation: security/detect-object-injection">
            Location: {"file":"/root/repo/src/quantum/AutoExecutor.js","line":633,"column":34}
            Remediation: Fix the security issue identified by rule security/detect-object-injection
        </failure>
    </testcase>
    <testcase name="Generic Object Injection Sink" classname="staticCodeAnalysis">
        
        <failure message="ESLint security rule violation: security/detect-object-injection">
            Location: {"file":"/root/repo/src/quantum/AutoExecutor.js","line":634,"column":9}
            Remediation: Fix the security issue identified by rule security/detect-object-injection
        </failure>
    </testcase>
    <testcase name="Variable Assigned to Object Injection Sink" classname="staticCodeAnalysis">
        
        <failure message="ESLint security rule violation: security/detect-object-injection">
            Location: {"file":"/root/repo/src/quantum/QuantumExecutionEngine.js","line":459,"column":22}
            Remediation: Fix the security issue identified by rule security/detect-object-injection
        </failure>
    </testcase>
    <testcase name="Variable Assigned to Object Injection Sink" classname="staticCodeAnalysis">
        
        <failure message="ESLint security rule violation: security/detect-object-injection">
            Location: {"file":"/root/repo/src/quantum/TaskPlanner.js","line":201,"column":21}
            Remediation: Fix the security issue identified by rule security/detect-object-injection
        </failure>
    </testcase>
    <testcase name="Variable Assigned to Object Injection Sink" classname="staticCodeAnalysis">
        
        <failure message="ESLint security rule violation: security/detect-object-injection">
            Location: {"file":"/root/repo/src/quantum/TaskPlanner.js","line":247,"column":23}
            Remediation: Fix the security issue identified by rule security/detect-object-injection
        </failure>
    </testcase>
    <testcase name="Variable Assigned to Object Injection Sink" classname="staticCodeAnalysis">
        
        <failure message="ESLint security rule violation: security/detect-object-injection">
            Location: {"file":"/root/repo/src/quantum/TaskPlanner.js","line":248,"column":23}
            Remediation: Fix the security issue identified by rule security/detect-object-injection
        </failure>
    </testcase>
    <testcase name="Generic Object Injection Sink" classname="staticCodeAnalysis">
        
        <failure message="ESLint security rule violation: security/detect-object-injection">
            Location: {"file":"/root/repo/src/reliability/AdvancedErrorHandler.js","line":650,"column":7}
            Remediation: Fix the security issue identified by rule security/detect-object-injection
        </failure>
    </testcase>
    <testcase name="Generic Object Injection Sink" classname="staticCodeAnalysis">
        
        <failure message="ESLint security rule violation: security/detect-object-injection">
            Location: {"file":"/root/repo/src/reliability/HealthMonitor.js","line":375,"column":7}
            Remediation: Fix the security issue identified by rule security/detect-object-injection
        </failure>
    </testcase>
    <testcase name="Generic Object Injection Sink" classname="staticCodeAnalysis">
        
        <failure message="ESLint security rule violation: security/detect-object-injection">
            Location: {"file":"/root/repo/src/reliability/ResilienceManager.js","line":511,"column":9}
            Remediation: Fix the security issue identified by rule security/detect-object-injection
        </failure>
    </testcase>
    <testcase name="Generic Object Injection Sink" classname="staticCodeAnalysis">
        
        <failure message="ESLint security rule violation: security/detect-object-injection">
            Location: {"file":"/root/repo/src/reliability/ResilienceManager.js","line":511,"column":45}
            Remediation: Fix the security issue identified by rule security/detect-object-injection
        </failure>
    </testcase>
    <testcase name="Generic Object Injection Sink" classname="staticCodeAnalysis">
        
        <failure message="ESLint security rule violation: security/detect-object-injection">
            Location: {"file":"/root/repo/src/reliability/ResilienceManager.js","line":616,"column":7}
            Remediation: Fix the security issue identified by rule security/detect-object-injection
        </failure>
    </testcase>
    <testcase name="Generic Object Injection Sink" classname="staticCodeAnalysis">
        
        <failure message="ESLint security rule violation: security/detect-object-injection">
            Location: {"file":"/root/repo/src/reliability/ResilienceManager.js","line":635,"column":7}
            Remediation: Fix the security issue identified by rule security/detect-object-injection
        </failure>
    </testcase>
    <testcase name="Generic Object Injection Sink" classname="staticCodeAnalysis">
        
        <failure message="ESLint security rule violation: security/detect-object-injection">
            Location: {"file":"/root/repo/src/repositories/BaseRepository.js","line":355,"column":9}
            Remediation: Fix the security issue identified by rule security/detect-object-injection
        </failure>
    </testcase>
    <testcase name="Generic Object Injection Sink" classname="staticCodeAnalysis">
        
        <failure message="ESLint security rule violation: security/detect-object-injection">
            Location: {"file":"/root/repo/src/repositories/BaseRepository.js","line":357,"column":9}
            Remediation: Fix the security issue identified by rule security/detect-object-injection
        </failure>
    </testcase>
    <testcase name="Generic Object Injection Sink" classname="staticCodeAnalysis">
        
        <failure message="ESLint security rule violation: security/detect-object-injection">
            Location: {"file":"/root/repo/src/resilience/RetryHandler.js","line":719,"column":26}
            Remediation: Fix the security issue identified by rule security/detect-object-injection
        </failure>
    </testcase>
    <testcase name="Variable Assigned to Object Injection Sink" classname="staticCodeAnalysis">
        
        <failure message="ESLint security rule violation: security/detect-object-injection">
            Location: {"file":"/root/repo/src/scaling/AdvancedAutoScaler.js","line":271,"column":29}
            Remediation: Fix the security issue identified by rule security/detect-object-injection
        </failure>
    </testcase>
    <testcase name="Generic Object Injection Sink" classname="staticCodeAnalysis">
        
        <failure message="ESLint security rule violation: security/detect-object-injection">
            Location: {"file":"/root/repo/src/scaling/AutoScalingManager.js","line":611,"column":55}
            Remediation: Fix the security issue identified by rule security/detect-object-injection
        </failure>
    </testcase>
    <testcase name="Generic Object Injection Sink" classname="staticCodeAnalysis">
        
        <failure message="ESLint security rule violation: security/detect-object-injection">
            Location: {"file":"/root/repo/src/scaling/AutoScalingManager.js","line":657,"column":7}
            Remediation: Fix the security issue identified by rule security/detect-object-injection
        </failure>
    </testcase>
    <testcase name="Generic Object Injection Sink" classname="staticCodeAnalysis">
        
        <failure message="ESLint security rule violation: security/detect-object-injection">
            Location: {"file":"/root/repo/src/scaling/AutoScalingManager.js","line":657,"column":52}
            Remediation: Fix the security issue identified by rule security/detect-object-injection
        </failure>
    </testcase>
    <testcase name="Variable Assigned to Object Injection Sink" classname="staticCodeAnalysis">
        
        <failure message="ESLint security rule violation: security/detect-object-injection">
            Location: {"file":"/root/repo/src/scaling/QuantumLoadBalancer.js","line":282,"column":27}
            Remediation: Fix the security issue identified by rule security/detect-object-injection
        </failure>
    </testcase>
    <testcase name="Variable Assigned to Object Injection Sink" classname="staticCodeAnalysis">
        
        <failure message="ESLint security rule violation: security/detect-object-injection">
            Location: {"file":"/root/repo/src/scaling/QuantumLoadBalancer.js","line":283,"column":27}
            Remediation: Fix the security issue identified by rule security/detect-object-injection
        </failure>
    </testcase>
    <testcase name="Generic Object Injection Sink" classname="staticCodeAnalysis">
        
        <failure message="ESLint security rule violation: security/detect-object-injection">
            Location: {"file":"/root/repo/src/security/QuantumSecurityManager.js","line":272,"column":9}
            Remediation: Fix the security issue identified by rule security/detect-object-injection
        </failure>
    </testcase>
    <testcase name="Generic Object Injection Sink" classname="staticCodeAnalysis">
        
        <failure message="ESLint security rule violation: security/detect-object-injection">
            Location: {"file":"/root/repo/src/security/QuantumSecurityManager.js","line":279,"column":9}
            Remediation: Fix the security issue identified by rule security/detect-object-injection
        </failure>
    </testcase>
    <testcase name="Generic Object Injection Sink" classname="staticCodeAnalysis">
        
        <failure message="ESLint security rule violation: security/detect-object-injection">
            Location: {"file":"/root/repo/src/security/QuantumSecurityManager.js","line":410,"column":7}
            Remediation: Fix the security issue identified by rule security/detect-object-injection
        </failure>
    </testcase>
    <testcase name="Generic Object Injection Sink" classname="staticCodeAnalysis">
        
        <failure message="ESLint security rule violation: security/detect-object-injection">
            Location: {"file":"/root/repo/src/security/QuantumSecurityManager.js","line":410,"column":23}
            Remediation: Fix the security issue identified by rule security/detect-object-injection
        </failure>
    </testcase>
    <testcase name="Generic Object Injection Sink" classname="staticCodeAnalysis">
        
        <failure message="ESLint security rule violation: security/detect-object-injection">
            Location: {"file":"/root/repo/src/security/QuantumSecurityManager.js","line":410,"column":46}
            Remediation: Fix the security issue identified by rule security/detect-object-injection
        </failure>
    </testcase>
    <testcase name="Generic Object Injection Sink" classname="staticCodeAnalysis">
        
        <failure message="ESLint security rule violation: security/detect-object-injection">
            Location: {"file":"/root/repo/src/security/SecurityHardening.js","line":73,"column":65}
            Remediation: Fix the security issue identified by rule security/detect-object-injection
        </failure>
    </testcase>
    <testcase name="Unsafe Regular Expression" classname="staticCodeAnalysis">
        
        <failure message="ESLint security rule violation: security/detect-unsafe-regex">
            Location: {"file":"/root/repo/src/security/SecurityHardening.js","line":138,"column":22}
            Remediation: Fix the security issue identified by rule security/detect-unsafe-regex
        </failure>
    </testcase>
    <testcase name="Generic Object Injection Sink" classname="staticCodeAnalysis">
        
        <failure message="ESLint security rule violation: security/detect-object-injection">
            Location: {"file":"/root/repo/src/security/SecurityHardening.js","line":146,"column":13}
            Remediation: Fix the security issue identified by rule security/detect-object-injection
        </failure>
    </testcase>
    <testcase name="Generic Object Injection Sink" classname="staticCodeAnalysis">
        
        <failure message="ESLint security rule violation: security/detect-object-injection">
            Location: {"file":"/root/repo/src/security/SecurityHardening.js","line":177,"column":15}
            Remediation: Fix the security issue identified by rule security/detect-object-injection
        </failure>
    </testcase>
    <testcase name="Generic Object Injection Sink" classname="staticCodeAnalysis">
        
        <failure message="ESLint security rule violation: security/detect-object-injection">
            Location: {"file":"/root/repo/src/security/SecurityHardening.js","line":179,"column":15}
            Remediation: Fix the security issue identified by rule security/detect-object-injection
        </failure>
    </testcase>
    <testcase name="Generic Object Injection Sink" classname="staticCodeAnalysis">
        
        <failure message="ESLint security rule violation: security/detect-object-injection">
            Location: {"file":"/root/repo/src/security/SecurityHardening.js","line":307,"column":7}
            Remediation: Fix the security issue identified by rule security/detect-object-injection
        </failure>
    </testcase>
    <testcase name="Generic Object Injection Sink" classname="staticCodeAnalysis">
        
        <failure message="ESLint security rule violation: security/detect-object-injection">
            Location: {"file":"/root/repo/src/security/SecurityHardening.js","line":308,"column":7}
            Remediation: Fix the security issue identified by rule security/detect-object-injection
        </failure>
    </testcase>
    <testcase name="Generic Object Injection Sink" classname="staticCodeAnalysis">
        
        <failure message="ESLint security rule violation: security/detect-object-injection">
            Location: {"file":"/root/repo/src/security/SecurityHardening.js","line":368,"column":12}
            Remediation: Fix the security issue identified by rule security/detect-object-injection
        </failure>
    </testcase>
    <testcase name="Generic Object Injection Sink" classname="staticCodeAnalysis">
        
        <failure message="ESLint security rule violation: security/detect-object-injection">
            Location: {"file":"/root/repo/src/services/NeptuneService.js","line":423,"column":9}
            Remediation: Fix the security issue identified by rule security/detect-object-injection
        </failure>
    </testcase>
    <testcase name="Generic Object Injection Sink" classname="staticCodeAnalysis">
        
        <failure message="ESLint security rule violation: security/detect-object-injection">
            Location: {"file":"/root/repo/src/services/NeptuneService.js","line":425,"column":9}
            Remediation: Fix the security issue identified by rule security/detect-object-injection
        </failure>
    </testcase>
    <testcase name="Generic Object Injection Sink" classname="staticCodeAnalysis">
        
        <failure message="ESLint security rule violation: security/detect-object-injection">
            Location: {"file":"/root/repo/src/services/NeptuneService.js","line":554,"column":9}
            Remediation: Fix the security issue identified by rule security/detect-object-injection
        </failure>
    </testcase>
    <testcase name="Generic Object Injection Sink" classname="staticCodeAnalysis">
        
        <failure message="ESLint security rule violation: security/detect-object-injection">
            Location: {"file":"/root/repo/src/services/NeptuneService.js","line":556,"column":9}
            Remediation: Fix the security issue identified by rule security/detect-object-injection
        </failure>
    </testcase>
    <testcase name="Generic Object Injection Sink" classname="staticCodeAnalysis">
        
        <failure message="ESLint security rule violation: security/detect-object-injection">
            Location: {"file":"/root/repo/src/services/NeptuneService.js","line":594,"column":9}
            Remediation: Fix the security issue identified by rule security/detect-object-injection
        </failure>
    </testcase>
    <testcase name="Generic Object Injection Sink" classname="staticCodeAnalysis">
        
        <failure message="ESLint security rule violation: security/detect-object-injection">
            Location: {"file":"/root/repo/src/services/NeptuneService.js","line":596,"column":9}
            Remediation: Fix the security issue identified by rule security/detect-object-injection
        </failure>
    </testcase>
    <testcase name="Generic Object Injection Sink" classname="staticCodeAnalysis">
        
        <failure message="ESLint security rule violation: security/detect-object-injection">
            Location: {"file":"/root/repo/src/services/SecurityAnalysisService.js","line":325,"column":9}
            Remediation: Fix the security issue identified by rule security/detect-object-injection
        </failure>
    </testcase>
    <testcase name="Generic Object Injection Sink" classname="staticCodeAnalysis">
        
        <failure message="ESLint security rule violation: security/detect-object-injection">
            Location: {"file":"/root/repo/src/utils/errorHandler.js","line":399,"column":7}
            Remediation: Fix the security issue identified by rule security/detect-object-injection
        </failure>
    </testcase>
    <testcase name="Function Call Object Injection Sink" classname="staticCodeAnalysis">
        
        <failure message="ESLint security rule violation: security/detect-object-injection">
            Location: {"file":"/root/repo/src/utils/helpers.js","line":70,"column":20}
            Remediation: Fix the security issue identified by rule security/detect-object-injection
        </failure>
    </testcase>
    <testcase name="Function Call Object Injection Sink" classname="staticCodeAnalysis">
        
        <failure message="ESLint security rule violation: security/detect-object-injection">
            Location: {"file":"/root/repo/src/utils/helpers.js","line":70,"column":45}
            Remediation: Fix the security issue identified by rule security/detect-object-injection
        </failure>
    </testcase>
    <testcase name="Generic Object Injection Sink" classname="staticCodeAnalysis">
        
        <failure message="ESLint security rule violation: security/detect-object-injection">
            Location: {"file":"/root/repo/src/utils/helpers.js","line":71,"column":9}
            Remediation: Fix the security issue identified by rule security/detect-object-injection
        </failure>
    </testcase>
    <testcase name="Function Call Object Injection Sink" classname="staticCodeAnalysis">
        
        <failure message="ESLint security rule violation: security/detect-object-injection">
            Location: {"file":"/root/repo/src/utils/helpers.js","line":71,"column":33}
            Remediation: Fix the security issue identified by rule security/detect-object-injection
        </failure>
    </testcase>
    <testcase name="Function Call Object Injection Sink" classname="staticCodeAnalysis">
        
        <failure message="ESLint security rule violation: security/detect-object-injection">
            Location: {"file":"/root/repo/src/utils/helpers.js","line":71,"column":46}
            Remediation: Fix the security issue identified by rule security/detect-object-injection
        </failure>
    </testcase>
    <testcase name="Generic Object Injection Sink" classname="staticCodeAnalysis">
        
        <failure message="ESLint security rule violation: security/detect-object-injection">
            Location: {"file":"/root/repo/src/utils/helpers.js","line":73,"column":9}
            Remediation: Fix the security issue identified by rule security/detect-object-injection
        </failure>
    </testcase>
    <testcase name="Generic Object Injection Sink" classname="staticCodeAnalysis">
        
        <failure message="ESLint security rule violation: security/detect-object-injection">
            Location: {"file":"/root/repo/src/utils/helpers.js","line":73,"column":23}
            Remediation: Fix the security issue identified by rule security/detect-object-injection
        </failure>
    </testcase>
    <testcase name="Generic Object Injection Sink" classname="staticCodeAnalysis">
        
        <failure message="ESLint security rule violation: security/detect-object-injection">
            Location: {"file":"/root/repo/src/utils/helpers.js","line":124,"column":67}
            Remediation: Fix the security issue identified by rule security/detect-object-injection
        </failure>
    </testcase>
    <testcase name="Variable Assigned to Object Injection Sink" classname="staticCodeAnalysis">
        
        <failure message="ESLint security rule violation: security/detect-object-injection">
            Location: {"file":"/root/repo/src/validation/SecurityValidator.js","line":897,"column":22}
            Remediation: Fix the security issue identified by rule security/detect-object-injection
        </failure>
    </testcase>
    <testcase name="Generic Object Injection Sink" classname="staticCodeAnalysis">
        
        <failure message="ESLint security rule violation: security/detect-object-injection">
            Location: {"file":"/root/repo/src/validation/SecurityValidator.js","line":966,"column":11}
            Remediation: Fix the security issue identified by rule security/detect-object-injection
        </failure>
    </testcase>
    <testcase name="Generic Object Injection Sink" classname="staticCodeAnalysis">
        
        <failure message="ESLint security rule violation: security/detect-object-injection">
            Location: {"file":"/root/repo/src/validation/SecurityValidator.js","line":973,"column":12}
            Remediation: Fix the security issue identified by rule security/detect-object-injection
        </failure>
    </testcase>
    <testcase name="Unsafe Regular Expression" classname="staticCodeAnalysis">
        
        <failure message="ESLint security rule violation: security/detect-unsafe-regex">
            Location: {"file":"/root/repo/src/validation/SecurityValidator.js","line":1022,"column":23}
            Remediation: Fix the security issue identified by rule security/detect-unsafe-regex
        </failure>
    </testcase>
    <testcase name="Generic Object Injection Sink" classname="staticCodeAnalysis">
        
        <failure message="ESLint security rule violation: security/detect-object-injection">
            Location: {"file":"/root/repo/src/validation/SecurityValidator.js","line":1043,"column":11}
            Remediation: Fix the security issue identified by rule security/detect-object-injection
        </failure>
    </testcase>
    <testcase name="Generic Object Injection Sink" classname="staticCodeAnalysis">
        
        <failure message="ESLint security rule violation: security/detect-object-injection">
            Location: {"file":"/root/repo/src/validation/SecurityValidator.js","line":1047,"column":11}
            Remediation: Fix the security issue identified by rule security/detect-object-injection
        </failure>
    </testcase>
    <testcase name="Potential AWS Secret Key detected" classname="secretsDetection">
        
        <failure message="Potential hardcoded aws secret key found in source code">
            Location: {"file":"docker-compose.yml","line":134}
            Remediation: Move secret to environment variables or secure secret management system
        </failure>
    </testcase>
    <testcase name="Potential AWS Secret Key detected" classname="secretsDetection">
        
        <failure message="Potential hardcoded aws secret key found in source code">
            Location: {"file":"docs/workflows/examples/security-scan.yml","line":260}
            Remediation: Move secret to environment variables or secure secret management system
        </failure>
    </testcase>
    <testcase name="Potential Generic Secret detected" classname="secretsDetection">
        
        <failure message="Potential hardcoded generic secret found in source code">
            Location: {"file":"feature-flags.config.js","line":27}
            Remediation: Move secret to environment variables or secure secret management system
        </failure>
    </testcase>
    <testcase name="Potential Generic Secret detected" classname="secretsDetection">
        
        <failure message="Potential hardcoded generic secret found in source code">
            Location: {"file":"feature-flags.config.js","line":71}
            Remediation: Move secret to environment variables or secure secret management system
        </failure>
    </testcase>
    <testcase name="Potential Generic Secret detected" classname="secretsDetection">
        
        <failure message="Potential hardcoded generic secret found in source code">
            Location: {"file":"feature-flags.config.js","line":97}
            Remediation: Move secret to environment variables or secure secret management system
        </failure>
    </testcase>
    <testcase name="Potential Generic Secret detected" classname="secretsDetection">
        
        <failure message="Potential hardcoded generic secret found in source code">
            Location: {"file":"feature-flags.config.js","line":131}
            Remediation: Move secret to environment variables or secure secret management system
        </failure>
    </testcase>
    <testcase name="Potential Generic Secret detected" classname="secretsDetection">
        
        <failure message="Potential hardcoded generic secret found in source code">
            Location: {"file":"feature-flags.config.js","line":155}
            Remediation: Move secret to environment variables or secure secret management system
        </failure>
    </testcase>
    <testcase name="Potential Generic Secret detected" classname="secretsDetection">
        
        <failure message="Potential hardcoded generic secret found in source code">
            Location: {"file":"feature-flags.config.js","line":187}
            Remediation: Move secret to environment variables or secure secret management system
        </failure>
    </testcase>
    <testcase name="Potential Generic Secret detected" classname="secretsDetection">
        
        <failure message="Potential hardcoded generic secret found in source code">
            Location: {"file":"feature-flags.config.js","line":216}
            Remediation: Move secret to environment variables or secure secret management system
        </failure>
    </testcase>
    <testcase name="Potential AWS Secret Key detected" classname="secretsDetection">
        
        <failure message="Potential hardcoded aws secret key found in source code">
            Location: {"file":"package-lock.json","line":38}
            Remediation: Move secret to environment variables or secure secret management system
        </failure>
    </testcase>
    <testcase name="Potential AWS Secret Key detected" classname="secretsDetection">
        
        <failure message="Potential hardcoded aws secret key found in source code">
            Location: {"file":"package-lock.json","line":52}
            Remediation: Move secret to environment variables or secure secret management system
        </failure>
    </testcase>
    <testcase name="Potential AWS Secret Key detected" classname="secretsDetection">
        
        <failure message="Potential hardcoded aws secret key found in source code">
            Location: {"file":"package-lock.json","line":67}
            Remediation: Move secret to environment variables or secure secret management system
        </failure>
    </testcase>
    <testcase name="Potential AWS Secret Key detected" classname="secretsDetection">
        
        <failure message="Potential hardcoded aws secret key found in source code">
            Location: {"file":"package-lock.json","line":77}
            Remediation: Move secret to environment variables or secure secret management system
        </failure>
    </testcase>
    <testcase name="Potential AWS Secret Key detected" classname="secretsDetection">
        
        <failure message="Potential hardcoded aws secret key found in source code">
            Location: {"file":"package-lock.json","line":108}
            Remediation: Move secret to environment variables or secure secret management system
        </failure>
    </testcase>
[...]
        </failure>
    </testcase>
    <testcase name="Potential AWS Secret Key detected" classname="secretsDetection">
        
        <failure message="Potential hardcoded aws secret key found in source code">
            Location: {"file":"security-reports/scan-1755578534076-6b2ec083-consolidated-report.json","line":1979}
            Remediation: Move secret to environment variables or secure secret management system
        </failure>
    </testcase>
    <testcase name="Potential AWS Secret Key detected" classname="secretsDetection">
        
        <failure message="Potential hardcoded aws secret key found in source code">
            Location: {"file":"security-reports/scan-1755578534076-6b2ec083-consolidated-report.json","line":1985}
            Remediation: Move secret to environment variables or secure secret management system
        </failure>
    </testcase>
    <testcase name="Potential AWS Secret Key detected" classname="secretsDetection">
        
        <failure message="Potential hardcoded aws secret key found in source code">
            Location: {"file":"security-reports/scan-1755578534076-6b2ec083-consolidated-report.json","line":1995}
            Remediation: Move secret to environment variables or secure secret management system
        </failure>
    </testcase>
    <testcase name="Potential AWS Secret Key detected" classname="secretsDetection">
        
        <failure message="Potential hardcoded aws secret key found in source code">
            Location: {"file":"security-reports/scan-1755578534076-6b2ec083-consolidated-report.json","line":2001}
            Remediation: Move secret to environment variables or secure secret management system
        </failure>
    </testcase>
    <testcase name="Potential AWS Secret Key detected" classname="secretsDetection">
        
        <failure message="Potential hardcoded aws secret key found in source code">
            Location: {"file":"security-reports/scan-1755578534076-6b2ec083-consolidated-report.json","line":2011}
            Remediation: Move secret to environment variables or secure secret management system
        </failure>
    </testcase>
    <testcase name="Potential AWS Secret Key detected" classname="secretsDetection">
        
        <failure message="Potential hardcoded aws secret key found in source code">
            Location: {"file":"security-reports/scan-1755578534076-6b2ec083-consolidated-report.json","line":2017}
            Remediation: Move secret to environment variables or secure secret management system
        </failure>
    </testcase>
    <testcase name="Potential AWS Secret Key detected" classname="secretsDetection">
        
        <failure message="Potential hardcoded aws secret key found in source code">
            Location: {"file":"security-reports/scan-1755578534076-6b2ec083-consolidated-report.json","line":2027}
            Remediation: Move secret to environment variables or secure secret management system
        </failure>
    </testcase>
    <testcase name="Potential AWS Secret Key detected" classname="secretsDetection">
        
        <failure message="Potential hardcoded aws secret key found in source code">
            Location: {"file":"security-reports/scan-1755578534076-6b2ec083-consolidated-report.json","line":2033}
            Remediation: Move secret to environment variables or secure secret management system
        </failure>
    </testcase>
    <testcase name="Potential AWS Secret Key detected" classname="secretsDetection">
        
        <failure message="Potential hardcoded aws secret key found in source code">
            Location: {"file":"security-reports/scan-1755578534076-6b2ec083-consolidated-report.json","line":2043}
            Remediation: Move secret to environment variables or secure secret management system
        </failure>
    </testcase>
    <testcase name="Potential AWS Secret Key detected" classname="secretsDetection">
        
        <failure message="Potential hardcoded aws secret key found in source code">
            Location: {"file":"security-reports/scan-1755578534076-6b2ec083-consolidated-report.json","line":2049}
            Remediation: Move secret to environment variables or secure secret management system
        </failure>
    </testcase>
    <testcase name="Potential AWS Secret Key detected" classname="secretsDetection">
        
        <failure message="Potential hardcoded aws secret key found in source code">
            Location: {"file":"security-reports/scan-1755578534076-6b2ec083-consolidated-report.json","line":2059}
            Remediation: Move secret to environment variables or secure secret management system
        </failure>
    </testcase>
    <testcase name="Potential AWS Secret Key detected" classname="secretsDetection">
        
        <failure message="Potential hardcoded aws secret key found in source code">
            Location: {"file":"security-reports/scan-1755578534076-6b2ec083-consolidated-report.json","line":2065}
            Remediation: Move secret to environment variables or secure secret management system
        </failure>
    </testcase>
    <testcase name="Potential AWS Secret Key detected" classname="secretsDetection">
        
        <failure message="Potential hardcoded aws secret key found in source code">
            Location: {"file":"security-reports/scan-1755578534076-6b2ec083-consolidated-report.json","line":2091}
            Remediation: Move secret to environment variables or secure secret management system
        </failure>
    </testcase>
    <testcase name="Potential AWS Secret Key detected" classname="secretsDetection">
        
        <failure message="Potential hardcoded aws secret key found in source code">
            Location: {"file":"security-reports/scan-1755578534076-6b2ec083-consolidated-report.json","line":2097}
            Remediation: Move secret to environment variables or secure secret management system
        </failure>
    </testcase>
    <testcase name="Potential AWS Secret Key detected" classname="secretsDetection">
        
        <failure message="Potential hardcoded aws secret key found in source code">
            Location: {"file":"security-reports/scan-1755578534076-6b2ec083-consolidated-report.json","line":2107}
            Remediation: Move secret to environment variables or secure secret management system
        </failure>
    </testcase>
    <testcase name="Potential AWS Secret Key detected" classname="secretsDetection">
        
        <failure message="Potential hardcoded aws secret key found in source code">
            Location: {"file":"security-reports/scan-1755578534076-6b2ec083-consolidated-report.json","line":2113}
            Remediation: Move secret to environment variables or secure secret management system
        </failure>
    </testcase>
    <testcase name="Potential AWS Secret Key detected" classname="secretsDetection">
        
        <failure message="Potential hardcoded aws secret key found in source code">
            Location: {"file":"security-reports/scan-1755578534076-6b2ec083-consolidated-report.json","line":2123}
            Remediation: Move secret to environment variables or secure secret management system
        </failure>
    </testcase>
    <testcase name="Potential AWS Secret Key detected" classname="secretsDetection">
        
        <failure message="Potential hardcoded aws secret key found in source code">
            Location: {"file":"security-reports/scan-1755578534076-6b2ec083-consolidated-report.json","line":2129}
            Remediation: Move secret to environment variables or secure secret management system
        </failure>
    </testcase>
    <testcase name="Potential AWS Secret Key detected" classname="secretsDetection">
        
        <failure message="Potential hardcoded aws secret key found in source code">
            Location: {"file":"security-reports/scan-1755578534076-6b2ec083-consolidated-report.json","line":2139}
            Remediation: Move secret to environment variables or secure secret management system
        </failure>
    </testcase>
    <testcase name="Potential AWS Secret Key detected" classname="secretsDetection">
        
        <failure message="Potential hardcoded aws secret key found in source code">
            Location: {"file":"security-reports/scan-1755578534076-6b2ec083-consolidated-report.json","line":2145}
            Remediation: Move secret to environment variables or secure secret management system
        </failure>
    </testcase>
    <testcase name="Potential AWS Secret Key detected" classname="secretsDetection">
        
        <failure message="Potential hardcoded aws secret key found in source code">
            Location: {"file":"security-reports/scan-1755578534076-6b2ec083-consolidated-report.json","line":2155}
            Remediation: Move secret to environment variables or secure secret management system
        </failure>
    </testcase>
    <testcase name="Potential AWS Secret Key detected" classname="secretsDetection">
        
        <failure message="Potential hardcoded aws secret key found in source code">
            Location: {"file":"security-reports/scan-1755578534076-6b2ec083-consolidated-report.json","line":2161}
            Remediation: Move secret to environment variables or secure secret management system
        </failure>
    </testcase>
    <testcase name="Potential AWS Secret Key detected" classname="secretsDetection">
        
        <failure message="Potential hardcoded aws secret key found in source code">
            Location: {"file":"security-reports/scan-1755578534076-6b2ec083-consolidated-report.json","line":2171}
            Remediation: Move secret to environment variables or secure secret management system
        </failure>
    </testcase>
    <testcase name="Potential AWS Secret Key detected" classname="secretsDetection">
        
        <failure message="Potential hardcoded aws secret key found in source code">
            Location: {"file":"security-reports/scan-1755578534076-6b2ec083-consolidated-report.json","line":2177}
            Remediation: Move secret to environment variables or secure secret management system
        </failure>
    </testcase>
    <testcase name="Potential AWS Secret Key detected" classname="secretsDetection">
        
        <failure message="Potential hardcoded aws secret key found in source code">
            Location: {"file":"security-reports/scan-1755578534076-6b2ec083-consolidated-report.json","line":2187}
            Remediation: Move secret to environment variables or secure secret management system
        </failure>
    </testcase>
    <testcase name="Potential AWS Secret Key detected" classname="secretsDetection">
        
        <failure message="Potential hardcoded aws secret key found in source code">
            Location: {"file":"security-reports/scan-1755578534076-6b2ec083-consolidated-report.json","line":2193}
            Remediation: Move secret to environment variables or secure secret management system
        </failure>
    </testcase>
    <testcase name="Potential AWS Secret Key detected" classname="secretsDetection">
        
        <failure message="Potential hardcoded aws secret key found in source code">
            Location: {"file":"security-reports/scan-1755578534076-6b2ec083-consolidated-report.json","line":2203}
            Remediation: Move secret to environment variables or secure secret management system
        </failure>
    </testcase>
    <testcase name="Potential AWS Secret Key detected" classname="secretsDetection">
        
        <failure message="Potential hardcoded aws secret key found in source code">
            Location: {"file":"security-reports/scan-1755578534076-6b2ec083-consolidated-report.json","line":2209}
            Remediation: Move secret to environment variables or secure secret management system
        </failure>
    </testcase>
    <testcase name="Potential AWS Secret Key detected" classname="secretsDetection">
        
        <failure message="Potential hardcoded aws secret key found in source code">
            Location: {"file":"security-reports/scan-1755578534076-6b2ec083-consolidated-report.json","line":2219}
            Remediation: Move secret to environment variables or secure secret management system
        </failure>
    </testcase>
    <testcase name="Potential AWS Secret Key detected" classname="secretsDetection">
        
        <failure message="Potential hardcoded aws secret key found in source code">
            Location: {"file":"security-reports/scan-1755578534076-6b2ec083-consolidated-report.json","line":2225}
            Remediation: Move secret to environment variables or secure secret management system
        </failure>
    </testcase>
    <testcase name="Potential AWS Secret Key detected" classname="secretsDetection">
        
        <failure message="Potential hardcoded aws secret key found in source code">
            Location: {"file":"security-reports/scan-1755578534076-6b2ec083-consolidated-report.json","line":2235}
            Remediation: Move secret to environment variables or secure secret management system
        </failure>
    </testcase>
    <testcase name="Potential AWS Secret Key detected" classname="secretsDetection">
        
        <failure message="Potential hardcoded aws secret key found in source code">
            Location: {"file":"security-reports/scan-1755578534076-6b2ec083-consolidated-report.json","line":2241}
            Remediation: Move secret to environment variables or secure secret management system
        </failure>
    </testcase>
    <testcase name="Potential AWS Secret Key detected" classname="secretsDetection">
        
        <failure message="Potential hardcoded aws secret key found in source code">
            Location: {"file":"security-reports/scan-1755578534076-6b2ec083-consolidated-report.json","line":2347}
            Remediation: Move secret to environment variables or secure secret management system
        </failure>
    </testcase>
    <testcase name="Potential AWS Secret Key detected" classname="secretsDetection">
        
        <failure message="Potential hardcoded aws secret key found in source code">
            Location: {"file":"security-reports/scan-1755578534076-6b2ec083-consolidated-report.json","line":2353}
            Remediation: Move secret to environment variables or secure secret management system
        </failure>
    </testcase>
    <testcase name="Potential AWS Secret Key detected" classname="secretsDetection">
        
        <failure message="Potential hardcoded aws secret key found in source code">
            Location: {"file":"security-reports/scan-1755578534076-6b2ec083-consolidated-report.json","line":2507}
            Remediation: Move secret to environment variables or secure secret management system
        </failure>
    </testcase>
    <testcase name="Potential AWS Secret Key detected" classname="secretsDetection">
        
        <failure message="Potential hardcoded aws secret key found in source code">
            Location: {"file":"security-reports/scan-1755578534076-6b2ec083-consolidated-report.json","line":2513}
            Remediation: Move secret to environment variables or secure secret management system
        </failure>
    </testcase>
    <testcase name="Potential AWS Secret Key detected" classname="secretsDetection">
        
        <failure message="Potential hardcoded aws secret key found in source code">
            Location: {"file":"security-reports/scan-1755578534076-6b2ec083-consolidated-report.json","line":2523}
            Remediation: Move secret to environment variables or secure secret management system
        </failure>
    </testcase>
    <testcase name="Potential AWS Secret Key detected" classname="secretsDetection">
        
        <failure message="Potential hardcoded aws secret key found in source code">
            Location: {"file":"security-reports/scan-1755578534076-6b2ec083-consolidated-report.json","line":2529}
            Remediation: Move secret to environment variables or secure secret management system
        </failure>
    </testcase>
    <testcase name="Potential AWS Secret Key detected" classname="secretsDetection">
        
        <failure message="Potential hardcoded aws secret key found in source code">
            Location: {"file":"security-reports/scan-1755578534076-6b2ec083-consolidated-report.json","line":2539}
            Remediation: Move secret to environment variables or secure secret management system
        </failure>
    </testcase>
    <testcase name="Potential AWS Secret Key detected" classname="secretsDetection">
        
        <failure message="Potential hardcoded aws secret key found in source code">
            Location: {"file":"security-reports/scan-1755578534076-6b2ec083-consolidated-report.json","line":2545}
            Remediation: Move secret to environment variables or secure secret management system
        </failure>
    </testcase>
    <testcase name="Potential AWS Secret Key detected" classname="secretsDetection">
        
        <failure message="Potential hardcoded aws secret key found in source code">
            Location: {"file":"security-reports/scan-1755578534076-6b2ec083-consolidated-report.json","line":2555}
            Remediation: Move secret to environment variables or secure secret management system
        </failure>
    </testcase>
    <testcase name="Potential AWS Secret Key detected" classname="secretsDetection">
        
        <failure message="Potential hardcoded aws secret key found in source code">
            Location: {"file":"security-reports/scan-1755578534076-6b2ec083-consolidated-report.json","line":2561}
            Remediation: Move secret to environment variables or secure secret management system
        </failure>
    </testcase>
    <testcase name="Potential AWS Secret Key detected" classname="secretsDetection">
        
        <failure message="Potential hardcoded aws secret key found in source code">
            Location: {"file":"security-reports/scan-1755578534076-6b2ec083-consolidated-report.json","line":2571}
            Remediation: Move secret to environment variables or secure secret management system
        </failure>
    </testcase>
    <testcase name="Potential AWS Secret Key detected" classname="secretsDetection">
        
        <failure message="Potential hardcoded aws secret key found in source code">
            Location: {"file":"security-reports/scan-1755578534076-6b2ec083-consolidated-report.json","line":2577}
            Remediation: Move secret to environment variables or secure secret management system
        </failure>
    </testcase>
    <testcase name="Potential AWS Secret Key detected" classname="secretsDetection">
        
        <failure message="Potential hardcoded aws secret key found in source code">
            Location: {"file":"security-reports/scan-1755578534076-6b2ec083-consolidated-report.json","line":2587}
            Remediation: Move secret to environment variables or secure secret management system
        </failure>
    </testcase>
    <testcase name="Potential AWS Secret Key detected" classname="secretsDetection">
        
        <failure message="Potential hardcoded aws secret key found in source code">
            Location: {"file":"security-reports/scan-1755578534076-6b2ec083-consolidated-report.json","line":2593}
            Remediation: Move secret to environment variables or secure secret management system
        </failure>
    </testcase>
    <testcase name="Potential AWS Secret Key detected" classname="secretsDetection">
        
        <failure message="Potential hardcoded aws secret key found in source code">
            Location: {"file":"src/index.js","line":18}
            Remediation: Move secret to environment variables or secure secret management system
        </failure>
    </testcase>
</testsuite>